2019-07-24 17:00:36,665|I|Thread-1|(DELAYED) nexial-core dev_0580 starting up...
2019-07-24 17:00:36,681|I|Thread-1|(DELAYED) data file resolved as C:\Users\SHAGUF~1.NIS\AppData\Local\Temp\MedUC\WebAutomation.data.xlsx
2019-07-24 17:00:36,681|I|Thread-1|(DELAYED) input files and output directory resolved...
2019-07-24 17:00:36,681|I|Thread-1|(DELAYED) No predefined nexial-setup found
2019-07-24 17:00:36,681|I|Thread-1|(DELAYED) [20190724_170036] [C:\projects\WebAutomation\artifact\script\WebAutomation.xlsx] resolve RUN ID as 20190724_170036
2019-07-24 17:00:36,681|I|Thread-1|(DELAYED) [20190724_170036] [C:\projects\WebAutomation\artifact\script\WebAutomation.xlsx] new thread started
2019-07-24 17:00:36,681|I|Thread-1|No predefined nexial-setup found
2019-07-24 17:00:36,774|I|Thread-1|outputBase not set; output-to-cloud DISABLED!
2019-07-24 17:00:36,774|I|Thread-1|accessKey not set; output-to-cloud DISABLED!
2019-07-24 17:00:36,774|I|Thread-1|secretKey not set; output-to-cloud DISABLED!
2019-07-24 17:00:36,806|I|Thread-1|missing REQUIRED configuration; sms DISABLED!
2019-07-24 17:00:37,618|I|Thread-1|[20190724_170036] executing C:\projects\WebAutomation\artifact\script\WebAutomation.xlsx with 1 iteration(s)
2019-07-24 17:00:37,618|I|Thread-1|[20190724_170036] create directory C:\projects\WebAutomation\output\20190724_170036\captures
2019-07-24 17:00:37,618|I|Thread-1|[20190724_170036] create directory C:\projects\WebAutomation\output\20190724_170036\logs
2019-07-24 17:00:39,087|I|Thread-1|[20190724_170036] merging test data to tmp file C:\projects\WebAutomation\output\20190724_170036\WebAutomation.20190724_170037.001.xlsx
2019-07-24 17:00:39,087|I|Thread-1|refetching data from C:\projects\WebAutomation\artifact\data\WebAutomation.data.xlsx
2019-07-24 17:00:39,352|I|Thread-1|[20190724_170036] test script and test data merged to C:\projects\WebAutomation\output\20190724_170036\WebAutomation.20190724_170037.001.xlsx
2019-07-24 17:00:39,977|I|Thread-1|STARTS
2019-07-24 17:00:39,993|I|Thread-1|WebAutomation.20190724_170037.001 - executing iteration #1 of 1; Iteration Id 1
2019-07-24 17:00:40,009|I|Thread-1|WebAutomation.20190724_170037.001|S2 - executing test scenario
2019-07-24 17:00:40,009|I|Thread-1|WebAutomation.20190724_170037.001|S2|Activity 1 - executing activity
2019-07-24 17:00:40,618|I|Thread-1|WebAutomation.20190724_170037.001|S2|Activity 1|#  5|web.open(url) - executing open(url)(https://www.google.com/)
2019-07-24 17:00:40,618|I|Thread-1|No valid instance of webdriver, initializing...
2019-07-24 17:00:40,618|I|Thread-1|init chrome
2019-07-24 17:00:46,800|I|Thread-1|browser initialization completed for 'chrome'
2019-07-24 17:00:46,847|I|Thread-1|setting browser polling wait time to 800 ms
2019-07-24 17:00:46,863|I|Thread-1|setting browser page load timeout to 10000 ms
2019-07-24 17:00:49,148|I|Thread-1|current browser window handle:CDwindow-5C208CA26E9800F672A927CC2CFB7DF6
2019-07-24 17:00:49,210|I|Thread-1|WebAutomation.20190724_170037.001|S2|Activity 1|#  5|web.open(url) - PASS opened URL https://www.google.com/
2019-07-24 17:00:49,823|I|Thread-1|WebAutomation.20190724_170037.001|S2|Activity 1|#  6|web.assertTitle(text) - executing assertTitle(text)(Google)
2019-07-24 17:00:49,851|I|Thread-1|WebAutomation.20190724_170037.001|S2|Activity 1|#  6|web.assertTitle(text) - PASS 
2019-07-24 17:00:50,467|I|Thread-1|WebAutomation.20190724_170037.001|S2|Activity 1|#  7|web.assertElementPresent( - executing assertElementPresent(locator)(//input[@name='q'])
2019-07-24 17:00:50,514|I|Thread-1|WebAutomation.20190724_170037.001|S2|Activity 1|#  7|web.assertElementPresent( - PASS EXPECTED element '//input[@name='q']' found
2019-07-24 17:00:51,143|I|Thread-1|WebAutomation.20190724_170037.001|S2|Activity 1|#  8|web.click(locator) - executing click(locator)(//a[@class='gb_e'])
2019-07-24 17:00:51,190|I|Thread-1|clicking '//a[@class='gb_e']'...
2019-07-24 17:00:51,237|I|Thread-1|click target via JS, @id=
2019-07-24 17:00:53,205|I|Thread-1|clicked -> true
2019-07-24 17:00:53,207|I|Thread-1|WebAutomation.20190724_170037.001|S2|Activity 1|#  8|web.click(locator) - PASS click via JS event
2019-07-24 17:00:53,811|I|Thread-1|WebAutomation.20190724_170037.001|S2|Activity 1|#  9|web.click(locator) - executing click(locator)(//a[@ga-event-action='sign in'])
2019-07-24 17:00:53,842|I|Thread-1|clicking '//a[@ga-event-action='sign in']'...
2019-07-24 17:00:53,873|I|Thread-1|click target via JS, @id=
2019-07-24 17:00:53,973|I|Thread-1|clicked -> true
2019-07-24 17:00:53,975|I|Thread-1|WebAutomation.20190724_170037.001|S2|Activity 1|#  9|web.click(locator) - PASS click via JS event
2019-07-24 17:00:54,577|I|Thread-1|WebAutomation.20190724_170037.001|S2|Activity 1|# 10|web.type(locator,value) - executing type(locator,value)(//div[class='Xb9hP']/input[@class='whsOndzHQkBf'], shagufta.nisar@atmecs.com)
2019-07-24 17:00:55,672|E|Thread-1|WebAutomation.20190724_170037.001|S2|Activity 1|# 10|web.type(locator,value) - FAIL EXECUTING COMMAND: web.type(locator,value)('//div[class='Xb9hP']/input[@class='whsOndzHQkBf']', 'shagufta.nisar@atmecs.com')
Specified element not found: no such element: Unable to locate element: {"method":"xpath","selector":"//div[class='Xb9hP']/input[@class='whsOndzHQkBf']"}   (Session info: chrome=75.0.3770.142)...
2019-07-24 17:00:56,272|I|Thread-1|WebAutomation.20190724_170037.001|S2|Activity 1|# 11|web.click(locator) - executing click(locator)(//span[@class='RveJvd snByac'])
2019-07-24 17:00:57,096|E|Thread-1|WebAutomation.20190724_170037.001|S2|Activity 1|# 11|web.click(locator) - FAIL No element via locator '//span[@class='RveJvd snByac']'
2019-07-24 17:00:57,362|I|Thread-1|[WebAutomation.20190724_170037.001|S2] saving test scenario
2019-07-24 17:00:57,505|I|Thread-1|[20190724_170036] 
/-TEST COMPLETE-----------------------------------------------------------------
| Test Output:    C:\projects\WebAutomation\output\20190724_170036\WebAutomation.20190724_170037.001.xlsx
| Iteration:      1
\-------------------------------------------------------------------------------
» Execution Time: 17512 ms
» Test Steps:     7
» Error(s):       2



2019-07-24 17:00:58,602|I|Thread-1|[20190724_170036] 
/-TEST COMPLETE-----------------------------------------------------------------
| Test Script:    C:\projects\WebAutomation\artifact\script\WebAutomation.xlsx
\-------------------------------------------------------------------------------
» Execution Time: 22156 ms
» Iterations:     [1] total 1
» Test Steps:     7
» Passed:         5
» Error(s):       2
» Iteration 1 of 1: C:\projects\WebAutomation\output\20190724_170036\WebAutomation.20190724_170037.001.xlsx



2019-07-24 17:00:58,633|I|main|[20190724_170036] [C:\projects\WebAutomation\artifact\script\WebAutomation.xlsx] now completed
2019-07-24 17:00:58,633|I|main|[20190724_170036] all execution thread(s) have terminated
2019-07-24 17:00:58,633|I|main|[20190724_170036] test run completed in about 22 seconds
2019-07-24 17:00:58,727|I|main|No predefined nexial-setup found
2019-07-24 17:00:58,758|I|main|outputBase not set; output-to-cloud DISABLED!
2019-07-24 17:00:58,774|I|main|accessKey not set; output-to-cloud DISABLED!
2019-07-24 17:00:58,774|I|main|secretKey not set; output-to-cloud DISABLED!
2019-07-24 17:00:58,774|I|main|generating HTML output for this execution to C:\projects\WebAutomation\output\20190724_170036\execution-output.html
2019-07-24 17:00:59,605|I|main|generating JUnit XML output for this execution to C:\projects\WebAutomation\output\20190724_170036\junit.xml
2019-07-24 17:00:59,637|I|main|generated JUnit report for this execution: C:\projects\WebAutomation\output\20190724_170036\junit.xml
2019-07-24 17:00:59,637|I|main|nexial mailer not enabled: nexial.enableEmail=false
2019-07-24 17:00:59,637|I|main|skipped email notification as configured
2019-07-24 17:00:59,637|I|main|exiting Nexial...
2019-07-24 17:00:59,637|I|main|shutdown starts...
2019-07-24 17:00:59,652|I|main|Shutting down 'chrome' webdriver...
2019-07-24 17:01:03,441|I|main|shutdown ends...
2019-07-24 17:01:03,442|I|main|

/-END OF EXECUTION--------------------------------------------------------------
| » Execution Time: 22 sec.
| » Test Steps....: 7
| » Passed........: 5
| » Failed........: 2
| » Success Rate..: 71.43%
\----------------------------------------------------------nexial-core dev_0580-

2019-07-24 17:01:03,444|E|main|failure found; success rate is 71.43%
2019-07-24 17:01:03,444|I|main|End of Execution:
NEXIAL_OUTPUT:         C:\projects\WebAutomation\output\20190724_170036
NEXIAL_EXECUTION_HTML: C:\projects\WebAutomation\output\20190724_170036\execution-output.html
NEXIAL_JUNIT_XML:      C:\projects\WebAutomation\output\20190724_170036\junit.xml
NEXIAL_SUCCESS_RATE:   71.43%
NEXIAL_EXIT_STATUS:    -13
