2019-07-25 11:47:58,129|I|Thread-1|(DELAYED) nexial-core dev_0580 starting up...
2019-07-25 11:47:58,129|I|Thread-1|(DELAYED) data file resolved as C:\Users\SHAGUF~1.NIS\AppData\Local\Temp\CZYuH\WebAutomation.data.xlsx
2019-07-25 11:47:58,129|I|Thread-1|(DELAYED) input files and output directory resolved...
2019-07-25 11:47:58,129|I|Thread-1|(DELAYED) No predefined nexial-setup found
2019-07-25 11:47:58,129|I|Thread-1|(DELAYED) [20190725_114757] [C:\projects\WebAutomation\artifact\script\WebAutomation.xlsx] resolve RUN ID as 20190725_114757
2019-07-25 11:47:58,129|I|Thread-1|(DELAYED) [20190725_114757] [C:\projects\WebAutomation\artifact\script\WebAutomation.xlsx] new thread started
2019-07-25 11:47:58,129|I|Thread-1|No predefined nexial-setup found
2019-07-25 11:47:58,207|I|Thread-1|outputBase not set; output-to-cloud DISABLED!
2019-07-25 11:47:58,207|I|Thread-1|accessKey not set; output-to-cloud DISABLED!
2019-07-25 11:47:58,207|I|Thread-1|secretKey not set; output-to-cloud DISABLED!
2019-07-25 11:47:58,254|I|Thread-1|missing REQUIRED configuration; sms DISABLED!
2019-07-25 11:47:59,059|I|Thread-1|[20190725_114757] executing C:\projects\WebAutomation\artifact\script\WebAutomation.xlsx with 1 iteration(s)
2019-07-25 11:47:59,074|I|Thread-1|[20190725_114757] create directory C:\projects\WebAutomation\output\20190725_114757\captures
2019-07-25 11:47:59,090|I|Thread-1|[20190725_114757] create directory C:\projects\WebAutomation\output\20190725_114757\logs
2019-07-25 11:48:01,033|I|Thread-1|[20190725_114757] merging test data to tmp file C:\projects\WebAutomation\output\20190725_114757\WebAutomation.20190725_114759.001.xlsx
2019-07-25 11:48:01,033|I|Thread-1|refetching data from C:\projects\WebAutomation\artifact\data\WebAutomation.data.xlsx
2019-07-25 11:48:01,315|I|Thread-1|[20190725_114757] test script and test data merged to C:\projects\WebAutomation\output\20190725_114757\WebAutomation.20190725_114759.001.xlsx
2019-07-25 11:48:01,788|I|Thread-1|STARTS
2019-07-25 11:48:01,851|I|Thread-1|WebAutomation.20190725_114759.001 - executing iteration #1 of 1; Iteration Id 1
2019-07-25 11:48:01,866|I|Thread-1|WebAutomation.20190725_114759.001|S2 - executing test scenario
2019-07-25 11:48:01,882|I|Thread-1|WebAutomation.20190725_114759.001|S2|Activity 1 - executing activity
2019-07-25 11:48:02,522|I|Thread-1|WebAutomation.20190725_114759.001|S2|Activity 1|#  5|web.open(url) - executing open(url)(https://www.google.com/)
2019-07-25 11:48:02,522|I|Thread-1|No valid instance of webdriver, initializing...
2019-07-25 11:48:02,522|I|Thread-1|init chrome
2019-07-25 11:48:08,803|I|Thread-1|browser initialization completed for 'chrome'
2019-07-25 11:48:08,835|I|Thread-1|setting browser polling wait time to 800 ms
2019-07-25 11:48:08,865|I|Thread-1|setting browser page load timeout to 10000 ms
2019-07-25 11:48:10,980|I|Thread-1|current browser window handle:CDwindow-132362267285F02C3BDB1B68F630C2FD
2019-07-25 11:48:11,064|I|Thread-1|WebAutomation.20190725_114759.001|S2|Activity 1|#  5|web.open(url) - PASS opened URL https://www.google.com/
2019-07-25 11:48:11,682|I|Thread-1|WebAutomation.20190725_114759.001|S2|Activity 1|#  6|web.assertTitle(text) - executing assertTitle(text)(Google)
2019-07-25 11:48:11,697|I|Thread-1|WebAutomation.20190725_114759.001|S2|Activity 1|#  6|web.assertTitle(text) - PASS 
2019-07-25 11:48:12,307|I|Thread-1|WebAutomation.20190725_114759.001|S2|Activity 1|#  7|web.assertElementPresent( - executing assertElementPresent(locator)(//input[@name='q'])
2019-07-25 11:48:12,353|I|Thread-1|WebAutomation.20190725_114759.001|S2|Activity 1|#  7|web.assertElementPresent( - PASS EXPECTED element '//input[@name='q']' found
2019-07-25 11:48:12,965|I|Thread-1|WebAutomation.20190725_114759.001|S2|Activity 1|#  8|web.click(locator) - executing click(locator)(//a[@class='gb_e'])
2019-07-25 11:48:12,996|I|Thread-1|clicking '//a[@class='gb_e']'...
2019-07-25 11:48:13,043|I|Thread-1|click target via JS, @id=
2019-07-25 11:48:14,992|I|Thread-1|clicked -> true
2019-07-25 11:48:14,994|I|Thread-1|WebAutomation.20190725_114759.001|S2|Activity 1|#  8|web.click(locator) - PASS click via JS event
2019-07-25 11:48:15,596|I|Thread-1|WebAutomation.20190725_114759.001|S2|Activity 1|#  9|web.click(locator) - executing click(locator)(//a[@ga-event-action='sign in'])
2019-07-25 11:48:15,649|I|Thread-1|clicking '//a[@ga-event-action='sign in']'...
2019-07-25 11:48:15,682|I|Thread-1|click target via JS, @id=
2019-07-25 11:48:15,770|I|Thread-1|clicked -> true
2019-07-25 11:48:15,771|I|Thread-1|WebAutomation.20190725_114759.001|S2|Activity 1|#  9|web.click(locator) - PASS click via JS event
2019-07-25 11:48:16,373|I|Thread-1|WebAutomation.20190725_114759.001|S2|Activity 1|# 10|web.type(locator,value) - executing type(locator,value)(//input[@name='identifier']/input[@id='identifierId'], shagufta.nisar@atmecs.com)
2019-07-25 11:48:17,670|E|Thread-1|WebAutomation.20190725_114759.001|S2|Activity 1|# 10|web.type(locator,value) - FAIL EXECUTING COMMAND: web.type(locator,value)('//input[@name='identifier']/input[@id='identifierId']', 'shagufta.nisar@atmecs.com')
Specified element not found: no such element: Unable to locate element: {"method":"xpath","selector":"//input[@name='identifier']/input[@id='identifierId']"}   (Session info: chrome=75.0.3770.142)...
2019-07-25 11:48:18,491|I|Thread-1|WebAutomation.20190725_114759.001|S2|Activity 1|# 11|web.click(locator) - executing click(locator)(//span[@class='RveJvd snByac'])
2019-07-25 11:48:19,371|E|Thread-1|WebAutomation.20190725_114759.001|S2|Activity 1|# 11|web.click(locator) - FAIL No element via locator '//span[@class='RveJvd snByac']'
2019-07-25 11:48:19,557|I|Thread-1|[WebAutomation.20190725_114759.001|S2] saving test scenario
2019-07-25 11:48:19,666|I|Thread-1|[20190725_114757] 
/-TEST COMPLETE-----------------------------------------------------------------
| Test Output:    C:\projects\WebAutomation\output\20190725_114757\WebAutomation.20190725_114759.001.xlsx
| Iteration:      1
\-------------------------------------------------------------------------------
» Execution Time: 17815 ms
» Test Steps:     7
» Error(s):       2



2019-07-25 11:48:20,847|I|Thread-1|[20190725_114757] 
/-TEST COMPLETE-----------------------------------------------------------------
| Test Script:    C:\projects\WebAutomation\artifact\script\WebAutomation.xlsx
\-------------------------------------------------------------------------------
» Execution Time: 22900 ms
» Iterations:     [1] total 1
» Test Steps:     7
» Passed:         5
» Error(s):       2
» Iteration 1 of 1: C:\projects\WebAutomation\output\20190725_114757\WebAutomation.20190725_114759.001.xlsx



2019-07-25 11:48:20,968|I|main|[20190725_114757] [C:\projects\WebAutomation\artifact\script\WebAutomation.xlsx] now completed
2019-07-25 11:48:20,970|I|main|[20190725_114757] all execution thread(s) have terminated
2019-07-25 11:48:20,970|I|main|[20190725_114757] test run completed in about 23 seconds
2019-07-25 11:48:21,043|I|main|No predefined nexial-setup found
2019-07-25 11:48:21,092|I|main|outputBase not set; output-to-cloud DISABLED!
2019-07-25 11:48:21,093|I|main|accessKey not set; output-to-cloud DISABLED!
2019-07-25 11:48:21,094|I|main|secretKey not set; output-to-cloud DISABLED!
2019-07-25 11:48:21,095|I|main|generating HTML output for this execution to C:\projects\WebAutomation\output\20190725_114757\execution-output.html
2019-07-25 11:48:21,939|I|main|generating JUnit XML output for this execution to C:\projects\WebAutomation\output\20190725_114757\junit.xml
2019-07-25 11:48:21,986|I|main|generated JUnit report for this execution: C:\projects\WebAutomation\output\20190725_114757\junit.xml
2019-07-25 11:48:21,986|I|main|nexial mailer not enabled: nexial.enableEmail=false
2019-07-25 11:48:21,986|I|main|skipped email notification as configured
2019-07-25 11:48:21,986|I|main|exiting Nexial...
2019-07-25 11:48:21,986|I|main|shutdown starts...
2019-07-25 11:48:21,986|I|main|Shutting down 'chrome' webdriver...
2019-07-25 11:48:25,743|I|main|shutdown ends...
2019-07-25 11:48:25,743|I|main|

/-END OF EXECUTION--------------------------------------------------------------
| » Execution Time: 23 sec.
| » Test Steps....: 7
| » Passed........: 5
| » Failed........: 2
| » Success Rate..: 71.43%
\----------------------------------------------------------nexial-core dev_0580-

2019-07-25 11:48:25,743|E|main|failure found; success rate is 71.43%
2019-07-25 11:48:25,743|I|main|End of Execution:
NEXIAL_OUTPUT:         C:\projects\WebAutomation\output\20190725_114757
NEXIAL_EXECUTION_HTML: C:\projects\WebAutomation\output\20190725_114757\execution-output.html
NEXIAL_JUNIT_XML:      C:\projects\WebAutomation\output\20190725_114757\junit.xml
NEXIAL_SUCCESS_RATE:   71.43%
NEXIAL_EXIT_STATUS:    -13
