2019-07-25 11:46:21,653|I|Thread-1|(DELAYED) nexial-core dev_0580 starting up...
2019-07-25 11:46:21,657|I|Thread-1|(DELAYED) data file resolved as C:\Users\SHAGUF~1.NIS\AppData\Local\Temp\PpYZx\WebAutomation.data.xlsx
2019-07-25 11:46:21,657|I|Thread-1|(DELAYED) input files and output directory resolved...
2019-07-25 11:46:21,657|I|Thread-1|(DELAYED) No predefined nexial-setup found
2019-07-25 11:46:21,657|I|Thread-1|(DELAYED) [20190725_114621] [C:\projects\WebAutomation\artifact\script\WebAutomation.xlsx] resolve RUN ID as 20190725_114621
2019-07-25 11:46:21,657|I|Thread-1|(DELAYED) [20190725_114621] [C:\projects\WebAutomation\artifact\script\WebAutomation.xlsx] new thread started
2019-07-25 11:46:21,658|I|Thread-1|No predefined nexial-setup found
2019-07-25 11:46:21,738|I|Thread-1|outputBase not set; output-to-cloud DISABLED!
2019-07-25 11:46:21,738|I|Thread-1|accessKey not set; output-to-cloud DISABLED!
2019-07-25 11:46:21,738|I|Thread-1|secretKey not set; output-to-cloud DISABLED!
2019-07-25 11:46:21,785|I|Thread-1|missing REQUIRED configuration; sms DISABLED!
2019-07-25 11:46:22,604|I|Thread-1|[20190725_114621] executing C:\projects\WebAutomation\artifact\script\WebAutomation.xlsx with 1 iteration(s)
2019-07-25 11:46:22,610|I|Thread-1|[20190725_114621] create directory C:\projects\WebAutomation\output\20190725_114621\captures
2019-07-25 11:46:22,614|I|Thread-1|[20190725_114621] create directory C:\projects\WebAutomation\output\20190725_114621\logs
2019-07-25 11:46:23,493|I|Thread-1|[20190725_114621] merging test data to tmp file C:\projects\WebAutomation\output\20190725_114621\WebAutomation.20190725_114622.001.xlsx
2019-07-25 11:46:23,493|I|Thread-1|refetching data from C:\projects\WebAutomation\artifact\data\WebAutomation.data.xlsx
2019-07-25 11:46:23,833|I|Thread-1|[20190725_114621] test script and test data merged to C:\projects\WebAutomation\output\20190725_114621\WebAutomation.20190725_114622.001.xlsx
2019-07-25 11:46:24,723|I|Thread-1|STARTS
2019-07-25 11:46:24,748|I|Thread-1|WebAutomation.20190725_114622.001 - executing iteration #1 of 1; Iteration Id 1
2019-07-25 11:46:24,755|I|Thread-1|WebAutomation.20190725_114622.001|S2 - executing test scenario
2019-07-25 11:46:24,757|I|Thread-1|WebAutomation.20190725_114622.001|S2|Activity 1 - executing activity
2019-07-25 11:46:25,368|I|Thread-1|WebAutomation.20190725_114622.001|S2|Activity 1|#  5|web.open(url) - executing open(url)(https://www.google.com/)
2019-07-25 11:46:25,368|I|Thread-1|No valid instance of webdriver, initializing...
2019-07-25 11:46:25,368|I|Thread-1|init chrome
2019-07-25 11:46:31,737|I|Thread-1|browser initialization completed for 'chrome'
2019-07-25 11:46:31,763|I|Thread-1|setting browser polling wait time to 800 ms
2019-07-25 11:46:31,780|I|Thread-1|setting browser page load timeout to 10000 ms
2019-07-25 11:46:33,642|I|Thread-1|current browser window handle:CDwindow-412A94F6256DFAABD807D6004DA41EF2
2019-07-25 11:46:33,685|I|Thread-1|WebAutomation.20190725_114622.001|S2|Activity 1|#  5|web.open(url) - PASS opened URL https://www.google.com/
2019-07-25 11:46:34,305|I|Thread-1|WebAutomation.20190725_114622.001|S2|Activity 1|#  6|web.assertTitle(text) - executing assertTitle(text)(Google)
2019-07-25 11:46:34,321|I|Thread-1|WebAutomation.20190725_114622.001|S2|Activity 1|#  6|web.assertTitle(text) - PASS 
2019-07-25 11:46:34,932|I|Thread-1|WebAutomation.20190725_114622.001|S2|Activity 1|#  7|web.assertElementPresent( - executing assertElementPresent(locator)(//input[@name='q'])
2019-07-25 11:46:34,995|I|Thread-1|WebAutomation.20190725_114622.001|S2|Activity 1|#  7|web.assertElementPresent( - PASS EXPECTED element '//input[@name='q']' found
2019-07-25 11:46:35,596|I|Thread-1|WebAutomation.20190725_114622.001|S2|Activity 1|#  8|web.click(locator) - executing click(locator)(//a[@class='gb_e'])
2019-07-25 11:46:35,635|I|Thread-1|clicking '//a[@class='gb_e']'...
2019-07-25 11:46:35,729|I|Thread-1|click target via JS, @id=
2019-07-25 11:46:37,654|I|Thread-1|clicked -> true
2019-07-25 11:46:37,655|I|Thread-1|WebAutomation.20190725_114622.001|S2|Activity 1|#  8|web.click(locator) - PASS click via JS event
2019-07-25 11:46:38,257|I|Thread-1|WebAutomation.20190725_114622.001|S2|Activity 1|#  9|web.click(locator) - executing click(locator)(//a[@ga-event-action='sign in'])
2019-07-25 11:46:38,303|I|Thread-1|clicking '//a[@ga-event-action='sign in']'...
2019-07-25 11:46:38,334|I|Thread-1|click target via JS, @id=
2019-07-25 11:46:38,452|I|Thread-1|clicked -> true
2019-07-25 11:46:38,454|I|Thread-1|WebAutomation.20190725_114622.001|S2|Activity 1|#  9|web.click(locator) - PASS click via JS event
2019-07-25 11:46:39,056|I|Thread-1|WebAutomation.20190725_114622.001|S2|Activity 1|# 10|web.type(locator,value) - executing type(locator,value)(//input[@name='identifier']/input[@id='identifierId'], shagufta.nisar@atmecs.com)
2019-07-25 11:46:40,356|E|Thread-1|WebAutomation.20190725_114622.001|S2|Activity 1|# 10|web.type(locator,value) - FAIL EXECUTING COMMAND: web.type(locator,value)('//input[@name='identifier']/input[@id='identifierId']', 'shagufta.nisar@atmecs.com')
Specified element not found: no such element: Unable to locate element: {"method":"xpath","selector":"//input[@name='identifier']/input[@id='identifierId']"}   (Session info: chrome=75.0.3770.142)...
2019-07-25 11:46:40,988|I|Thread-1|WebAutomation.20190725_114622.001|S2|Activity 1|# 11|web.click(locator) - executing click(locator)(//span[@class='RveJvd snByac'])
2019-07-25 11:46:41,872|E|Thread-1|WebAutomation.20190725_114622.001|S2|Activity 1|# 11|web.click(locator) - FAIL No element via locator '//span[@class='RveJvd snByac']'
2019-07-25 11:46:42,103|I|Thread-1|[WebAutomation.20190725_114622.001|S2] saving test scenario
2019-07-25 11:46:42,290|I|Thread-1|WebAutomation.20190725_114622.001|Scenario - executing test scenario
2019-07-25 11:46:42,290|I|Thread-1|WebAutomation.20190725_114622.001|Scenario|Activity 1 - executing activity
2019-07-25 11:46:42,905|I|Thread-1|WebAutomation.20190725_114622.001|Scenario|Activity 1|#  5|web.open(url) - executing open(url)(https://www.google.com/)
2019-07-25 11:46:44,065|I|Thread-1|current browser window handle:CDwindow-412A94F6256DFAABD807D6004DA41EF2
2019-07-25 11:46:44,153|I|Thread-1|WebAutomation.20190725_114622.001|Scenario|Activity 1|#  5|web.open(url) - PASS opened URL https://www.google.com/
2019-07-25 11:46:44,760|I|Thread-1|WebAutomation.20190725_114622.001|Scenario|Activity 1|#  6|web.assertTitle(text) - executing assertTitle(text)(Google)
2019-07-25 11:46:44,784|I|Thread-1|WebAutomation.20190725_114622.001|Scenario|Activity 1|#  6|web.assertTitle(text) - PASS 
2019-07-25 11:46:45,397|I|Thread-1|WebAutomation.20190725_114622.001|Scenario|Activity 1|#  7|web.assertElementPresent( - executing assertElementPresent(locator)(//input[@name='q'])
2019-07-25 11:46:45,428|I|Thread-1|WebAutomation.20190725_114622.001|Scenario|Activity 1|#  7|web.assertElementPresent( - PASS EXPECTED element '//input[@name='q']' found
2019-07-25 11:46:46,048|I|Thread-1|WebAutomation.20190725_114622.001|Scenario|Activity 1|#  8|web.type(locator,value) - executing type(locator,value)(//input[@name='q'], Nexial)
2019-07-25 11:46:46,379|I|Thread-1|WebAutomation.20190725_114622.001|Scenario|Activity 1|#  8|web.type(locator,value) - PASS typed text at '//input[@name='q']'
2019-07-25 11:46:46,987|I|Thread-1|WebAutomation.20190725_114622.001|Scenario|Activity 1|#  9|web.click(locator) - executing click(locator)(//input[@value='Google Search'])
2019-07-25 11:46:47,019|I|Thread-1|clicking '//input[@value='Google Search']'...
2019-07-25 11:46:47,050|I|Thread-1|click target via JS, @id=
2019-07-25 11:46:49,062|I|Thread-1|clicked -> true
2019-07-25 11:46:49,063|I|Thread-1|WebAutomation.20190725_114622.001|Scenario|Activity 1|#  9|web.click(locator) - PASS click via JS event
2019-07-25 11:46:49,152|I|Thread-1|[WebAutomation.20190725_114622.001|Scenario] saving test scenario
2019-07-25 11:46:49,230|I|Thread-1|[20190725_114621] 
/-TEST COMPLETE-----------------------------------------------------------------
| Test Output:    C:\projects\WebAutomation\output\20190725_114621\WebAutomation.20190725_114622.001.xlsx
| Iteration:      1
\-------------------------------------------------------------------------------
» Execution Time: 24480 ms
» Test Steps:     12
» Error(s):       2



2019-07-25 11:46:50,357|I|Thread-1|[20190725_114621] 
/-TEST COMPLETE-----------------------------------------------------------------
| Test Script:    C:\projects\WebAutomation\artifact\script\WebAutomation.xlsx
\-------------------------------------------------------------------------------
» Execution Time: 28916 ms
» Iterations:     [1] total 1
» Test Steps:     12
» Passed:         10
» Error(s):       2
» Iteration 1 of 1: C:\projects\WebAutomation\output\20190725_114621\WebAutomation.20190725_114622.001.xlsx



2019-07-25 11:46:50,543|I|main|[20190725_114621] [C:\projects\WebAutomation\artifact\script\WebAutomation.xlsx] now completed
2019-07-25 11:46:50,543|I|main|[20190725_114621] all execution thread(s) have terminated
2019-07-25 11:46:50,543|I|main|[20190725_114621] test run completed in about 29 seconds
2019-07-25 11:46:50,636|I|main|No predefined nexial-setup found
2019-07-25 11:46:50,668|I|main|outputBase not set; output-to-cloud DISABLED!
2019-07-25 11:46:50,668|I|main|accessKey not set; output-to-cloud DISABLED!
2019-07-25 11:46:50,668|I|main|secretKey not set; output-to-cloud DISABLED!
2019-07-25 11:46:50,668|I|main|generating HTML output for this execution to C:\projects\WebAutomation\output\20190725_114621\execution-output.html
2019-07-25 11:46:51,526|I|main|generating JUnit XML output for this execution to C:\projects\WebAutomation\output\20190725_114621\junit.xml
2019-07-25 11:46:51,599|I|main|generated JUnit report for this execution: C:\projects\WebAutomation\output\20190725_114621\junit.xml
2019-07-25 11:46:51,600|I|main|nexial mailer not enabled: nexial.enableEmail=false
2019-07-25 11:46:51,600|I|main|skipped email notification as configured
2019-07-25 11:46:51,601|I|main|exiting Nexial...
2019-07-25 11:46:51,602|I|main|shutdown starts...
2019-07-25 11:46:51,603|I|main|Shutting down 'chrome' webdriver...
2019-07-25 11:46:55,481|I|main|shutdown ends...
2019-07-25 11:46:55,481|I|main|

/-END OF EXECUTION--------------------------------------------------------------
| » Execution Time: 29 sec.
| » Test Steps....: 12
| » Passed........: 10
| » Failed........: 2
| » Success Rate..: 83.33%
\----------------------------------------------------------nexial-core dev_0580-

2019-07-25 11:46:55,481|E|main|failure found; success rate is 83.33%
2019-07-25 11:46:55,481|I|main|End of Execution:
NEXIAL_OUTPUT:         C:\projects\WebAutomation\output\20190725_114621
NEXIAL_EXECUTION_HTML: C:\projects\WebAutomation\output\20190725_114621\execution-output.html
NEXIAL_JUNIT_XML:      C:\projects\WebAutomation\output\20190725_114621\junit.xml
NEXIAL_SUCCESS_RATE:   83.33%
NEXIAL_EXIT_STATUS:    -13
