2019-07-24 16:43:14,846|I|Thread-1|(DELAYED) nexial-core dev_0580 starting up...
2019-07-24 16:43:14,850|I|Thread-1|(DELAYED) data file resolved as C:\Users\SHAGUF~1.NIS\AppData\Local\Temp\ckAsa\WebAutomation.data.xlsx
2019-07-24 16:43:14,850|I|Thread-1|(DELAYED) input files and output directory resolved...
2019-07-24 16:43:14,850|I|Thread-1|(DELAYED) No predefined nexial-setup found
2019-07-24 16:43:14,850|I|Thread-1|(DELAYED) [20190724_164314] [C:\projects\WebAutomation\artifact\script\WebAutomation.xlsx] resolve RUN ID as 20190724_164314
2019-07-24 16:43:14,850|I|Thread-1|(DELAYED) [20190724_164314] [C:\projects\WebAutomation\artifact\script\WebAutomation.xlsx] new thread started
2019-07-24 16:43:14,850|I|Thread-1|No predefined nexial-setup found
2019-07-24 16:43:14,920|I|Thread-1|outputBase not set; output-to-cloud DISABLED!
2019-07-24 16:43:14,921|I|Thread-1|accessKey not set; output-to-cloud DISABLED!
2019-07-24 16:43:14,921|I|Thread-1|secretKey not set; output-to-cloud DISABLED!
2019-07-24 16:43:14,946|I|Thread-1|missing REQUIRED configuration; sms DISABLED!
2019-07-24 16:43:15,698|I|Thread-1|[20190724_164314] executing C:\projects\WebAutomation\artifact\script\WebAutomation.xlsx with 1 iteration(s)
2019-07-24 16:43:15,704|I|Thread-1|[20190724_164314] create directory C:\projects\WebAutomation\output\20190724_164314\captures
2019-07-24 16:43:15,705|I|Thread-1|[20190724_164314] create directory C:\projects\WebAutomation\output\20190724_164314\logs
2019-07-24 16:43:17,218|I|Thread-1|[20190724_164314] merging test data to tmp file C:\projects\WebAutomation\output\20190724_164314\WebAutomation.20190724_164315.001.xlsx
2019-07-24 16:43:17,219|I|Thread-1|refetching data from C:\projects\WebAutomation\artifact\data\WebAutomation.data.xlsx
2019-07-24 16:43:17,499|I|Thread-1|[20190724_164314] test script and test data merged to C:\projects\WebAutomation\output\20190724_164314\WebAutomation.20190724_164315.001.xlsx
2019-07-24 16:43:18,122|I|Thread-1|STARTS
2019-07-24 16:43:18,144|I|Thread-1|WebAutomation.20190724_164315.001 - executing iteration #1 of 1; Iteration Id 1
2019-07-24 16:43:18,155|I|Thread-1|WebAutomation.20190724_164315.001|S2 - executing test scenario
2019-07-24 16:43:18,157|I|Thread-1|WebAutomation.20190724_164315.001|S2|Activity 1 - executing activity
2019-07-24 16:43:18,759|I|Thread-1|WebAutomation.20190724_164315.001|S2|Activity 1|#  5|web.open(url) - executing open(url)(https://www.google.com/)
2019-07-24 16:43:18,767|I|Thread-1|No valid instance of webdriver, initializing...
2019-07-24 16:43:18,771|I|Thread-1|init chrome
2019-07-24 16:43:24,733|I|Thread-1|browser initialization completed for 'chrome'
2019-07-24 16:43:24,760|I|Thread-1|setting browser polling wait time to 800 ms
2019-07-24 16:43:24,779|I|Thread-1|setting browser page load timeout to 10000 ms
2019-07-24 16:43:26,862|I|Thread-1|current browser window handle:CDwindow-126C45B2DAB69B17AC7D5B44D187BCE0
2019-07-24 16:43:26,899|I|Thread-1|WebAutomation.20190724_164315.001|S2|Activity 1|#  5|web.open(url) - PASS opened URL https://www.google.com/
2019-07-24 16:43:27,511|I|Thread-1|WebAutomation.20190724_164315.001|S2|Activity 1|#  6|web.assertTitle(text) - executing assertTitle(text)(Google)
2019-07-24 16:43:27,541|I|Thread-1|WebAutomation.20190724_164315.001|S2|Activity 1|#  6|web.assertTitle(text) - PASS 
2019-07-24 16:43:28,146|I|Thread-1|WebAutomation.20190724_164315.001|S2|Activity 1|#  7|web.assertElementPresent( - executing assertElementPresent(locator)(//input[@name='q'])
2019-07-24 16:43:28,195|I|Thread-1|WebAutomation.20190724_164315.001|S2|Activity 1|#  7|web.assertElementPresent( - PASS EXPECTED element '//input[@name='q']' found
2019-07-24 16:43:28,797|I|Thread-1|WebAutomation.20190724_164315.001|S2|Activity 1|#  8|web.click(locator) - executing click(locator)(//a[@class='gb_e'])
2019-07-24 16:43:28,836|I|Thread-1|clicking '//a[@class='gb_e']'...
2019-07-24 16:43:28,875|I|Thread-1|click target via JS, @id=
2019-07-24 16:43:30,829|I|Thread-1|clicked -> true
2019-07-24 16:43:30,830|I|Thread-1|WebAutomation.20190724_164315.001|S2|Activity 1|#  8|web.click(locator) - PASS click via JS event
2019-07-24 16:43:31,433|I|Thread-1|WebAutomation.20190724_164315.001|S2|Activity 1|#  9|web.click(locator) - executing click(locator)(//a[@ga-event-action='sign in'])
2019-07-24 16:43:31,471|I|Thread-1|clicking '//a[@ga-event-action='sign in']'...
2019-07-24 16:43:31,508|I|Thread-1|click target via JS, @id=
2019-07-24 16:43:31,585|I|Thread-1|clicked -> true
2019-07-24 16:43:31,587|I|Thread-1|WebAutomation.20190724_164315.001|S2|Activity 1|#  9|web.click(locator) - PASS click via JS event
2019-07-24 16:43:32,192|I|Thread-1|WebAutomation.20190724_164315.001|S2|Activity 1|# 10|web.type(locator,value) - executing type(locator,value)(//input[@id='identifierID'], shagufta.nisar@atmecs.com)
2019-07-24 16:43:33,258|E|Thread-1|WebAutomation.20190724_164315.001|S2|Activity 1|# 10|web.type(locator,value) - FAIL EXECUTING COMMAND: web.type(locator,value)('//input[@id='identifierID']', 'shagufta.nisar@atmecs.com')
Specified element not found: no such element: Unable to locate element: {"method":"xpath","selector":"//input[@id='identifierID']"}   (Session info: chrome=75.0.3770.142)...
2019-07-24 16:43:33,861|I|Thread-1|WebAutomation.20190724_164315.001|S2|Activity 1|# 11|web.click(locator) - executing click(locator)(//span[@class='RveJvd snByac'])
2019-07-24 16:43:34,689|E|Thread-1|WebAutomation.20190724_164315.001|S2|Activity 1|# 11|web.click(locator) - FAIL No element via locator '//span[@class='RveJvd snByac']'
2019-07-24 16:43:34,894|I|Thread-1|[WebAutomation.20190724_164315.001|S2] saving test scenario
2019-07-24 16:43:35,115|I|Thread-1|[20190724_164314] 
/-TEST COMPLETE-----------------------------------------------------------------
| Test Output:    C:\projects\WebAutomation\output\20190724_164314\WebAutomation.20190724_164315.001.xlsx
| Iteration:      1
\-------------------------------------------------------------------------------
» Execution Time: 16911 ms
» Test Steps:     7
» Error(s):       2



2019-07-24 16:43:36,239|I|Thread-1|[20190724_164314] 
/-TEST COMPLETE-----------------------------------------------------------------
| Test Script:    C:\projects\WebAutomation\artifact\script\WebAutomation.xlsx
\-------------------------------------------------------------------------------
» Execution Time: 21572 ms
» Iterations:     [1] total 1
» Test Steps:     7
» Passed:         5
» Error(s):       2
» Iteration 1 of 1: C:\projects\WebAutomation\output\20190724_164314\WebAutomation.20190724_164315.001.xlsx



2019-07-24 16:43:36,618|I|main|[20190724_164314] [C:\projects\WebAutomation\artifact\script\WebAutomation.xlsx] now completed
2019-07-24 16:43:36,618|I|main|[20190724_164314] all execution thread(s) have terminated
2019-07-24 16:43:36,618|I|main|[20190724_164314] test run completed in about 22 seconds
2019-07-24 16:43:36,728|I|main|No predefined nexial-setup found
2019-07-24 16:43:36,790|I|main|outputBase not set; output-to-cloud DISABLED!
2019-07-24 16:43:36,790|I|main|accessKey not set; output-to-cloud DISABLED!
2019-07-24 16:43:36,790|I|main|secretKey not set; output-to-cloud DISABLED!
2019-07-24 16:43:36,790|I|main|generating HTML output for this execution to C:\projects\WebAutomation\output\20190724_164314\execution-output.html
2019-07-24 16:43:37,617|I|main|generating JUnit XML output for this execution to C:\projects\WebAutomation\output\20190724_164314\junit.xml
2019-07-24 16:43:37,663|I|main|generated JUnit report for this execution: C:\projects\WebAutomation\output\20190724_164314\junit.xml
2019-07-24 16:43:37,664|I|main|nexial mailer not enabled: nexial.enableEmail=false
2019-07-24 16:43:37,665|I|main|skipped email notification as configured
2019-07-24 16:43:37,667|I|main|exiting Nexial...
2019-07-24 16:43:37,669|I|main|shutdown starts...
2019-07-24 16:43:37,682|I|main|Shutting down 'chrome' webdriver...
2019-07-24 16:43:41,423|I|main|shutdown ends...
2019-07-24 16:43:41,425|I|main|

/-END OF EXECUTION--------------------------------------------------------------
| » Execution Time: 22 sec.
| » Test Steps....: 7
| » Passed........: 5
| » Failed........: 2
| » Success Rate..: 71.43%
\----------------------------------------------------------nexial-core dev_0580-

2019-07-24 16:43:41,425|E|main|failure found; success rate is 71.43%
2019-07-24 16:43:41,426|I|main|End of Execution:
NEXIAL_OUTPUT:         C:\projects\WebAutomation\output\20190724_164314
NEXIAL_EXECUTION_HTML: C:\projects\WebAutomation\output\20190724_164314\execution-output.html
NEXIAL_JUNIT_XML:      C:\projects\WebAutomation\output\20190724_164314\junit.xml
NEXIAL_SUCCESS_RATE:   71.43%
NEXIAL_EXIT_STATUS:    -13
