2019-07-25 14:26:06,632|I|Thread-1|(DELAYED) nexial-core dev_0580 starting up...
2019-07-25 14:26:06,647|I|Thread-1|(DELAYED) data file resolved as C:\Users\SHAGUF~1.NIS\AppData\Local\Temp\bWXnk\WebAutomation.data.xlsx
2019-07-25 14:26:06,647|I|Thread-1|(DELAYED) input files and output directory resolved...
2019-07-25 14:26:06,647|I|Thread-1|(DELAYED) No predefined nexial-setup found
2019-07-25 14:26:06,647|I|Thread-1|(DELAYED) [20190725_142606] [C:\projects\WebAutomation\artifact\script\WebAutomation.xlsx] resolve RUN ID as 20190725_142606
2019-07-25 14:26:06,647|I|Thread-1|(DELAYED) [20190725_142606] [C:\projects\WebAutomation\artifact\script\WebAutomation.xlsx] new thread started
2019-07-25 14:26:06,647|I|Thread-1|No predefined nexial-setup found
2019-07-25 14:26:06,741|I|Thread-1|outputBase not set; output-to-cloud DISABLED!
2019-07-25 14:26:06,741|I|Thread-1|accessKey not set; output-to-cloud DISABLED!
2019-07-25 14:26:06,741|I|Thread-1|secretKey not set; output-to-cloud DISABLED!
2019-07-25 14:26:06,757|I|Thread-1|missing REQUIRED configuration; sms DISABLED!
2019-07-25 14:26:07,514|I|Thread-1|[20190725_142606] executing C:\projects\WebAutomation\artifact\script\WebAutomation.xlsx with 1 iteration(s)
2019-07-25 14:26:07,530|I|Thread-1|[20190725_142606] create directory C:\projects\WebAutomation\output\20190725_142606\captures
2019-07-25 14:26:07,530|I|Thread-1|[20190725_142606] create directory C:\projects\WebAutomation\output\20190725_142606\logs
2019-07-25 14:26:09,134|I|Thread-1|[20190725_142606] merging test data to tmp file C:\projects\WebAutomation\output\20190725_142606\WebAutomation.20190725_142607.001.xlsx
2019-07-25 14:26:09,134|I|Thread-1|refetching data from C:\projects\WebAutomation\artifact\data\WebAutomation.data.xlsx
2019-07-25 14:26:09,463|I|Thread-1|[20190725_142606] test script and test data merged to C:\projects\WebAutomation\output\20190725_142606\WebAutomation.20190725_142607.001.xlsx
2019-07-25 14:26:10,134|I|Thread-1|STARTS
2019-07-25 14:26:10,181|I|Thread-1|WebAutomation.20190725_142607.001 - executing iteration #1 of 1; Iteration Id 1
2019-07-25 14:26:10,181|I|Thread-1|WebAutomation.20190725_142607.001|S2 - executing test scenario
2019-07-25 14:26:10,181|I|Thread-1|WebAutomation.20190725_142607.001|S2|Activity 1 - executing activity
2019-07-25 14:26:10,798|I|Thread-1|WebAutomation.20190725_142607.001|S2|Activity 1|#  5|web.open(url) - executing open(url)(https://www.google.com/)
2019-07-25 14:26:10,807|I|Thread-1|No valid instance of webdriver, initializing...
2019-07-25 14:26:10,812|I|Thread-1|init chrome
2019-07-25 14:26:17,028|I|Thread-1|browser initialization completed for 'chrome'
2019-07-25 14:26:17,075|I|Thread-1|setting browser polling wait time to 800 ms
2019-07-25 14:26:17,091|I|Thread-1|setting browser page load timeout to 10000 ms
2019-07-25 14:26:19,429|I|Thread-1|current browser window handle:CDwindow-9B515BCE99A2741303A27A73A84FC495
2019-07-25 14:26:19,492|I|Thread-1|WebAutomation.20190725_142607.001|S2|Activity 1|#  5|web.open(url) - PASS opened URL https://www.google.com/
2019-07-25 14:26:20,108|I|Thread-1|WebAutomation.20190725_142607.001|S2|Activity 1|#  6|web.assertTitle(text) - executing assertTitle(text)(Google)
2019-07-25 14:26:20,124|I|Thread-1|WebAutomation.20190725_142607.001|S2|Activity 1|#  6|web.assertTitle(text) - PASS 
2019-07-25 14:26:20,732|I|Thread-1|WebAutomation.20190725_142607.001|S2|Activity 1|#  7|web.assertElementPresent( - executing assertElementPresent(locator)(//input[@name='q'])
2019-07-25 14:26:20,795|I|Thread-1|WebAutomation.20190725_142607.001|S2|Activity 1|#  7|web.assertElementPresent( - PASS EXPECTED element '//input[@name='q']' found
2019-07-25 14:26:21,410|I|Thread-1|WebAutomation.20190725_142607.001|S2|Activity 1|#  8|web.click(locator) - executing click(locator)(//a[@class='gb_e'])
2019-07-25 14:26:21,441|I|Thread-1|clicking '//a[@class='gb_e']'...
2019-07-25 14:26:21,504|I|Thread-1|click target via JS, @id=
2019-07-25 14:26:23,677|I|Thread-1|clicked -> true
2019-07-25 14:26:23,679|I|Thread-1|WebAutomation.20190725_142607.001|S2|Activity 1|#  8|web.click(locator) - PASS click via JS event
2019-07-25 14:26:24,282|I|Thread-1|WebAutomation.20190725_142607.001|S2|Activity 1|#  9|web.click(locator) - executing click(locator)(//a[@ga-event-action='sign in'])
2019-07-25 14:26:24,313|I|Thread-1|clicking '//a[@ga-event-action='sign in']'...
2019-07-25 14:26:24,344|I|Thread-1|click target via JS, @id=
2019-07-25 14:26:24,449|I|Thread-1|clicked -> true
2019-07-25 14:26:24,450|I|Thread-1|WebAutomation.20190725_142607.001|S2|Activity 1|#  9|web.click(locator) - PASS click via JS event
2019-07-25 14:26:25,053|I|Thread-1|WebAutomation.20190725_142607.001|S2|Activity 1|# 10|web.type(locator,value) - executing type(locator,value)(//input[@type='email'& @name='identifier'& @id='identifierId'], shagufta.nisar@atmecs.com)
2019-07-25 14:26:25,356|E|Thread-1|WebAutomation.20190725_142607.001|S2|Activity 1|# 10|web.type(locator,value) - FAIL EXECUTING COMMAND: web.type(locator,value)('//input[@type='email'& @name='identifier'& @id='identifierId']', 'shagufta.nisar@atmecs.com')
Specified element not found: invalid selector: Unable to locate an element with the xpath expression //input[@type='email'& @name='identifier'& @id='identifierId'] because of the following error: SyntaxError: Failed to execute 'evaluate' on 'Document': The string '//input[@type='email'& @name='identifier'& @id='identifierId']' is not a valid XPath expression....
2019-07-25 14:26:26,002|I|Thread-1|WebAutomation.20190725_142607.001|S2|Activity 1|# 11|web.click(locator) - executing click(locator)(//span[@class='RveJvd snByac'])
2019-07-25 14:26:26,909|E|Thread-1|WebAutomation.20190725_142607.001|S2|Activity 1|# 11|web.click(locator) - FAIL No element via locator '//span[@class='RveJvd snByac']'
2019-07-25 14:26:27,126|I|Thread-1|[WebAutomation.20190725_142607.001|S2] saving test scenario
2019-07-25 14:26:27,236|I|Thread-1|[20190725_142606] 
/-TEST COMPLETE-----------------------------------------------------------------
| Test Output:    C:\projects\WebAutomation\output\20190725_142606\WebAutomation.20190725_142607.001.xlsx
| Iteration:      1
\-------------------------------------------------------------------------------
» Execution Time: 17040 ms
» Test Steps:     7
» Error(s):       2



2019-07-25 14:26:28,302|I|Thread-1|[20190725_142606] 
/-TEST COMPLETE-----------------------------------------------------------------
| Test Script:    C:\projects\WebAutomation\artifact\script\WebAutomation.xlsx
\-------------------------------------------------------------------------------
» Execution Time: 21844 ms
» Iterations:     [1] total 1
» Test Steps:     7
» Passed:         5
» Error(s):       2
» Iteration 1 of 1: C:\projects\WebAutomation\output\20190725_142606\WebAutomation.20190725_142607.001.xlsx



2019-07-25 14:26:28,494|I|main|[20190725_142606] [C:\projects\WebAutomation\artifact\script\WebAutomation.xlsx] now completed
2019-07-25 14:26:28,494|I|main|[20190725_142606] all execution thread(s) have terminated
2019-07-25 14:26:28,494|I|main|[20190725_142606] test run completed in about 22 seconds
2019-07-25 14:26:28,572|I|main|No predefined nexial-setup found
2019-07-25 14:26:28,635|I|main|outputBase not set; output-to-cloud DISABLED!
2019-07-25 14:26:28,635|I|main|accessKey not set; output-to-cloud DISABLED!
2019-07-25 14:26:28,635|I|main|secretKey not set; output-to-cloud DISABLED!
2019-07-25 14:26:28,635|I|main|generating HTML output for this execution to C:\projects\WebAutomation\output\20190725_142606\execution-output.html
2019-07-25 14:26:29,507|I|main|generating JUnit XML output for this execution to C:\projects\WebAutomation\output\20190725_142606\junit.xml
2019-07-25 14:26:29,554|I|main|generated JUnit report for this execution: C:\projects\WebAutomation\output\20190725_142606\junit.xml
2019-07-25 14:26:29,554|I|main|nexial mailer not enabled: nexial.enableEmail=false
2019-07-25 14:26:29,554|I|main|skipped email notification as configured
2019-07-25 14:26:29,554|I|main|exiting Nexial...
2019-07-25 14:26:29,554|I|main|shutdown starts...
2019-07-25 14:26:29,569|I|main|Shutting down 'chrome' webdriver...
2019-07-25 14:26:33,439|I|main|shutdown ends...
2019-07-25 14:26:33,439|I|main|

/-END OF EXECUTION--------------------------------------------------------------
| » Execution Time: 22 sec.
| » Test Steps....: 7
| » Passed........: 5
| » Failed........: 2
| » Success Rate..: 71.43%
\----------------------------------------------------------nexial-core dev_0580-

2019-07-25 14:26:33,439|E|main|failure found; success rate is 71.43%
2019-07-25 14:26:33,439|I|main|End of Execution:
NEXIAL_OUTPUT:         C:\projects\WebAutomation\output\20190725_142606
NEXIAL_EXECUTION_HTML: C:\projects\WebAutomation\output\20190725_142606\execution-output.html
NEXIAL_JUNIT_XML:      C:\projects\WebAutomation\output\20190725_142606\junit.xml
NEXIAL_SUCCESS_RATE:   71.43%
NEXIAL_EXIT_STATUS:    -13
