2019-07-23 18:23:57,411|I|Thread-1|(DELAYED) nexial-core dev_0580 starting up...
2019-07-23 18:23:57,411|I|Thread-1|(DELAYED) data file resolved as C:\Users\SHAGUF~1.NIS\AppData\Local\Temp\AqjuL\WebAutomation.data.xlsx
2019-07-23 18:23:57,411|I|Thread-1|(DELAYED) input files and output directory resolved...
2019-07-23 18:23:57,411|I|Thread-1|(DELAYED) No predefined nexial-setup found
2019-07-23 18:23:57,411|I|Thread-1|(DELAYED) [20190723_182357] [C:\projects\WebAutomation\artifact\script\WebAutomation.xlsx] resolve RUN ID as 20190723_182357
2019-07-23 18:23:57,411|I|Thread-1|(DELAYED) [20190723_182357] [C:\projects\WebAutomation\artifact\script\WebAutomation.xlsx] new thread started
2019-07-23 18:23:57,411|I|Thread-1|No predefined nexial-setup found
2019-07-23 18:23:57,489|I|Thread-1|outputBase not set; output-to-cloud DISABLED!
2019-07-23 18:23:57,489|I|Thread-1|accessKey not set; output-to-cloud DISABLED!
2019-07-23 18:23:57,489|I|Thread-1|secretKey not set; output-to-cloud DISABLED!
2019-07-23 18:23:57,532|I|Thread-1|missing REQUIRED configuration; sms DISABLED!
2019-07-23 18:23:58,298|I|Thread-1|[20190723_182357] executing C:\projects\WebAutomation\artifact\script\WebAutomation.xlsx with 1 iteration(s)
2019-07-23 18:23:58,313|I|Thread-1|[20190723_182357] create directory C:\projects\WebAutomation\output\20190723_182357\captures
2019-07-23 18:23:58,313|I|Thread-1|[20190723_182357] create directory C:\projects\WebAutomation\output\20190723_182357\logs
2019-07-23 18:23:58,985|I|Thread-1|[20190723_182357] merging test data to tmp file C:\projects\WebAutomation\output\20190723_182357\WebAutomation.20190723_182358.001.xlsx
2019-07-23 18:23:59,001|I|Thread-1|refetching data from C:\projects\WebAutomation\artifact\data\WebAutomation.data.xlsx
2019-07-23 18:23:59,282|I|Thread-1|[20190723_182357] test script and test data merged to C:\projects\WebAutomation\output\20190723_182357\WebAutomation.20190723_182358.001.xlsx
2019-07-23 18:24:00,079|I|Thread-1|STARTS
2019-07-23 18:24:00,110|I|Thread-1|WebAutomation.20190723_182358.001 - executing iteration #1 of 1; Iteration Id 1
2019-07-23 18:24:00,126|I|Thread-1|WebAutomation.20190723_182358.001|Scenario - executing test scenario
2019-07-23 18:24:00,126|I|Thread-1|WebAutomation.20190723_182358.001|Scenario|Activity 1 - executing activity
2019-07-23 18:24:00,735|I|Thread-1|WebAutomation.20190723_182358.001|Scenario|Activity 1|#  5|web.open(url) - executing open(url)(https://www.google.com/)
2019-07-23 18:24:00,735|I|Thread-1|No valid instance of webdriver, initializing...
2019-07-23 18:24:00,735|I|Thread-1|init chrome
2019-07-23 18:24:07,059|I|Thread-1|browser initialization completed for 'chrome'
2019-07-23 18:24:07,075|I|Thread-1|setting browser polling wait time to 800 ms
2019-07-23 18:24:07,090|I|Thread-1|setting browser page load timeout to 10000 ms
2019-07-23 18:24:09,258|I|Thread-1|current browser window handle:CDwindow-30B7845B14C4E1A4D8EE357723D7BDE6
2019-07-23 18:24:09,307|I|Thread-1|WebAutomation.20190723_182358.001|Scenario|Activity 1|#  5|web.open(url) - PASS opened URL https://www.google.com/
2019-07-23 18:24:09,923|I|Thread-1|WebAutomation.20190723_182358.001|Scenario|Activity 1|#  6|web.assertTitle(text) - executing assertTitle(text)(Google)
2019-07-23 18:24:09,939|I|Thread-1|WebAutomation.20190723_182358.001|Scenario|Activity 1|#  6|web.assertTitle(text) - PASS 
2019-07-23 18:24:10,541|I|Thread-1|WebAutomation.20190723_182358.001|Scenario|Activity 1|#  7|web.assertElementPresent( - executing assertElementPresent(locator)(//input[@name='q'])
2019-07-23 18:24:10,585|I|Thread-1|WebAutomation.20190723_182358.001|Scenario|Activity 1|#  7|web.assertElementPresent( - PASS EXPECTED element '//input[@name='q']' found
2019-07-23 18:24:11,188|I|Thread-1|WebAutomation.20190723_182358.001|Scenario|Activity 1|#  8|web.type(locator,value) - executing type(locator,value)(//input[@name='q'], Nexial)
2019-07-23 18:24:11,469|I|Thread-1|WebAutomation.20190723_182358.001|Scenario|Activity 1|#  8|web.type(locator,value) - PASS typed text at '//input[@name='q']'
2019-07-23 18:24:12,072|I|Thread-1|WebAutomation.20190723_182358.001|Scenario|Activity 1|#  9|web.click(locator) - executing click(locator)(//input[@value='Google Search'])
2019-07-23 18:24:12,112|I|Thread-1|clicking '//input[@value='Google Search']'...
2019-07-23 18:24:12,141|I|Thread-1|click target via JS, @id=
2019-07-23 18:24:13,573|I|Thread-1|clicked -> true
2019-07-23 18:24:13,574|I|Thread-1|WebAutomation.20190723_182358.001|Scenario|Activity 1|#  9|web.click(locator) - PASS click via JS event
2019-07-23 18:24:13,830|I|Thread-1|[WebAutomation.20190723_182358.001|Scenario] saving test scenario
2019-07-23 18:24:14,071|I|Thread-1|[20190723_182357] 
/-TEST COMPLETE-----------------------------------------------------------------
| Test Output:    C:\projects\WebAutomation\output\20190723_182357\WebAutomation.20190723_182358.001.xlsx
| Iteration:      1
\-------------------------------------------------------------------------------
» Execution Time: 13918 ms
» Test Steps:     5
» Error(s):       0



2019-07-23 18:24:15,907|I|Thread-1|[20190723_182357] 
/-TEST COMPLETE-----------------------------------------------------------------
| Test Script:    C:\projects\WebAutomation\artifact\script\WebAutomation.xlsx
\-------------------------------------------------------------------------------
» Execution Time: 18685 ms
» Iterations:     [1] total 1
» Test Steps:     5
» Passed:         5
» Error(s):       0
» Iteration 1 of 1: C:\projects\WebAutomation\output\20190723_182357\WebAutomation.20190723_182358.001.xlsx



2019-07-23 18:24:16,352|I|main|[20190723_182357] [C:\projects\WebAutomation\artifact\script\WebAutomation.xlsx] now completed
2019-07-23 18:24:16,367|I|main|[20190723_182357] all execution thread(s) have terminated
2019-07-23 18:24:16,367|I|main|[20190723_182357] test run completed in about 19 seconds
2019-07-23 18:24:16,553|I|main|No predefined nexial-setup found
2019-07-23 18:24:16,615|I|main|outputBase not set; output-to-cloud DISABLED!
2019-07-23 18:24:16,615|I|main|accessKey not set; output-to-cloud DISABLED!
2019-07-23 18:24:16,615|I|main|secretKey not set; output-to-cloud DISABLED!
2019-07-23 18:24:16,615|I|main|generating HTML output for this execution to C:\projects\WebAutomation\output\20190723_182357\execution-output.html
2019-07-23 18:24:17,636|I|main|generating JUnit XML output for this execution to C:\projects\WebAutomation\output\20190723_182357\junit.xml
2019-07-23 18:24:17,683|I|main|generated JUnit report for this execution: C:\projects\WebAutomation\output\20190723_182357\junit.xml
2019-07-23 18:24:17,683|I|main|nexial mailer not enabled: nexial.enableEmail=false
2019-07-23 18:24:17,683|I|main|skipped email notification as configured
2019-07-23 18:24:17,683|I|main|exiting Nexial...
2019-07-23 18:24:17,683|I|main|shutdown starts...
2019-07-23 18:24:17,683|I|main|Shutting down 'chrome' webdriver...
2019-07-23 18:24:25,816|I|main|shutdown ends...
2019-07-23 18:24:25,816|I|main|

/-END OF EXECUTION--------------------------------------------------------------
| » Execution Time: 19 sec.
| » Test Steps....: 5
| » Passed........: 5
| » Failed........: 0
| » Success Rate..: 100.00%
\----------------------------------------------------------nexial-core dev_0580-

2019-07-23 18:24:25,816|I|main|ALL PASSED!
2019-07-23 18:24:25,816|I|main|End of Execution:
NEXIAL_OUTPUT:         C:\projects\WebAutomation\output\20190723_182357
NEXIAL_EXECUTION_HTML: C:\projects\WebAutomation\output\20190723_182357\execution-output.html
NEXIAL_JUNIT_XML:      C:\projects\WebAutomation\output\20190723_182357\junit.xml
NEXIAL_SUCCESS_RATE:   100.00%
NEXIAL_EXIT_STATUS:    0
