2019-07-23 17:43:12,144|I|Thread-1|(DELAYED) nexial-core dev_0580 starting up...
2019-07-23 17:43:12,144|I|Thread-1|(DELAYED) data file resolved as C:\Users\SHAGUF~1.NIS\AppData\Local\Temp\QSALY\WebAutomation.data.xlsx
2019-07-23 17:43:12,144|I|Thread-1|(DELAYED) input files and output directory resolved...
2019-07-23 17:43:12,144|I|Thread-1|(DELAYED) No predefined nexial-setup found
2019-07-23 17:43:12,144|I|Thread-1|(DELAYED) [20190723_174311] [C:\projects\WebAutomation\artifact\script\WebAutomation.xlsx] resolve RUN ID as 20190723_174311
2019-07-23 17:43:12,144|I|Thread-1|(DELAYED) [20190723_174311] [C:\projects\WebAutomation\artifact\script\WebAutomation.xlsx] new thread started
2019-07-23 17:43:12,144|I|Thread-1|No predefined nexial-setup found
2019-07-23 17:43:12,238|I|Thread-1|outputBase not set; output-to-cloud DISABLED!
2019-07-23 17:43:12,238|I|Thread-1|accessKey not set; output-to-cloud DISABLED!
2019-07-23 17:43:12,238|I|Thread-1|secretKey not set; output-to-cloud DISABLED!
2019-07-23 17:43:12,269|I|Thread-1|missing REQUIRED configuration; sms DISABLED!
2019-07-23 17:43:13,144|I|Thread-1|[20190723_174311] executing C:\projects\WebAutomation\artifact\script\WebAutomation.xlsx with 1 iteration(s)
2019-07-23 17:43:13,160|I|Thread-1|[20190723_174311] create directory C:\projects\WebAutomation\output\20190723_174311\captures
2019-07-23 17:43:13,160|I|Thread-1|[20190723_174311] create directory C:\projects\WebAutomation\output\20190723_174311\logs
2019-07-23 17:43:25,931|I|Thread-1|[20190723_174311] merging test data to tmp file C:\projects\WebAutomation\output\20190723_174311\WebAutomation.20190723_174313.001.xlsx
2019-07-23 17:43:25,933|I|Thread-1|refetching data from C:\projects\WebAutomation\artifact\data\WebAutomation.data.xlsx
2019-07-23 17:43:26,862|I|Thread-1|[20190723_174311] test script and test data merged to C:\projects\WebAutomation\output\20190723_174311\WebAutomation.20190723_174313.001.xlsx
2019-07-23 17:43:38,052|I|Thread-1|STARTS
2019-07-23 17:43:38,068|I|Thread-1|WebAutomation.20190723_174313.001 - executing iteration #1 of 1; Iteration Id 1
2019-07-23 17:43:38,068|I|Thread-1|WebAutomation.20190723_174313.001|Scenario - executing test scenario
2019-07-23 17:43:38,083|I|Thread-1|WebAutomation.20190723_174313.001|Scenario|Activity 1 - executing activity
2019-07-23 17:43:38,693|I|Thread-1|WebAutomation.20190723_174313.001|Scenario|Activity 1|#  5|base.verbose(text) - executing verbose(text)(Hello World! It's now $(sysdate|now|yyyy-MM-dd HH:mm:ss.S))
2019-07-23 17:43:38,880|I|Thread-1|WebAutomation.20190723_174313.001|Scenario|Activity 1|#  5|base.verbose(text) - Hello World! It's now 2019-07-23 17:43:38.708
2019-07-23 17:43:39,052|I|Thread-1|WebAutomation.20190723_174313.001|Scenario|Activity 1|#  5|base.verbose(text) - PASS 
2019-07-23 17:43:39,162|I|Thread-1|[WebAutomation.20190723_174313.001|Scenario] saving test scenario
2019-07-23 17:43:39,412|I|Thread-1|[20190723_174311] 
/-TEST COMPLETE-----------------------------------------------------------------
| Test Output:    C:\projects\WebAutomation\output\20190723_174311\WebAutomation.20190723_174313.001.xlsx
| Iteration:      1
\-------------------------------------------------------------------------------
» Execution Time: 1328 ms
» Test Steps:     1
» Error(s):       0



2019-07-23 17:44:02,429|I|Thread-1|[20190723_174311] 
/-TEST COMPLETE-----------------------------------------------------------------
| Test Script:    C:\projects\WebAutomation\artifact\script\WebAutomation.xlsx
\-------------------------------------------------------------------------------
» Execution Time: 50476 ms
» Iterations:     [1] total 1
» Test Steps:     1
» Passed:         1
» Error(s):       0
» Iteration 1 of 1: C:\projects\WebAutomation\output\20190723_174311\WebAutomation.20190723_174313.001.xlsx



2019-07-23 17:44:03,371|I|main|[20190723_174311] [C:\projects\WebAutomation\artifact\script\WebAutomation.xlsx] now completed
2019-07-23 17:44:03,371|I|main|[20190723_174311] all execution thread(s) have terminated
2019-07-23 17:44:03,371|I|main|[20190723_174311] test run completed in about 51 seconds
2019-07-23 17:44:03,559|I|main|No predefined nexial-setup found
2019-07-23 17:44:03,637|I|main|outputBase not set; output-to-cloud DISABLED!
2019-07-23 17:44:03,653|I|main|accessKey not set; output-to-cloud DISABLED!
2019-07-23 17:44:03,653|I|main|secretKey not set; output-to-cloud DISABLED!
2019-07-23 17:44:03,653|I|main|generating HTML output for this execution to C:\projects\WebAutomation\output\20190723_174311\execution-output.html
2019-07-23 17:44:04,515|I|main|generating JUnit XML output for this execution to C:\projects\WebAutomation\output\20190723_174311\junit.xml
2019-07-23 17:44:04,546|I|main|generated JUnit report for this execution: C:\projects\WebAutomation\output\20190723_174311\junit.xml
2019-07-23 17:44:04,562|I|main|nexial mailer not enabled: nexial.enableEmail=false
2019-07-23 17:44:04,562|I|main|skipped email notification as configured
2019-07-23 17:44:04,578|I|main|exiting Nexial...
2019-07-23 17:44:04,578|I|main|

/-END OF EXECUTION--------------------------------------------------------------
| » Execution Time: 51 sec.
| » Test Steps....: 1
| » Passed........: 1
| » Failed........: 0
| » Success Rate..: 100.00%
\----------------------------------------------------------nexial-core dev_0580-

2019-07-23 17:44:04,578|I|main|ALL PASSED!
2019-07-23 17:44:04,578|I|main|End of Execution:
NEXIAL_OUTPUT:         C:\projects\WebAutomation\output\20190723_174311
NEXIAL_EXECUTION_HTML: C:\projects\WebAutomation\output\20190723_174311\execution-output.html
NEXIAL_JUNIT_XML:      C:\projects\WebAutomation\output\20190723_174311\junit.xml
NEXIAL_SUCCESS_RATE:   100.00%
NEXIAL_EXIT_STATUS:    0
