2019-07-19 17:16:31,747|I|Thread-1|(DELAYED) nexial-core dev_0580 starting up...
2019-07-19 17:16:31,750|I|Thread-1|(DELAYED) data file resolved as C:\Users\SHAGUF~1.NIS\AppData\Local\Temp\augaj\DemoProject.data.xlsx
2019-07-19 17:16:31,750|I|Thread-1|(DELAYED) input files and output directory resolved...
2019-07-19 17:16:31,750|I|Thread-1|(DELAYED) No predefined nexial-setup found
2019-07-19 17:16:31,750|I|Thread-1|(DELAYED) [20190719_171631] [C:\projects\DemoProject\artifact\script\DemoProject.xlsx] resolve RUN ID as 20190719_171631
2019-07-19 17:16:31,750|I|Thread-1|(DELAYED) [20190719_171631] [C:\projects\DemoProject\artifact\script\DemoProject.xlsx] new thread started
2019-07-19 17:16:31,750|I|Thread-1|No predefined nexial-setup found
2019-07-19 17:16:31,837|I|Thread-1|outputBase not set; output-to-cloud DISABLED!
2019-07-19 17:16:31,837|I|Thread-1|accessKey not set; output-to-cloud DISABLED!
2019-07-19 17:16:31,838|I|Thread-1|secretKey not set; output-to-cloud DISABLED!
2019-07-19 17:16:31,885|I|Thread-1|missing REQUIRED configuration; sms DISABLED!
2019-07-19 17:16:32,970|I|Thread-1|[20190719_171631] executing C:\projects\DemoProject\artifact\script\DemoProject.xlsx with 1 iteration(s)
2019-07-19 17:16:32,983|I|Thread-1|[20190719_171631] create directory C:\projects\DemoProject\output\20190719_171631\captures
2019-07-19 17:16:32,985|I|Thread-1|[20190719_171631] create directory C:\projects\DemoProject\output\20190719_171631\logs
2019-07-19 17:16:33,961|I|Thread-1|[20190719_171631] merging test data to tmp file C:\projects\DemoProject\output\20190719_171631\DemoProject.20190719_171632.001.xlsx
2019-07-19 17:16:33,962|I|Thread-1|refetching data from C:\projects\DemoProject\artifact\data\DemoProject.data.xlsx
2019-07-19 17:16:34,363|I|Thread-1|[20190719_171631] test script and test data merged to C:\projects\DemoProject\output\20190719_171631\DemoProject.20190719_171632.001.xlsx
2019-07-19 17:16:35,348|I|Thread-1|STARTS
2019-07-19 17:16:35,382|I|Thread-1|DemoProject.20190719_171632.001 - executing iteration #1 of 1; Iteration Id 1
2019-07-19 17:16:35,394|I|Thread-1|DemoProject.20190719_171632.001|Scenario (2) - executing test scenario
2019-07-19 17:16:35,397|I|Thread-1|DemoProject.20190719_171632.001|Scenario (2)|Activity 1 - executing activity
2019-07-19 17:16:36,005|I|Thread-1|DemoProject.20190719_171632.001|Scenario (2)|Activity 1|#  5|base.save(var,value) - executing save(var,value)(a, $(syspath|project|fullpath)/artifact/data/abc.txt)
2019-07-19 17:16:36,082|I|Thread-1|DemoProject.20190719_171632.001|Scenario (2)|Activity 1|#  5|base.save(var,value) - PASS stored 'C:\projects\DemoProject\artifact\data\abc.txt' as ${a}
2019-07-19 17:16:36,684|I|Thread-1|DemoProject.20190719_171632.001|Scenario (2)|Activity 1|#  6|io.makeDirectory(source) - executing makeDirectory(source)(a)
2019-07-19 17:16:36,693|I|Thread-1|DemoProject.20190719_171632.001|Scenario (2)|Activity 1|#  6|io.makeDirectory(source) - PASS make directory complete on 'a'
2019-07-19 17:16:37,303|I|Thread-1|DemoProject.20190719_171632.001|Scenario (2)|Activity 1|#  7|io.readFile(var,file) - executing readFile(var,file)(b, $(syspath|project|fullpath)/artifact/data/abc.txt)
2019-07-19 17:16:37,322|I|Thread-1|DemoProject.20190719_171632.001|Scenario (2)|Activity 1|#  7|io.readFile(var,file) - PASS Content read from 'C:\projects\DemoProject\artifact\data\abc.txt' to ${b}
2019-07-19 17:16:37,334|I|Thread-1|DemoProject.20190719_171632.001|Scenario (2)|Activity 2 - executing activity
2019-07-19 17:16:37,939|I|Thread-1|DemoProject.20190719_171632.001|Scenario (2)|Activity 2|#  8|base.save(var,value) - executing save(var,value)(nexial.textDelim, 	)
2019-07-19 17:16:38,159|I|Thread-1|DemoProject.20190719_171632.001|Scenario (2)|Activity 2|#  8|base.save(var,value) - PASS stored '	' as ${nexial.textDelim}
2019-07-19 17:16:38,761|I|Thread-1|DemoProject.20190719_171632.001|Scenario (2)|Activity 2|#  9|base.save(var,value) - executing save(var,value)(json file , $(syspath|data|fullpath)/example3.json)
2019-07-19 17:16:38,776|I|Thread-1|DemoProject.20190719_171632.001|Scenario (2)|Activity 2|#  9|base.save(var,value) - PASS stored 'C:\projects\DemoProject\artifact\data\example3.json' as ${json file }
2019-07-19 17:16:39,391|I|Thread-1|DemoProject.20190719_171632.001|Scenario (2)|Activity 2|# 10|base.save(var,value) - executing save(var,value)(jsonpaths , last_name => distinct ascending,email[REGEX:.+\(\.gov|\.us\)] => descending,[gender=Female] => count)
2019-07-19 17:16:39,400|I|Thread-1|DemoProject.20190719_171632.001|Scenario (2)|Activity 2|# 10|base.save(var,value) - PASS stored 'last_name => distinct ascending,email[REGEX:.+\(\.gov|\.us\)] => descending,[gender=Female] => count' as ${jsonpaths }
2019-07-19 17:16:40,010|I|Thread-1|DemoProject.20190719_171632.001|Scenario (2)|Activity 2|# 11|base.verbose(text) - executing verbose(text)([JSON(${json file}) => select(${jsonpaths})])
2019-07-19 17:16:40,014|I|Thread-1|DemoProject.20190719_171632.001|Scenario (2)|Activity 2|# 11|base.verbose(text) - [JSON() => select()]
2019-07-19 17:16:40,024|I|Thread-1|DemoProject.20190719_171632.001|Scenario (2)|Activity 2|# 11|base.verbose(text) - PASS 
2019-07-19 17:16:40,272|I|Thread-1|[DemoProject.20190719_171632.001|Scenario (2)] saving test scenario
2019-07-19 17:16:40,372|I|Thread-1|[20190719_171631] 
/-TEST COMPLETE-----------------------------------------------------------------
| Test Output:    C:\projects\DemoProject\output\20190719_171631\DemoProject.20190719_171632.001.xlsx
| Iteration:      1
\-------------------------------------------------------------------------------
» Execution Time: 4978 ms
» Test Steps:     7
» Error(s):       0



2019-07-19 17:16:44,390|I|Thread-1|[20190719_171631] 
/-TEST COMPLETE-----------------------------------------------------------------
| Test Script:    C:\projects\DemoProject\artifact\script\DemoProject.xlsx
\-------------------------------------------------------------------------------
» Execution Time: 12876 ms
» Iterations:     [1] total 1
» Test Steps:     7
» Passed:         7
» Error(s):       0
» Iteration 1 of 1: C:\projects\DemoProject\output\20190719_171631\DemoProject.20190719_171632.001.xlsx



2019-07-19 17:16:44,460|I|main|[20190719_171631] [C:\projects\DemoProject\artifact\script\DemoProject.xlsx] now completed
2019-07-19 17:16:44,460|I|main|[20190719_171631] all execution thread(s) have terminated
2019-07-19 17:16:44,461|I|main|[20190719_171631] test run completed in about 13 seconds
2019-07-19 17:16:44,571|I|main|No predefined nexial-setup found
2019-07-19 17:16:44,613|I|main|outputBase not set; output-to-cloud DISABLED!
2019-07-19 17:16:44,613|I|main|accessKey not set; output-to-cloud DISABLED!
2019-07-19 17:16:44,614|I|main|secretKey not set; output-to-cloud DISABLED!
2019-07-19 17:16:44,615|I|main|generating HTML output for this execution to C:\projects\DemoProject\output\20190719_171631\execution-output.html
2019-07-19 17:16:45,264|I|main|generating JUnit XML output for this execution to C:\projects\DemoProject\output\20190719_171631\junit.xml
2019-07-19 17:16:45,309|I|main|generated JUnit report for this execution: C:\projects\DemoProject\output\20190719_171631\junit.xml
2019-07-19 17:16:45,325|I|main|nexial mailer not enabled: nexial.enableEmail=false
2019-07-19 17:16:45,326|I|main|skipped email notification as configured
2019-07-19 17:16:45,333|I|main|exiting Nexial...
2019-07-19 17:16:45,339|I|main|

/-END OF EXECUTION--------------------------------------------------------------
| » Execution Time: 13 sec.
| » Test Steps....: 7
| » Passed........: 7
| » Failed........: 0
| » Success Rate..: 100.00%
\----------------------------------------------------------nexial-core dev_0580-

2019-07-19 17:16:45,340|I|main|ALL PASSED!
2019-07-19 17:16:45,341|I|main|End of Execution:
NEXIAL_OUTPUT:         C:\projects\DemoProject\output\20190719_171631
NEXIAL_EXECUTION_HTML: C:\projects\DemoProject\output\20190719_171631\execution-output.html
NEXIAL_JUNIT_XML:      C:\projects\DemoProject\output\20190719_171631\junit.xml
NEXIAL_SUCCESS_RATE:   100.00%
NEXIAL_EXIT_STATUS:    0
