2019-07-24 17:03:25,479|I|Thread-1|(DELAYED) nexial-core dev_0580 starting up...
2019-07-24 17:03:25,479|I|Thread-1|(DELAYED) data file resolved as C:\Users\SHAGUF~1.NIS\AppData\Local\Temp\ETThi\WebAutomation.data.xlsx
2019-07-24 17:03:25,479|I|Thread-1|(DELAYED) input files and output directory resolved...
2019-07-24 17:03:25,479|I|Thread-1|(DELAYED) No predefined nexial-setup found
2019-07-24 17:03:25,479|I|Thread-1|(DELAYED) [20190724_170325] [C:\projects\WebAutomation\artifact\script\WebAutomation.xlsx] resolve RUN ID as 20190724_170325
2019-07-24 17:03:25,479|I|Thread-1|(DELAYED) [20190724_170325] [C:\projects\WebAutomation\artifact\script\WebAutomation.xlsx] new thread started
2019-07-24 17:03:25,479|I|Thread-1|No predefined nexial-setup found
2019-07-24 17:03:25,588|I|Thread-1|outputBase not set; output-to-cloud DISABLED!
2019-07-24 17:03:25,588|I|Thread-1|accessKey not set; output-to-cloud DISABLED!
2019-07-24 17:03:25,588|I|Thread-1|secretKey not set; output-to-cloud DISABLED!
2019-07-24 17:03:25,620|I|Thread-1|missing REQUIRED configuration; sms DISABLED!
2019-07-24 17:03:26,385|I|Thread-1|[20190724_170325] executing C:\projects\WebAutomation\artifact\script\WebAutomation.xlsx with 1 iteration(s)
2019-07-24 17:03:26,385|I|Thread-1|[20190724_170325] create directory C:\projects\WebAutomation\output\20190724_170325\captures
2019-07-24 17:03:26,385|I|Thread-1|[20190724_170325] create directory C:\projects\WebAutomation\output\20190724_170325\logs
2019-07-24 17:03:27,776|I|Thread-1|[20190724_170325] merging test data to tmp file C:\projects\WebAutomation\output\20190724_170325\WebAutomation.20190724_170326.001.xlsx
2019-07-24 17:03:27,776|I|Thread-1|refetching data from C:\projects\WebAutomation\artifact\data\WebAutomation.data.xlsx
2019-07-24 17:03:28,041|I|Thread-1|[20190724_170325] test script and test data merged to C:\projects\WebAutomation\output\20190724_170325\WebAutomation.20190724_170326.001.xlsx
2019-07-24 17:03:28,583|I|Thread-1|STARTS
2019-07-24 17:03:28,599|I|Thread-1|WebAutomation.20190724_170326.001 - executing iteration #1 of 1; Iteration Id 1
2019-07-24 17:03:28,599|I|Thread-1|WebAutomation.20190724_170326.001|S2 - executing test scenario
2019-07-24 17:03:28,599|I|Thread-1|WebAutomation.20190724_170326.001|S2|Activity 1 - executing activity
2019-07-24 17:03:29,224|I|Thread-1|WebAutomation.20190724_170326.001|S2|Activity 1|#  5|web.open(url) - executing open(url)(https://www.google.com/)
2019-07-24 17:03:29,224|I|Thread-1|No valid instance of webdriver, initializing...
2019-07-24 17:03:29,224|I|Thread-1|init chrome
2019-07-24 17:03:35,357|I|Thread-1|browser initialization completed for 'chrome'
2019-07-24 17:03:35,389|I|Thread-1|setting browser polling wait time to 800 ms
2019-07-24 17:03:35,404|I|Thread-1|setting browser page load timeout to 10000 ms
2019-07-24 17:03:37,477|I|Thread-1|current browser window handle:CDwindow-5982B5A7ACA11497E8BEB9A0E185342D
2019-07-24 17:03:37,531|I|Thread-1|WebAutomation.20190724_170326.001|S2|Activity 1|#  5|web.open(url) - PASS opened URL https://www.google.com/
2019-07-24 17:03:38,137|I|Thread-1|WebAutomation.20190724_170326.001|S2|Activity 1|#  6|web.assertTitle(text) - executing assertTitle(text)(Google)
2019-07-24 17:03:38,152|I|Thread-1|WebAutomation.20190724_170326.001|S2|Activity 1|#  6|web.assertTitle(text) - PASS 
2019-07-24 17:03:38,764|I|Thread-1|WebAutomation.20190724_170326.001|S2|Activity 1|#  7|web.assertElementPresent( - executing assertElementPresent(locator)(//input[@name='q'])
2019-07-24 17:03:38,796|I|Thread-1|WebAutomation.20190724_170326.001|S2|Activity 1|#  7|web.assertElementPresent( - PASS EXPECTED element '//input[@name='q']' found
2019-07-24 17:03:39,422|I|Thread-1|WebAutomation.20190724_170326.001|S2|Activity 1|#  8|web.click(locator) - executing click(locator)(//a[@class='gb_e'])
2019-07-24 17:03:39,453|I|Thread-1|clicking '//a[@class='gb_e']'...
2019-07-24 17:03:39,500|I|Thread-1|click target via JS, @id=
2019-07-24 17:03:41,443|I|Thread-1|clicked -> true
2019-07-24 17:03:41,444|I|Thread-1|WebAutomation.20190724_170326.001|S2|Activity 1|#  8|web.click(locator) - PASS click via JS event
2019-07-24 17:03:42,047|I|Thread-1|WebAutomation.20190724_170326.001|S2|Activity 1|#  9|web.click(locator) - executing click(locator)(//a[@ga-event-action='sign in'])
2019-07-24 17:03:42,078|I|Thread-1|clicking '//a[@ga-event-action='sign in']'...
2019-07-24 17:03:42,125|I|Thread-1|click target via JS, @id=
2019-07-24 17:03:42,256|I|Thread-1|clicked -> true
2019-07-24 17:03:42,258|I|Thread-1|WebAutomation.20190724_170326.001|S2|Activity 1|#  9|web.click(locator) - PASS click via JS event
2019-07-24 17:03:42,860|I|Thread-1|WebAutomation.20190724_170326.001|S2|Activity 1|# 10|web.type(locator,value) - executing type(locator,value)(/div[@class='Xb9hP']/input[@id='identifierId'], shagufta.nisar@atmecs.com)
2019-07-24 17:03:44,146|E|Thread-1|WebAutomation.20190724_170326.001|S2|Activity 1|# 10|web.type(locator,value) - FAIL EXECUTING COMMAND: web.type(locator,value)('/div[@class='Xb9hP']/input[@id='identifierId']', 'shagufta.nisar@atmecs.com')
Specified element not found: no such element: Unable to locate element: {"method":"xpath","selector":"/div[@class='Xb9hP']/input[@id='identifierId']"}   (Session info: chrome=75.0.3770.142)...
2019-07-24 17:03:44,825|I|Thread-1|WebAutomation.20190724_170326.001|S2|Activity 1|# 11|web.click(locator) - executing click(locator)(//span[@class='RveJvd snByac'])
2019-07-24 17:03:45,699|E|Thread-1|WebAutomation.20190724_170326.001|S2|Activity 1|# 11|web.click(locator) - FAIL No element via locator '//span[@class='RveJvd snByac']'
2019-07-24 17:03:45,886|I|Thread-1|[WebAutomation.20190724_170326.001|S2] saving test scenario
2019-07-24 17:03:46,007|I|Thread-1|[20190724_170325] 
/-TEST COMPLETE-----------------------------------------------------------------
| Test Output:    C:\projects\WebAutomation\output\20190724_170325\WebAutomation.20190724_170326.001.xlsx
| Iteration:      1
\-------------------------------------------------------------------------------
» Execution Time: 17408 ms
» Test Steps:     7
» Error(s):       2



2019-07-24 17:03:47,119|I|Thread-1|[20190724_170325] 
/-TEST COMPLETE-----------------------------------------------------------------
| Test Script:    C:\projects\WebAutomation\artifact\script\WebAutomation.xlsx
\-------------------------------------------------------------------------------
» Execution Time: 21829 ms
» Iterations:     [1] total 1
» Test Steps:     7
» Passed:         5
» Error(s):       2
» Iteration 1 of 1: C:\projects\WebAutomation\output\20190724_170325\WebAutomation.20190724_170326.001.xlsx



2019-07-24 17:03:47,384|I|main|[20190724_170325] [C:\projects\WebAutomation\artifact\script\WebAutomation.xlsx] now completed
2019-07-24 17:03:47,384|I|main|[20190724_170325] all execution thread(s) have terminated
2019-07-24 17:03:47,384|I|main|[20190724_170325] test run completed in about 22 seconds
2019-07-24 17:03:47,532|I|main|No predefined nexial-setup found
2019-07-24 17:03:47,611|I|main|outputBase not set; output-to-cloud DISABLED!
2019-07-24 17:03:47,612|I|main|accessKey not set; output-to-cloud DISABLED!
2019-07-24 17:03:47,612|I|main|secretKey not set; output-to-cloud DISABLED!
2019-07-24 17:03:47,614|I|main|generating HTML output for this execution to C:\projects\WebAutomation\output\20190724_170325\execution-output.html
2019-07-24 17:03:48,342|I|main|generating JUnit XML output for this execution to C:\projects\WebAutomation\output\20190724_170325\junit.xml
2019-07-24 17:03:48,405|I|main|generated JUnit report for this execution: C:\projects\WebAutomation\output\20190724_170325\junit.xml
2019-07-24 17:03:48,405|I|main|nexial mailer not enabled: nexial.enableEmail=false
2019-07-24 17:03:48,405|I|main|skipped email notification as configured
2019-07-24 17:03:48,405|I|main|exiting Nexial...
2019-07-24 17:03:48,405|I|main|shutdown starts...
2019-07-24 17:03:48,405|I|main|Shutting down 'chrome' webdriver...
2019-07-24 17:03:52,187|I|main|shutdown ends...
2019-07-24 17:03:52,187|I|main|

/-END OF EXECUTION--------------------------------------------------------------
| » Execution Time: 22 sec.
| » Test Steps....: 7
| » Passed........: 5
| » Failed........: 2
| » Success Rate..: 71.43%
\----------------------------------------------------------nexial-core dev_0580-

2019-07-24 17:03:52,187|E|main|failure found; success rate is 71.43%
2019-07-24 17:03:52,187|I|main|End of Execution:
NEXIAL_OUTPUT:         C:\projects\WebAutomation\output\20190724_170325
NEXIAL_EXECUTION_HTML: C:\projects\WebAutomation\output\20190724_170325\execution-output.html
NEXIAL_JUNIT_XML:      C:\projects\WebAutomation\output\20190724_170325\junit.xml
NEXIAL_SUCCESS_RATE:   71.43%
NEXIAL_EXIT_STATUS:    -13
