2019-07-19 14:54:34,399|I|Thread-1|(DELAYED) nexial-core dev_0580 starting up...
2019-07-19 14:54:34,402|I|Thread-1|(DELAYED) validating test script as C:\projects\DemoProject\artifact\script\DemoProject.xlsx
2019-07-19 14:54:34,402|I|Thread-1|(DELAYED) validating data file as C:\projects\DemoProject\artifact\data\DemoProject.data.xlsx
2019-07-19 14:54:34,402|I|Thread-1|(DELAYED) input files and output directory resolved...
2019-07-19 14:54:34,402|I|Thread-1|(DELAYED) No predefined nexial-setup found
2019-07-19 14:54:34,403|I|Thread-1|(DELAYED) [20190719_145434] [C:\projects\DemoProject\artifact\script\DemoProject.xlsx] resolve RUN ID as 20190719_145434
2019-07-19 14:54:34,406|I|Thread-1|(DELAYED) [20190719_145434] [C:\projects\DemoProject\artifact\script\DemoProject.xlsx] new thread started
2019-07-19 14:54:34,406|I|Thread-1|No predefined nexial-setup found
2019-07-19 14:54:34,512|I|Thread-1|outputBase not set; output-to-cloud DISABLED!
2019-07-19 14:54:34,513|I|Thread-1|accessKey not set; output-to-cloud DISABLED!
2019-07-19 14:54:34,514|I|Thread-1|secretKey not set; output-to-cloud DISABLED!
2019-07-19 14:54:34,547|I|Thread-1|missing REQUIRED configuration; sms DISABLED!
2019-07-19 14:54:35,424|I|Thread-1|[20190719_145434] executing C:\projects\DemoProject\artifact\script\DemoProject.xlsx with 1 iteration(s)
2019-07-19 14:54:35,430|I|Thread-1|[20190719_145434] create directory C:\projects\DemoProject\output\20190719_145434\captures
2019-07-19 14:54:35,431|I|Thread-1|[20190719_145434] create directory C:\projects\DemoProject\output\20190719_145434\logs
2019-07-19 14:54:36,699|E|Thread-1|[20190719_145434] 
/-TEST FAILED!!-----------------------------------------------------------------
| Test Output:    C:\projects\DemoProject\output\20190719_145434\DemoProject-plan.001,DemoProject.20190719_145435.001.xlsx
| Iteration:      1
\-------------------------------------------------------------------------------
» Error:          Specified scenario(s) of C:\projects\DemoProject\artifact\script\DemoProject.xlsx not found: [Scenario(2)]
2019-07-19 14:54:36,700|I|Thread-1|current script - [ABORT] fail-immediate in effect - test execution will stop now.
2019-07-19 14:54:38,069|I|Thread-1|[20190719_145434] 
/-TEST COMPLETE-----------------------------------------------------------------
| Test Script:    C:\projects\DemoProject\artifact\script\DemoProject.xlsx
\-------------------------------------------------------------------------------
» Execution Time: 3863 ms
» Iterations:     [1] total 1
» Test Steps:     0
» Passed:         0
» Error(s):       0
» Iteration 1 of 1: null



2019-07-19 14:54:38,147|I|main|[20190719_145434] [C:\projects\DemoProject\artifact\script\DemoProject.xlsx] now completed
2019-07-19 14:54:38,147|I|main|[20190719_145434] all execution thread(s) have terminated
2019-07-19 14:54:38,149|I|main|[20190719_145434] test run completed in about 4 seconds
2019-07-19 14:54:38,229|I|main|No predefined nexial-setup found
2019-07-19 14:54:38,268|I|main|outputBase not set; output-to-cloud DISABLED!
2019-07-19 14:54:38,269|I|main|accessKey not set; output-to-cloud DISABLED!
2019-07-19 14:54:38,270|I|main|secretKey not set; output-to-cloud DISABLED!
2019-07-19 14:54:38,271|I|main|generating HTML output for this execution to C:\projects\DemoProject\output\20190719_145434\execution-output.html
2019-07-19 14:54:38,924|I|main|generating JUnit XML output for this execution to C:\projects\DemoProject\output\20190719_145434\junit.xml
2019-07-19 14:54:38,954|I|main|generated JUnit report for this execution: C:\projects\DemoProject\output\20190719_145434\junit.xml
2019-07-19 14:54:38,956|I|main|nexial mailer not enabled: nexial.enableEmail=false
2019-07-19 14:54:38,956|I|main|skipped email notification as configured
2019-07-19 14:54:38,957|I|main|exiting Nexial...
2019-07-19 14:54:38,959|I|main|

/-END OF EXECUTION--------------------------------------------------------------
| » Execution Time: 4 sec.
| » Test Steps....: 0
| » Passed........: 0
| » Failed........: 0
| » Success Rate..: 0.00%
\----------------------------------------------------------nexial-core dev_0580-

2019-07-19 14:54:38,960|E|main|failure found; success rate is 0.00%
2019-07-19 14:54:38,961|I|main|End of Execution:
NEXIAL_OUTPUT:         C:\projects\DemoProject\output\20190719_145434
NEXIAL_EXECUTION_HTML: C:\projects\DemoProject\output\20190719_145434\execution-output.html
NEXIAL_JUNIT_XML:      C:\projects\DemoProject\output\20190719_145434\junit.xml
NEXIAL_SUCCESS_RATE:   0.00%
NEXIAL_EXIT_STATUS:    -13
