2019-07-24 18:40:48,019|I|Thread-1|(DELAYED) nexial-core dev_0580 starting up...
2019-07-24 18:40:48,019|I|Thread-1|(DELAYED) data file resolved as C:\Users\SHAGUF~1.NIS\AppData\Local\Temp\njPuW\WebAutomation.data.xlsx
2019-07-24 18:40:48,019|I|Thread-1|(DELAYED) input files and output directory resolved...
2019-07-24 18:40:48,019|I|Thread-1|(DELAYED) No predefined nexial-setup found
2019-07-24 18:40:48,019|I|Thread-1|(DELAYED) [20190724_184047] [C:\projects\WebAutomation\artifact\script\WebAutomation.xlsx] resolve RUN ID as 20190724_184047
2019-07-24 18:40:48,019|I|Thread-1|(DELAYED) [20190724_184047] [C:\projects\WebAutomation\artifact\script\WebAutomation.xlsx] new thread started
2019-07-24 18:40:48,019|I|Thread-1|No predefined nexial-setup found
2019-07-24 18:40:48,097|I|Thread-1|outputBase not set; output-to-cloud DISABLED!
2019-07-24 18:40:48,097|I|Thread-1|accessKey not set; output-to-cloud DISABLED!
2019-07-24 18:40:48,097|I|Thread-1|secretKey not set; output-to-cloud DISABLED!
2019-07-24 18:40:48,128|I|Thread-1|missing REQUIRED configuration; sms DISABLED!
2019-07-24 18:40:48,926|I|Thread-1|[20190724_184047] executing C:\projects\WebAutomation\artifact\script\WebAutomation.xlsx with 1 iteration(s)
2019-07-24 18:40:48,926|I|Thread-1|[20190724_184047] create directory C:\projects\WebAutomation\output\20190724_184047\captures
2019-07-24 18:40:48,926|I|Thread-1|[20190724_184047] create directory C:\projects\WebAutomation\output\20190724_184047\logs
2019-07-24 18:40:50,364|I|Thread-1|[20190724_184047] merging test data to tmp file C:\projects\WebAutomation\output\20190724_184047\WebAutomation.20190724_184048.001.xlsx
2019-07-24 18:40:50,364|I|Thread-1|refetching data from C:\projects\WebAutomation\artifact\data\WebAutomation.data.xlsx
2019-07-24 18:40:50,661|I|Thread-1|[20190724_184047] test script and test data merged to C:\projects\WebAutomation\output\20190724_184047\WebAutomation.20190724_184048.001.xlsx
2019-07-24 18:40:51,333|I|Thread-1|STARTS
2019-07-24 18:40:51,349|I|Thread-1|WebAutomation.20190724_184048.001 - executing iteration #1 of 1; Iteration Id 1
2019-07-24 18:40:51,364|I|Thread-1|WebAutomation.20190724_184048.001|S2 - executing test scenario
2019-07-24 18:40:51,364|I|Thread-1|WebAutomation.20190724_184048.001|S2|Activity 1 - executing activity
2019-07-24 18:40:51,974|I|Thread-1|WebAutomation.20190724_184048.001|S2|Activity 1|#  5|web.open(url) - executing open(url)(https://www.google.com/)
2019-07-24 18:40:51,974|I|Thread-1|No valid instance of webdriver, initializing...
2019-07-24 18:40:51,974|I|Thread-1|init chrome
2019-07-24 18:40:58,206|I|Thread-1|browser initialization completed for 'chrome'
2019-07-24 18:40:58,253|I|Thread-1|setting browser polling wait time to 800 ms
2019-07-24 18:40:58,285|I|Thread-1|setting browser page load timeout to 10000 ms
2019-07-24 18:41:00,522|I|Thread-1|current browser window handle:CDwindow-9018B621174643445A6340946AB3694B
2019-07-24 18:41:00,585|I|Thread-1|WebAutomation.20190724_184048.001|S2|Activity 1|#  5|web.open(url) - PASS opened URL https://www.google.com/
2019-07-24 18:41:01,197|I|Thread-1|WebAutomation.20190724_184048.001|S2|Activity 1|#  6|web.assertTitle(text) - executing assertTitle(text)(Google)
2019-07-24 18:41:01,228|I|Thread-1|WebAutomation.20190724_184048.001|S2|Activity 1|#  6|web.assertTitle(text) - PASS 
2019-07-24 18:41:01,829|I|Thread-1|WebAutomation.20190724_184048.001|S2|Activity 1|#  7|web.assertElementPresent( - executing assertElementPresent(locator)(//input[@name='q'])
2019-07-24 18:41:01,874|I|Thread-1|WebAutomation.20190724_184048.001|S2|Activity 1|#  7|web.assertElementPresent( - PASS EXPECTED element '//input[@name='q']' found
2019-07-24 18:41:02,485|I|Thread-1|WebAutomation.20190724_184048.001|S2|Activity 1|#  8|web.click(locator) - executing click(locator)(//a[@class='gb_e'])
2019-07-24 18:41:02,516|I|Thread-1|clicking '//a[@class='gb_e']'...
2019-07-24 18:41:02,563|I|Thread-1|click target via JS, @id=
2019-07-24 18:41:04,450|I|Thread-1|clicked -> true
2019-07-24 18:41:04,451|I|Thread-1|WebAutomation.20190724_184048.001|S2|Activity 1|#  8|web.click(locator) - PASS click via JS event
2019-07-24 18:41:05,067|I|Thread-1|WebAutomation.20190724_184048.001|S2|Activity 1|#  9|web.click(locator) - executing click(locator)(//a[@ga-event-action='sign in'])
2019-07-24 18:41:05,099|I|Thread-1|clicking '//a[@ga-event-action='sign in']'...
2019-07-24 18:41:05,130|I|Thread-1|click target via JS, @id=
2019-07-24 18:41:05,237|I|Thread-1|clicked -> true
2019-07-24 18:41:05,239|I|Thread-1|WebAutomation.20190724_184048.001|S2|Activity 1|#  9|web.click(locator) - PASS click via JS event
2019-07-24 18:41:05,841|I|Thread-1|WebAutomation.20190724_184048.001|S2|Activity 1|# 10|web.type(locator,value) - executing type(locator,value)(//input[@name='identifier']/input[@id='identifierId'], shagufta.nisar@atmecs.com)
2019-07-24 18:41:06,974|E|Thread-1|WebAutomation.20190724_184048.001|S2|Activity 1|# 10|web.type(locator,value) - FAIL EXECUTING COMMAND: web.type(locator,value)('//input[@name='identifier']/input[@id='identifierId']', 'shagufta.nisar@atmecs.com')
Specified element not found: no such element: Unable to locate element: {"method":"xpath","selector":"//input[@name='identifier']/input[@id='identifierId']"}   (Session info: chrome=75.0.3770.142)...
2019-07-24 18:41:07,579|I|Thread-1|WebAutomation.20190724_184048.001|S2|Activity 1|# 11|web.click(locator) - executing click(locator)(//span[@class='RveJvd snByac'])
2019-07-24 18:41:08,442|E|Thread-1|WebAutomation.20190724_184048.001|S2|Activity 1|# 11|web.click(locator) - FAIL No element via locator '//span[@class='RveJvd snByac']'
2019-07-24 18:41:08,649|I|Thread-1|[WebAutomation.20190724_184048.001|S2] saving test scenario
2019-07-24 18:41:08,758|I|Thread-1|[20190724_184047] 
/-TEST COMPLETE-----------------------------------------------------------------
| Test Output:    C:\projects\WebAutomation\output\20190724_184047\WebAutomation.20190724_184048.001.xlsx
| Iteration:      1
\-------------------------------------------------------------------------------
» Execution Time: 17409 ms
» Test Steps:     7
» Error(s):       2



2019-07-24 18:41:09,840|I|Thread-1|[20190724_184047] 
/-TEST COMPLETE-----------------------------------------------------------------
| Test Script:    C:\projects\WebAutomation\artifact\script\WebAutomation.xlsx
\-------------------------------------------------------------------------------
» Execution Time: 21989 ms
» Iterations:     [1] total 1
» Test Steps:     7
» Passed:         5
» Error(s):       2
» Iteration 1 of 1: C:\projects\WebAutomation\output\20190724_184047\WebAutomation.20190724_184048.001.xlsx



2019-07-24 18:41:10,010|I|main|[20190724_184047] [C:\projects\WebAutomation\artifact\script\WebAutomation.xlsx] now completed
2019-07-24 18:41:10,011|I|main|[20190724_184047] all execution thread(s) have terminated
2019-07-24 18:41:10,012|I|main|[20190724_184047] test run completed in about 22 seconds
2019-07-24 18:41:10,127|I|main|No predefined nexial-setup found
2019-07-24 18:41:10,195|I|main|outputBase not set; output-to-cloud DISABLED!
2019-07-24 18:41:10,196|I|main|accessKey not set; output-to-cloud DISABLED!
2019-07-24 18:41:10,196|I|main|secretKey not set; output-to-cloud DISABLED!
2019-07-24 18:41:10,200|I|main|generating HTML output for this execution to C:\projects\WebAutomation\output\20190724_184047\execution-output.html
2019-07-24 18:41:10,896|I|main|generating JUnit XML output for this execution to C:\projects\WebAutomation\output\20190724_184047\junit.xml
2019-07-24 18:41:10,943|I|main|generated JUnit report for this execution: C:\projects\WebAutomation\output\20190724_184047\junit.xml
2019-07-24 18:41:10,943|I|main|nexial mailer not enabled: nexial.enableEmail=false
2019-07-24 18:41:10,943|I|main|skipped email notification as configured
2019-07-24 18:41:10,943|I|main|exiting Nexial...
2019-07-24 18:41:10,943|I|main|shutdown starts...
2019-07-24 18:41:10,943|I|main|Shutting down 'chrome' webdriver...
2019-07-24 18:41:14,749|I|main|shutdown ends...
2019-07-24 18:41:14,754|I|main|

/-END OF EXECUTION--------------------------------------------------------------
| » Execution Time: 22 sec.
| » Test Steps....: 7
| » Passed........: 5
| » Failed........: 2
| » Success Rate..: 71.43%
\----------------------------------------------------------nexial-core dev_0580-

2019-07-24 18:41:14,756|E|main|failure found; success rate is 71.43%
2019-07-24 18:41:14,764|I|main|End of Execution:
NEXIAL_OUTPUT:         C:\projects\WebAutomation\output\20190724_184047
NEXIAL_EXECUTION_HTML: C:\projects\WebAutomation\output\20190724_184047\execution-output.html
NEXIAL_JUNIT_XML:      C:\projects\WebAutomation\output\20190724_184047\junit.xml
NEXIAL_SUCCESS_RATE:   71.43%
NEXIAL_EXIT_STATUS:    -13
