2019-07-25 11:51:42,637|I|Thread-1|(DELAYED) nexial-core dev_0580 starting up...
2019-07-25 11:51:42,653|I|Thread-1|(DELAYED) data file resolved as C:\Users\SHAGUF~1.NIS\AppData\Local\Temp\DbBfa\WebAutomation.data.xlsx
2019-07-25 11:51:42,653|I|Thread-1|(DELAYED) input files and output directory resolved...
2019-07-25 11:51:42,653|I|Thread-1|(DELAYED) No predefined nexial-setup found
2019-07-25 11:51:42,653|I|Thread-1|(DELAYED) [20190725_115142] [C:\projects\WebAutomation\artifact\script\WebAutomation.xlsx] resolve RUN ID as 20190725_115142
2019-07-25 11:51:42,653|I|Thread-1|(DELAYED) [20190725_115142] [C:\projects\WebAutomation\artifact\script\WebAutomation.xlsx] new thread started
2019-07-25 11:51:42,653|I|Thread-1|No predefined nexial-setup found
2019-07-25 11:51:42,731|I|Thread-1|outputBase not set; output-to-cloud DISABLED!
2019-07-25 11:51:42,731|I|Thread-1|accessKey not set; output-to-cloud DISABLED!
2019-07-25 11:51:42,731|I|Thread-1|secretKey not set; output-to-cloud DISABLED!
2019-07-25 11:51:42,762|I|Thread-1|missing REQUIRED configuration; sms DISABLED!
2019-07-25 11:51:43,601|I|Thread-1|[20190725_115142] executing C:\projects\WebAutomation\artifact\script\WebAutomation.xlsx with 1 iteration(s)
2019-07-25 11:51:43,608|I|Thread-1|[20190725_115142] create directory C:\projects\WebAutomation\output\20190725_115142\captures
2019-07-25 11:51:43,611|I|Thread-1|[20190725_115142] create directory C:\projects\WebAutomation\output\20190725_115142\logs
2019-07-25 11:51:45,097|I|Thread-1|[20190725_115142] merging test data to tmp file C:\projects\WebAutomation\output\20190725_115142\WebAutomation.20190725_115143.001.xlsx
2019-07-25 11:51:45,097|I|Thread-1|refetching data from C:\projects\WebAutomation\artifact\data\WebAutomation.data.xlsx
2019-07-25 11:51:45,409|I|Thread-1|[20190725_115142] test script and test data merged to C:\projects\WebAutomation\output\20190725_115142\WebAutomation.20190725_115143.001.xlsx
2019-07-25 11:51:45,959|I|Thread-1|STARTS
2019-07-25 11:51:45,991|I|Thread-1|WebAutomation.20190725_115143.001 - executing iteration #1 of 1; Iteration Id 1
2019-07-25 11:51:45,991|I|Thread-1|WebAutomation.20190725_115143.001|S2 - executing test scenario
2019-07-25 11:51:45,991|I|Thread-1|WebAutomation.20190725_115143.001|S2|Activity 1 - executing activity
2019-07-25 11:51:46,591|I|Thread-1|WebAutomation.20190725_115143.001|S2|Activity 1|#  5|web.open(url) - executing open(url)(https://www.google.com/)
2019-07-25 11:51:46,594|I|Thread-1|No valid instance of webdriver, initializing...
2019-07-25 11:51:46,597|I|Thread-1|init chrome
2019-07-25 11:51:52,722|I|Thread-1|browser initialization completed for 'chrome'
2019-07-25 11:51:52,738|I|Thread-1|setting browser polling wait time to 800 ms
2019-07-25 11:51:52,769|I|Thread-1|setting browser page load timeout to 10000 ms
2019-07-25 11:51:54,822|I|Thread-1|current browser window handle:CDwindow-636264A960DC884E52BDE4EF6EBDC502
2019-07-25 11:51:54,866|I|Thread-1|WebAutomation.20190725_115143.001|S2|Activity 1|#  5|web.open(url) - PASS opened URL https://www.google.com/
2019-07-25 11:51:55,478|I|Thread-1|WebAutomation.20190725_115143.001|S2|Activity 1|#  6|web.assertTitle(text) - executing assertTitle(text)(Google)
2019-07-25 11:51:55,494|I|Thread-1|WebAutomation.20190725_115143.001|S2|Activity 1|#  6|web.assertTitle(text) - PASS 
2019-07-25 11:51:56,094|I|Thread-1|WebAutomation.20190725_115143.001|S2|Activity 1|#  7|web.assertElementPresent( - executing assertElementPresent(locator)(//input[@name='q'])
2019-07-25 11:51:56,125|I|Thread-1|WebAutomation.20190725_115143.001|S2|Activity 1|#  7|web.assertElementPresent( - PASS EXPECTED element '//input[@name='q']' found
2019-07-25 11:51:56,742|I|Thread-1|WebAutomation.20190725_115143.001|S2|Activity 1|#  8|web.click(locator) - executing click(locator)(//a[@class='gb_e'])
2019-07-25 11:51:56,784|I|Thread-1|clicking '//a[@class='gb_e']'...
2019-07-25 11:51:56,815|I|Thread-1|click target via JS, @id=
2019-07-25 11:51:58,939|I|Thread-1|clicked -> true
2019-07-25 11:51:58,940|I|Thread-1|WebAutomation.20190725_115143.001|S2|Activity 1|#  8|web.click(locator) - PASS click via JS event
2019-07-25 11:51:59,544|I|Thread-1|WebAutomation.20190725_115143.001|S2|Activity 1|#  9|web.click(locator) - executing click(locator)(//a[@ga-event-action='sign in'])
2019-07-25 11:51:59,619|I|Thread-1|clicking '//a[@ga-event-action='sign in']'...
2019-07-25 11:51:59,654|I|Thread-1|click target via JS, @id=
2019-07-25 11:51:59,754|I|Thread-1|clicked -> true
2019-07-25 11:51:59,755|I|Thread-1|WebAutomation.20190725_115143.001|S2|Activity 1|#  9|web.click(locator) - PASS click via JS event
2019-07-25 11:52:00,357|I|Thread-1|WebAutomation.20190725_115143.001|S2|Activity 1|# 10|web.type(locator,value) - executing type(locator,value)(//input[@name='identifier'][@id='identifierId'], shagufta.nisar@atmecs.com)
2019-07-25 11:52:01,661|E|Thread-1|WebAutomation.20190725_115143.001|S2|Activity 1|# 10|web.type(locator,value) - FAIL EXECUTING COMMAND: web.type(locator,value)('//input[@name='identifier'][@id='identifierId']', 'shagufta.nisar@atmecs.com')
Specified element not found: no such element: Unable to locate element: {"method":"xpath","selector":"//input[@name='identifier'][@id='identifierId']"}   (Session info: chrome=75.0.3770.142)...
2019-07-25 11:52:02,451|I|Thread-1|WebAutomation.20190725_115143.001|S2|Activity 1|# 11|web.click(locator) - executing click(locator)(//span[@class='RveJvd snByac'])
2019-07-25 11:52:03,304|E|Thread-1|WebAutomation.20190725_115143.001|S2|Activity 1|# 11|web.click(locator) - FAIL No element via locator '//span[@class='RveJvd snByac']'
2019-07-25 11:52:03,664|I|Thread-1|[WebAutomation.20190725_115143.001|S2] saving test scenario
2019-07-25 11:52:03,929|I|Thread-1|[20190725_115142] 
/-TEST COMPLETE-----------------------------------------------------------------
| Test Output:    C:\projects\WebAutomation\output\20190725_115142\WebAutomation.20190725_115143.001.xlsx
| Iteration:      1
\-------------------------------------------------------------------------------
» Execution Time: 17923 ms
» Test Steps:     7
» Error(s):       2



2019-07-25 11:52:05,418|I|Thread-1|[20190725_115142] 
/-TEST COMPLETE-----------------------------------------------------------------
| Test Script:    C:\projects\WebAutomation\artifact\script\WebAutomation.xlsx
\-------------------------------------------------------------------------------
» Execution Time: 22975 ms
» Iterations:     [1] total 1
» Test Steps:     7
» Passed:         5
» Error(s):       2
» Iteration 1 of 1: C:\projects\WebAutomation\output\20190725_115142\WebAutomation.20190725_115143.001.xlsx



2019-07-25 11:52:05,679|I|main|[20190725_115142] [C:\projects\WebAutomation\artifact\script\WebAutomation.xlsx] now completed
2019-07-25 11:52:05,680|I|main|[20190725_115142] all execution thread(s) have terminated
2019-07-25 11:52:05,681|I|main|[20190725_115142] test run completed in about 23 seconds
2019-07-25 11:52:05,775|I|main|No predefined nexial-setup found
2019-07-25 11:52:05,822|I|main|outputBase not set; output-to-cloud DISABLED!
2019-07-25 11:52:05,822|I|main|accessKey not set; output-to-cloud DISABLED!
2019-07-25 11:52:05,822|I|main|secretKey not set; output-to-cloud DISABLED!
2019-07-25 11:52:05,822|I|main|generating HTML output for this execution to C:\projects\WebAutomation\output\20190725_115142\execution-output.html
2019-07-25 11:52:06,656|I|main|generating JUnit XML output for this execution to C:\projects\WebAutomation\output\20190725_115142\junit.xml
2019-07-25 11:52:06,702|I|main|generated JUnit report for this execution: C:\projects\WebAutomation\output\20190725_115142\junit.xml
2019-07-25 11:52:06,703|I|main|nexial mailer not enabled: nexial.enableEmail=false
2019-07-25 11:52:06,704|I|main|skipped email notification as configured
2019-07-25 11:52:06,705|I|main|exiting Nexial...
2019-07-25 11:52:06,706|I|main|shutdown starts...
2019-07-25 11:52:06,709|I|main|Shutting down 'chrome' webdriver...
2019-07-25 11:52:10,480|I|main|shutdown ends...
2019-07-25 11:52:10,485|I|main|

/-END OF EXECUTION--------------------------------------------------------------
| » Execution Time: 23 sec.
| » Test Steps....: 7
| » Passed........: 5
| » Failed........: 2
| » Success Rate..: 71.43%
\----------------------------------------------------------nexial-core dev_0580-

2019-07-25 11:52:10,487|E|main|failure found; success rate is 71.43%
2019-07-25 11:52:10,495|I|main|End of Execution:
NEXIAL_OUTPUT:         C:\projects\WebAutomation\output\20190725_115142
NEXIAL_EXECUTION_HTML: C:\projects\WebAutomation\output\20190725_115142\execution-output.html
NEXIAL_JUNIT_XML:      C:\projects\WebAutomation\output\20190725_115142\junit.xml
NEXIAL_SUCCESS_RATE:   71.43%
NEXIAL_EXIT_STATUS:    -13
