2019-07-19 17:15:57,230|I|Thread-1|(DELAYED) nexial-core dev_0580 starting up...
2019-07-19 17:15:57,236|I|Thread-1|(DELAYED) data file resolved as C:\Users\SHAGUF~1.NIS\AppData\Local\Temp\LFvPg\DemoProject.data.xlsx
2019-07-19 17:15:57,237|I|Thread-1|(DELAYED) input files and output directory resolved...
2019-07-19 17:15:57,237|I|Thread-1|(DELAYED) No predefined nexial-setup found
2019-07-19 17:15:57,237|I|Thread-1|(DELAYED) [20190719_171556] [C:\projects\DemoProject\artifact\script\DemoProject.xlsx] resolve RUN ID as 20190719_171556
2019-07-19 17:15:57,237|I|Thread-1|(DELAYED) [20190719_171556] [C:\projects\DemoProject\artifact\script\DemoProject.xlsx] new thread started
2019-07-19 17:15:57,237|I|Thread-1|No predefined nexial-setup found
2019-07-19 17:15:57,329|I|Thread-1|outputBase not set; output-to-cloud DISABLED!
2019-07-19 17:15:57,331|I|Thread-1|accessKey not set; output-to-cloud DISABLED!
2019-07-19 17:15:57,331|I|Thread-1|secretKey not set; output-to-cloud DISABLED!
2019-07-19 17:15:57,364|I|Thread-1|missing REQUIRED configuration; sms DISABLED!
2019-07-19 17:15:58,244|I|Thread-1|[20190719_171556] executing C:\projects\DemoProject\artifact\script\DemoProject.xlsx with 1 iteration(s)
2019-07-19 17:15:58,249|I|Thread-1|[20190719_171556] create directory C:\projects\DemoProject\output\20190719_171556\captures
2019-07-19 17:15:58,252|I|Thread-1|[20190719_171556] create directory C:\projects\DemoProject\output\20190719_171556\logs
2019-07-19 17:15:58,980|I|Thread-1|[20190719_171556] merging test data to tmp file C:\projects\DemoProject\output\20190719_171556\DemoProject.20190719_171558.001.xlsx
2019-07-19 17:15:58,982|I|Thread-1|refetching data from C:\projects\DemoProject\artifact\data\DemoProject.data.xlsx
2019-07-19 17:15:59,285|I|Thread-1|[20190719_171556] test script and test data merged to C:\projects\DemoProject\output\20190719_171556\DemoProject.20190719_171558.001.xlsx
2019-07-19 17:16:00,040|I|Thread-1|STARTS
2019-07-19 17:16:00,065|I|Thread-1|DemoProject.20190719_171558.001 - executing iteration #1 of 1; Iteration Id 1
2019-07-19 17:16:00,079|I|Thread-1|DemoProject.20190719_171558.001|Scenario (2) - executing test scenario
2019-07-19 17:16:00,080|I|Thread-1|DemoProject.20190719_171558.001|Scenario (2)|Activity 1 - executing activity
2019-07-19 17:16:00,683|I|Thread-1|DemoProject.20190719_171558.001|Scenario (2)|Activity 1|#  5|base.save(var,value) - executing save(var,value)(a, $(syspath|project|fullpath)/artifact/data/abc.txt)
2019-07-19 17:16:00,765|I|Thread-1|DemoProject.20190719_171558.001|Scenario (2)|Activity 1|#  5|base.save(var,value) - PASS stored 'C:\projects\DemoProject\artifact\data\abc.txt' as ${a}
2019-07-19 17:16:01,367|I|Thread-1|DemoProject.20190719_171558.001|Scenario (2)|Activity 1|#  6|io.makeDirectory(source) - executing makeDirectory(source)(a)
2019-07-19 17:16:01,377|I|Thread-1|DemoProject.20190719_171558.001|Scenario (2)|Activity 1|#  6|io.makeDirectory(source) - PASS make directory complete on 'a'
2019-07-19 17:16:01,986|I|Thread-1|DemoProject.20190719_171558.001|Scenario (2)|Activity 1|#  7|io.readFile(var,file) - executing readFile(var,file)(b, $(syspath|project|fullpath)/artifact/data/abc.txt)
2019-07-19 17:16:02,007|I|Thread-1|DemoProject.20190719_171558.001|Scenario (2)|Activity 1|#  7|io.readFile(var,file) - PASS Content read from 'C:\projects\DemoProject\artifact\data\abc.txt' to ${b}
2019-07-19 17:16:02,012|I|Thread-1|DemoProject.20190719_171558.001|Scenario (2)|Activity 2 - executing activity
2019-07-19 17:16:02,613|I|Thread-1|DemoProject.20190719_171558.001|Scenario (2)|Activity 2|#  8|base.save(var,value) - executing save(var,value)(nexial.textDelim, 	)
2019-07-19 17:16:02,823|I|Thread-1|DemoProject.20190719_171558.001|Scenario (2)|Activity 2|#  8|base.save(var,value) - PASS stored '	' as ${nexial.textDelim}
2019-07-19 17:16:03,426|I|Thread-1|DemoProject.20190719_171558.001|Scenario (2)|Activity 2|#  9|base.save(var,value) - executing save(var,value)(json file , $(syspath|data|fullpath)/example3.json)
2019-07-19 17:16:03,444|I|Thread-1|DemoProject.20190719_171558.001|Scenario (2)|Activity 2|#  9|base.save(var,value) - PASS stored 'C:\projects\DemoProject\artifact\data\example3.json' as ${json file }
2019-07-19 17:16:04,049|I|Thread-1|DemoProject.20190719_171558.001|Scenario (2)|Activity 2|# 10|base.save(var,value) - executing save(var,value)(jsonpaths , last_name => distinct ascending,email[REGEX:.+\(\.gov|\.us\)] => descending,[gender=Female] => count)
2019-07-19 17:16:04,057|I|Thread-1|DemoProject.20190719_171558.001|Scenario (2)|Activity 2|# 10|base.save(var,value) - PASS stored 'last_name => distinct ascending,email[REGEX:.+\(\.gov|\.us\)] => descending,[gender=Female] => count' as ${jsonpaths }
2019-07-19 17:16:04,665|I|Thread-1|DemoProject.20190719_171558.001|Scenario (2)|Activity 2|# 11|base.verbose(text) - executing verbose(text)([JSON(${json file}) => select(${jsonpaths})])
2019-07-19 17:16:04,669|I|Thread-1|DemoProject.20190719_171558.001|Scenario (2)|Activity 2|# 11|base.verbose(text) - [JSON() => select()]
2019-07-19 17:16:04,681|I|Thread-1|DemoProject.20190719_171558.001|Scenario (2)|Activity 2|# 11|base.verbose(text) - PASS 
2019-07-19 17:16:04,956|I|Thread-1|[DemoProject.20190719_171558.001|Scenario (2)] saving test scenario
2019-07-19 17:16:05,065|I|Thread-1|DemoProject.20190719_171558.001|Scenario - executing test scenario
2019-07-19 17:16:05,068|I|Thread-1|DemoProject.20190719_171558.001|Scenario|Activity 1 - executing activity
2019-07-19 17:16:05,673|I|Thread-1|DemoProject.20190719_171558.001|Scenario|Activity 1|#  5|base.save(var,value) - executing save(var,value)(nexial.textDelim, ,)
2019-07-19 17:16:05,686|I|Thread-1|DemoProject.20190719_171558.001|Scenario|Activity 1|#  5|base.save(var,value) - PASS stored ',' as ${nexial.textDelim}
2019-07-19 17:16:06,293|I|Thread-1|DemoProject.20190719_171558.001|Scenario|Activity 1|#  6|base.save(var,value) - executing save(var,value)(myList, 7,4)
2019-07-19 17:16:06,299|I|Thread-1|DemoProject.20190719_171558.001|Scenario|Activity 1|#  6|base.save(var,value) - PASS stored '7,4' as ${myList}
2019-07-19 17:16:06,905|I|Thread-1|DemoProject.20190719_171558.001|Scenario|Activity 1|#  7|base.verbose(text) - executing verbose(text)([LIST(${myList}) => sum])
2019-07-19 17:16:06,951|I|Thread-1|DemoProject.20190719_171558.001|Scenario|Activity 1|#  7|base.verbose(text) - 11
2019-07-19 17:16:06,963|I|Thread-1|DemoProject.20190719_171558.001|Scenario|Activity 1|#  7|base.verbose(text) - PASS 
2019-07-19 17:16:06,965|I|Thread-1|DemoProject.20190719_171558.001|Scenario|Activity 2 - executing activity
2019-07-19 17:16:07,566|I|Thread-1|DemoProject.20190719_171558.001|Scenario|Activity 2|#  8|base.verbose(text) - executing verbose(text)(Shubham pagal)
2019-07-19 17:16:07,570|I|Thread-1|DemoProject.20190719_171558.001|Scenario|Activity 2|#  8|base.verbose(text) - Shubham pagal
2019-07-19 17:16:07,580|I|Thread-1|DemoProject.20190719_171558.001|Scenario|Activity 2|#  8|base.verbose(text) - PASS 
2019-07-19 17:16:07,680|I|Thread-1|[DemoProject.20190719_171558.001|Scenario] saving test scenario
2019-07-19 17:16:07,753|I|Thread-1|[20190719_171556] 
/-TEST COMPLETE-----------------------------------------------------------------
| Test Output:    C:\projects\DemoProject\output\20190719_171556\DemoProject.20190719_171558.001.xlsx
| Iteration:      1
\-------------------------------------------------------------------------------
» Execution Time: 7670 ms
» Test Steps:     11
» Error(s):       0



2019-07-19 17:16:14,285|I|Thread-1|[20190719_171556] 
/-TEST COMPLETE-----------------------------------------------------------------
| Test Script:    C:\projects\DemoProject\artifact\script\DemoProject.xlsx
\-------------------------------------------------------------------------------
» Execution Time: 17259 ms
» Iterations:     [1] total 1
» Test Steps:     11
» Passed:         11
» Error(s):       0
» Iteration 1 of 1: C:\projects\DemoProject\output\20190719_171556\DemoProject.20190719_171558.001.xlsx



2019-07-19 17:16:14,980|I|main|[20190719_171556] [C:\projects\DemoProject\artifact\script\DemoProject.xlsx] now completed
2019-07-19 17:16:14,983|I|main|[20190719_171556] all execution thread(s) have terminated
2019-07-19 17:16:14,986|I|main|[20190719_171556] test run completed in about 18 seconds
2019-07-19 17:16:15,092|I|main|No predefined nexial-setup found
2019-07-19 17:16:15,136|I|main|outputBase not set; output-to-cloud DISABLED!
2019-07-19 17:16:15,137|I|main|accessKey not set; output-to-cloud DISABLED!
2019-07-19 17:16:15,137|I|main|secretKey not set; output-to-cloud DISABLED!
2019-07-19 17:16:15,138|I|main|generating HTML output for this execution to C:\projects\DemoProject\output\20190719_171556\execution-output.html
2019-07-19 17:16:15,899|I|main|generating JUnit XML output for this execution to C:\projects\DemoProject\output\20190719_171556\junit.xml
2019-07-19 17:16:15,952|I|main|generated JUnit report for this execution: C:\projects\DemoProject\output\20190719_171556\junit.xml
2019-07-19 17:16:15,967|I|main|nexial mailer not enabled: nexial.enableEmail=false
2019-07-19 17:16:15,968|I|main|skipped email notification as configured
2019-07-19 17:16:15,976|I|main|exiting Nexial...
2019-07-19 17:16:15,982|I|main|

/-END OF EXECUTION--------------------------------------------------------------
| » Execution Time: 18 sec.
| » Test Steps....: 11
| » Passed........: 11
| » Failed........: 0
| » Success Rate..: 100.00%
\----------------------------------------------------------nexial-core dev_0580-

2019-07-19 17:16:15,984|I|main|ALL PASSED!
2019-07-19 17:16:15,996|I|main|End of Execution:
NEXIAL_OUTPUT:         C:\projects\DemoProject\output\20190719_171556
NEXIAL_EXECUTION_HTML: C:\projects\DemoProject\output\20190719_171556\execution-output.html
NEXIAL_JUNIT_XML:      C:\projects\DemoProject\output\20190719_171556\junit.xml
NEXIAL_SUCCESS_RATE:   100.00%
NEXIAL_EXIT_STATUS:    0
