2019-07-23 18:54:10,941|I|Thread-1|(DELAYED) nexial-core dev_0580 starting up...
2019-07-23 18:54:10,941|I|Thread-1|(DELAYED) data file resolved as C:\Users\SHAGUF~1.NIS\AppData\Local\Temp\YLzGX\WebAutomation.data.xlsx
2019-07-23 18:54:10,941|I|Thread-1|(DELAYED) input files and output directory resolved...
2019-07-23 18:54:10,941|I|Thread-1|(DELAYED) No predefined nexial-setup found
2019-07-23 18:54:10,941|I|Thread-1|(DELAYED) [20190723_185410] [C:\projects\WebAutomation\artifact\script\WebAutomation.xlsx] resolve RUN ID as 20190723_185410
2019-07-23 18:54:10,941|I|Thread-1|(DELAYED) [20190723_185410] [C:\projects\WebAutomation\artifact\script\WebAutomation.xlsx] new thread started
2019-07-23 18:54:10,941|I|Thread-1|No predefined nexial-setup found
2019-07-23 18:54:11,004|I|Thread-1|outputBase not set; output-to-cloud DISABLED!
2019-07-23 18:54:11,004|I|Thread-1|accessKey not set; output-to-cloud DISABLED!
2019-07-23 18:54:11,004|I|Thread-1|secretKey not set; output-to-cloud DISABLED!
2019-07-23 18:54:11,035|I|Thread-1|missing REQUIRED configuration; sms DISABLED!
2019-07-23 18:54:11,893|I|Thread-1|[20190723_185410] executing C:\projects\WebAutomation\artifact\script\WebAutomation.xlsx with 1 iteration(s)
2019-07-23 18:54:11,893|I|Thread-1|[20190723_185410] create directory C:\projects\WebAutomation\output\20190723_185410\captures
2019-07-23 18:54:11,893|I|Thread-1|[20190723_185410] create directory C:\projects\WebAutomation\output\20190723_185410\logs
2019-07-23 18:54:12,582|I|Thread-1|[20190723_185410] merging test data to tmp file C:\projects\WebAutomation\output\20190723_185410\WebAutomation.20190723_185411.001.xlsx
2019-07-23 18:54:12,582|I|Thread-1|refetching data from C:\projects\WebAutomation\artifact\data\WebAutomation.data.xlsx
2019-07-23 18:54:12,895|I|Thread-1|[20190723_185410] test script and test data merged to C:\projects\WebAutomation\output\20190723_185410\WebAutomation.20190723_185411.001.xlsx
2019-07-23 18:54:13,709|I|Thread-1|STARTS
2019-07-23 18:54:13,741|I|Thread-1|WebAutomation.20190723_185411.001 - executing iteration #1 of 1; Iteration Id 1
2019-07-23 18:54:13,741|I|Thread-1|WebAutomation.20190723_185411.001|Scenario - executing test scenario
2019-07-23 18:54:13,741|I|Thread-1|WebAutomation.20190723_185411.001|Scenario|Activity 1 - executing activity
2019-07-23 18:54:14,355|I|Thread-1|WebAutomation.20190723_185411.001|Scenario|Activity 1|#  5|web.open(url) - executing open(url)(https://www.google.com/)
2019-07-23 18:54:14,355|I|Thread-1|No valid instance of webdriver, initializing...
2019-07-23 18:54:14,355|I|Thread-1|init chrome
2019-07-23 18:54:20,474|I|Thread-1|browser initialization completed for 'chrome'
2019-07-23 18:54:20,521|I|Thread-1|setting browser polling wait time to 800 ms
2019-07-23 18:54:20,553|I|Thread-1|setting browser page load timeout to 10000 ms
2019-07-23 18:54:22,637|I|Thread-1|current browser window handle:CDwindow-1508A27C799CA6FE19BFCDC7B6285E49
2019-07-23 18:54:22,680|I|Thread-1|WebAutomation.20190723_185411.001|Scenario|Activity 1|#  5|web.open(url) - PASS opened URL https://www.google.com/
2019-07-23 18:54:23,298|I|Thread-1|WebAutomation.20190723_185411.001|Scenario|Activity 1|#  6|web.assertTitle(text) - executing assertTitle(text)(Google)
2019-07-23 18:54:23,314|I|Thread-1|WebAutomation.20190723_185411.001|Scenario|Activity 1|#  6|web.assertTitle(text) - PASS 
2019-07-23 18:54:23,928|I|Thread-1|WebAutomation.20190723_185411.001|Scenario|Activity 1|#  7|web.assertElementPresent( - executing assertElementPresent(locator)(//input[@name='q'])
2019-07-23 18:54:23,971|I|Thread-1|WebAutomation.20190723_185411.001|Scenario|Activity 1|#  7|web.assertElementPresent( - PASS EXPECTED element '//input[@name='q']' found
2019-07-23 18:54:24,589|I|Thread-1|WebAutomation.20190723_185411.001|Scenario|Activity 1|#  8|web.type(locator,value) - executing type(locator,value)(//input[@name='q'], Nexial)
2019-07-23 18:54:24,923|I|Thread-1|WebAutomation.20190723_185411.001|Scenario|Activity 1|#  8|web.type(locator,value) - PASS typed text at '//input[@name='q']'
2019-07-23 18:54:25,540|I|Thread-1|WebAutomation.20190723_185411.001|Scenario|Activity 1|#  9|web.click(locator) - executing click(locator)(//input[@value='Google Search'])
2019-07-23 18:54:25,571|I|Thread-1|clicking '//input[@value='Google Search']'...
2019-07-23 18:54:25,618|I|Thread-1|click target via JS, @id=
2019-07-23 18:54:27,081|I|Thread-1|clicked -> true
2019-07-23 18:54:27,083|I|Thread-1|WebAutomation.20190723_185411.001|Scenario|Activity 1|#  9|web.click(locator) - PASS click via JS event
2019-07-23 18:54:27,311|I|Thread-1|[WebAutomation.20190723_185411.001|Scenario] saving test scenario
2019-07-23 18:54:27,433|I|Thread-1|[20190723_185410] 
/-TEST COMPLETE-----------------------------------------------------------------
| Test Output:    C:\projects\WebAutomation\output\20190723_185410\WebAutomation.20190723_185411.001.xlsx
| Iteration:      1
\-------------------------------------------------------------------------------
» Execution Time: 13682 ms
» Test Steps:     5
» Error(s):       0



2019-07-23 18:54:28,909|I|Thread-1|[20190723_185410] 
/-TEST COMPLETE-----------------------------------------------------------------
| Test Script:    C:\projects\WebAutomation\artifact\script\WebAutomation.xlsx
\-------------------------------------------------------------------------------
» Execution Time: 18125 ms
» Iterations:     [1] total 1
» Test Steps:     5
» Passed:         5
» Error(s):       0
» Iteration 1 of 1: C:\projects\WebAutomation\output\20190723_185410\WebAutomation.20190723_185411.001.xlsx



2019-07-23 18:54:29,900|I|main|[20190723_185410] [C:\projects\WebAutomation\artifact\script\WebAutomation.xlsx] now completed
2019-07-23 18:54:29,900|I|main|[20190723_185410] all execution thread(s) have terminated
2019-07-23 18:54:29,900|I|main|[20190723_185410] test run completed in about 19 seconds
2019-07-23 18:54:30,010|I|main|No predefined nexial-setup found
2019-07-23 18:54:30,088|I|main|outputBase not set; output-to-cloud DISABLED!
2019-07-23 18:54:30,103|I|main|accessKey not set; output-to-cloud DISABLED!
2019-07-23 18:54:30,119|I|main|secretKey not set; output-to-cloud DISABLED!
2019-07-23 18:54:30,119|I|main|generating HTML output for this execution to C:\projects\WebAutomation\output\20190723_185410\execution-output.html
2019-07-23 18:54:31,156|I|main|generating JUnit XML output for this execution to C:\projects\WebAutomation\output\20190723_185410\junit.xml
2019-07-23 18:54:31,218|I|main|generated JUnit report for this execution: C:\projects\WebAutomation\output\20190723_185410\junit.xml
2019-07-23 18:54:31,218|I|main|nexial mailer not enabled: nexial.enableEmail=false
2019-07-23 18:54:31,218|I|main|skipped email notification as configured
2019-07-23 18:54:31,218|I|main|exiting Nexial...
2019-07-23 18:54:31,218|I|main|shutdown starts...
2019-07-23 18:54:31,234|I|main|Shutting down 'chrome' webdriver...
2019-07-23 18:54:39,267|I|main|shutdown ends...
2019-07-23 18:54:39,267|I|main|

/-END OF EXECUTION--------------------------------------------------------------
| » Execution Time: 19 sec.
| » Test Steps....: 5
| » Passed........: 5
| » Failed........: 0
| » Success Rate..: 100.00%
\----------------------------------------------------------nexial-core dev_0580-

2019-07-23 18:54:39,267|I|main|ALL PASSED!
2019-07-23 18:54:39,267|I|main|End of Execution:
NEXIAL_OUTPUT:         C:\projects\WebAutomation\output\20190723_185410
NEXIAL_EXECUTION_HTML: C:\projects\WebAutomation\output\20190723_185410\execution-output.html
NEXIAL_JUNIT_XML:      C:\projects\WebAutomation\output\20190723_185410\junit.xml
NEXIAL_SUCCESS_RATE:   100.00%
NEXIAL_EXIT_STATUS:    0
