2019-07-24 14:43:49,197|I|Thread-1|(DELAYED) nexial-core dev_0580 starting up...
2019-07-24 14:43:49,200|I|Thread-1|(DELAYED) data file resolved as C:\Users\SHAGUF~1.NIS\AppData\Local\Temp\TYLzy\WebAutomation.data.xlsx
2019-07-24 14:43:49,200|I|Thread-1|(DELAYED) input files and output directory resolved...
2019-07-24 14:43:49,201|I|Thread-1|(DELAYED) No predefined nexial-setup found
2019-07-24 14:43:49,201|I|Thread-1|(DELAYED) [20190724_144348] [C:\projects\WebAutomation\artifact\script\WebAutomation.xlsx] resolve RUN ID as 20190724_144348
2019-07-24 14:43:49,201|I|Thread-1|(DELAYED) [20190724_144348] [C:\projects\WebAutomation\artifact\script\WebAutomation.xlsx] new thread started
2019-07-24 14:43:49,201|I|Thread-1|No predefined nexial-setup found
2019-07-24 14:43:49,285|I|Thread-1|outputBase not set; output-to-cloud DISABLED!
2019-07-24 14:43:49,286|I|Thread-1|accessKey not set; output-to-cloud DISABLED!
2019-07-24 14:43:49,286|I|Thread-1|secretKey not set; output-to-cloud DISABLED!
2019-07-24 14:43:49,314|I|Thread-1|missing REQUIRED configuration; sms DISABLED!
2019-07-24 14:43:50,264|I|Thread-1|[20190724_144348] executing C:\projects\WebAutomation\artifact\script\WebAutomation.xlsx with 1 iteration(s)
2019-07-24 14:43:50,279|I|Thread-1|[20190724_144348] create directory C:\projects\WebAutomation\output\20190724_144348\captures
2019-07-24 14:43:50,279|I|Thread-1|[20190724_144348] create directory C:\projects\WebAutomation\output\20190724_144348\logs
2019-07-24 14:43:51,101|I|Thread-1|[20190724_144348] merging test data to tmp file C:\projects\WebAutomation\output\20190724_144348\WebAutomation.20190724_144350.001.xlsx
2019-07-24 14:43:51,101|I|Thread-1|refetching data from C:\projects\WebAutomation\artifact\data\WebAutomation.data.xlsx
2019-07-24 14:43:51,429|I|Thread-1|[20190724_144348] test script and test data merged to C:\projects\WebAutomation\output\20190724_144348\WebAutomation.20190724_144350.001.xlsx
2019-07-24 14:43:52,257|I|Thread-1|STARTS
2019-07-24 14:43:52,273|I|Thread-1|WebAutomation.20190724_144350.001 - executing iteration #1 of 1; Iteration Id 1
2019-07-24 14:43:52,273|I|Thread-1|WebAutomation.20190724_144350.001|Scenario - executing test scenario
2019-07-24 14:43:52,273|I|Thread-1|WebAutomation.20190724_144350.001|Scenario|Activity 1 - executing activity
2019-07-24 14:43:52,898|I|Thread-1|WebAutomation.20190724_144350.001|Scenario|Activity 1|#  5|web.open(url) - executing open(url)(https://www.google.com/)
2019-07-24 14:43:52,898|I|Thread-1|No valid instance of webdriver, initializing...
2019-07-24 14:43:52,898|I|Thread-1|init chrome
2019-07-24 14:43:59,130|I|Thread-1|browser initialization completed for 'chrome'
2019-07-24 14:43:59,156|I|Thread-1|setting browser polling wait time to 800 ms
2019-07-24 14:43:59,174|I|Thread-1|setting browser page load timeout to 10000 ms
2019-07-24 14:44:01,292|I|Thread-1|current browser window handle:CDwindow-8DDBFD0AFC6C0D43D2DBB5AC1EA365BE
2019-07-24 14:44:01,338|I|Thread-1|WebAutomation.20190724_144350.001|Scenario|Activity 1|#  5|web.open(url) - PASS opened URL https://www.google.com/
2019-07-24 14:44:01,940|I|Thread-1|WebAutomation.20190724_144350.001|Scenario|Activity 1|#  6|web.assertTitle(text) - executing assertTitle(text)(Google)
2019-07-24 14:44:01,969|I|Thread-1|WebAutomation.20190724_144350.001|Scenario|Activity 1|#  6|web.assertTitle(text) - PASS 
2019-07-24 14:44:02,571|I|Thread-1|WebAutomation.20190724_144350.001|Scenario|Activity 1|#  7|web.assertElementPresent( - executing assertElementPresent(locator)(//input[@name='q'])
2019-07-24 14:44:02,618|I|Thread-1|WebAutomation.20190724_144350.001|Scenario|Activity 1|#  7|web.assertElementPresent( - PASS EXPECTED element '//input[@name='q']' found
2019-07-24 14:44:03,226|I|Thread-1|WebAutomation.20190724_144350.001|Scenario|Activity 1|#  8|web.type(locator,value) - executing type(locator,value)(//input[@name='q'], Nexial)
2019-07-24 14:44:03,543|I|Thread-1|WebAutomation.20190724_144350.001|Scenario|Activity 1|#  8|web.type(locator,value) - PASS typed text at '//input[@name='q']'
2019-07-24 14:44:04,146|I|Thread-1|WebAutomation.20190724_144350.001|Scenario|Activity 1|#  9|web.click(locator) - executing click(locator)(//a[@class='gb_e'])
2019-07-24 14:44:04,196|I|Thread-1|clicking '//a[@class='gb_e']'...
2019-07-24 14:44:04,227|I|Thread-1|click target via JS, @id=
2019-07-24 14:44:06,391|I|Thread-1|clicked -> true
2019-07-24 14:44:06,393|I|Thread-1|WebAutomation.20190724_144350.001|Scenario|Activity 1|#  9|web.click(locator) - PASS click via JS event
2019-07-24 14:44:06,588|I|Thread-1|[WebAutomation.20190724_144350.001|Scenario] saving test scenario
2019-07-24 14:44:06,787|I|Thread-1|[20190724_144348] 
/-TEST COMPLETE-----------------------------------------------------------------
| Test Output:    C:\projects\WebAutomation\output\20190724_144348\WebAutomation.20190724_144350.001.xlsx
| Iteration:      1
\-------------------------------------------------------------------------------
» Execution Time: 14507 ms
» Test Steps:     5
» Error(s):       0



2019-07-24 14:44:08,040|I|Thread-1|[20190724_144348] 
/-TEST COMPLETE-----------------------------------------------------------------
| Test Script:    C:\projects\WebAutomation\artifact\script\WebAutomation.xlsx
\-------------------------------------------------------------------------------
» Execution Time: 19036 ms
» Iterations:     [1] total 1
» Test Steps:     5
» Passed:         5
» Error(s):       0
» Iteration 1 of 1: C:\projects\WebAutomation\output\20190724_144348\WebAutomation.20190724_144350.001.xlsx



2019-07-24 14:44:09,054|I|main|[20190724_144348] [C:\projects\WebAutomation\artifact\script\WebAutomation.xlsx] now completed
2019-07-24 14:44:09,054|I|main|[20190724_144348] all execution thread(s) have terminated
2019-07-24 14:44:09,054|I|main|[20190724_144348] test run completed in about 20 seconds
2019-07-24 14:44:09,139|I|main|No predefined nexial-setup found
2019-07-24 14:44:09,190|I|main|outputBase not set; output-to-cloud DISABLED!
2019-07-24 14:44:09,191|I|main|accessKey not set; output-to-cloud DISABLED!
2019-07-24 14:44:09,192|I|main|secretKey not set; output-to-cloud DISABLED!
2019-07-24 14:44:09,194|I|main|generating HTML output for this execution to C:\projects\WebAutomation\output\20190724_144348\execution-output.html
2019-07-24 14:44:10,241|I|main|generating JUnit XML output for this execution to C:\projects\WebAutomation\output\20190724_144348\junit.xml
2019-07-24 14:44:10,285|I|main|generated JUnit report for this execution: C:\projects\WebAutomation\output\20190724_144348\junit.xml
2019-07-24 14:44:10,285|I|main|nexial mailer not enabled: nexial.enableEmail=false
2019-07-24 14:44:10,286|I|main|skipped email notification as configured
2019-07-24 14:44:10,287|I|main|exiting Nexial...
2019-07-24 14:44:10,287|I|main|shutdown starts...
2019-07-24 14:44:10,289|I|main|Shutting down 'chrome' webdriver...
2019-07-24 14:44:14,063|I|main|shutdown ends...
2019-07-24 14:44:14,066|I|main|

/-END OF EXECUTION--------------------------------------------------------------
| » Execution Time: 20 sec.
| » Test Steps....: 5
| » Passed........: 5
| » Failed........: 0
| » Success Rate..: 100.00%
\----------------------------------------------------------nexial-core dev_0580-

2019-07-24 14:44:14,067|I|main|ALL PASSED!
2019-07-24 14:44:14,072|I|main|End of Execution:
NEXIAL_OUTPUT:         C:\projects\WebAutomation\output\20190724_144348
NEXIAL_EXECUTION_HTML: C:\projects\WebAutomation\output\20190724_144348\execution-output.html
NEXIAL_JUNIT_XML:      C:\projects\WebAutomation\output\20190724_144348\junit.xml
NEXIAL_SUCCESS_RATE:   100.00%
NEXIAL_EXIT_STATUS:    0
