2019-07-19 14:50:15,968|I|Thread-1|(DELAYED) nexial-core dev_0580 starting up...
2019-07-19 14:50:15,973|I|Thread-1|(DELAYED) validating test script as C:\projects\DemoProject\artifact\script\DemoProject.xlsx
2019-07-19 14:50:15,973|I|Thread-1|(DELAYED) validating data file as C:\projects\DemoProject\artifact\data\DemoProject.data.xlsx
2019-07-19 14:50:15,973|I|Thread-1|(DELAYED) input files and output directory resolved...
2019-07-19 14:50:15,974|I|Thread-1|(DELAYED) No predefined nexial-setup found
2019-07-19 14:50:15,974|I|Thread-1|(DELAYED) [20190719_145015] [C:\projects\DemoProject\artifact\script\DemoProject.xlsx] resolve RUN ID as 20190719_145015
2019-07-19 14:50:15,974|I|Thread-1|(DELAYED) [20190719_145015] [C:\projects\DemoProject\artifact\script\DemoProject.xlsx] new thread started
2019-07-19 14:50:15,974|I|Thread-1|No predefined nexial-setup found
2019-07-19 14:50:16,057|I|Thread-1|outputBase not set; output-to-cloud DISABLED!
2019-07-19 14:50:16,057|I|Thread-1|accessKey not set; output-to-cloud DISABLED!
2019-07-19 14:50:16,058|I|Thread-1|secretKey not set; output-to-cloud DISABLED!
2019-07-19 14:50:16,090|I|Thread-1|missing REQUIRED configuration; sms DISABLED!
2019-07-19 14:50:16,985|I|Thread-1|[20190719_145015] executing C:\projects\DemoProject\artifact\script\DemoProject.xlsx with 1 iteration(s)
2019-07-19 14:50:16,988|I|Thread-1|[20190719_145015] create directory C:\projects\DemoProject\output\20190719_145015\captures
2019-07-19 14:50:16,990|I|Thread-1|[20190719_145015] create directory C:\projects\DemoProject\output\20190719_145015\logs
2019-07-19 14:50:17,648|I|Thread-1|[20190719_145015] merging test data to tmp file C:\projects\DemoProject\output\20190719_145015\DemoProject-plan.001,DemoProject.20190719_145016.001.xlsx
2019-07-19 14:50:17,649|I|Thread-1|refetching data from C:\projects\DemoProject\artifact\data\DemoProject.data.xlsx
2019-07-19 14:50:17,969|I|Thread-1|[20190719_145015] test script and test data merged to C:\projects\DemoProject\output\20190719_145015\DemoProject-plan.001,DemoProject.20190719_145016.001.xlsx
2019-07-19 14:50:18,684|I|Thread-1|STARTS
2019-07-19 14:50:18,709|I|Thread-1|DemoProject-plan.001,DemoProject.20190719_145016.001 - executing iteration #1 of 1; Iteration Id 1
2019-07-19 14:50:18,722|I|Thread-1|DemoProject-plan.001,DemoProject.20190719_145016.001|Scenario - executing test scenario
2019-07-19 14:50:18,724|I|Thread-1|DemoProject-plan.001,DemoProject.20190719_145016.001|Scenario|Activity 1 - executing activity
2019-07-19 14:50:19,327|I|Thread-1|DemoProject-plan.001,DemoProject.20190719_145016.001|Scenario|Activity 1|#  5|base.save(var,value) - executing save(var,value)(nexial.textDelim, ,)
2019-07-19 14:50:19,337|I|Thread-1|DemoProject-plan.001,DemoProject.20190719_145016.001|Scenario|Activity 1|#  5|base.save(var,value) - PASS stored ',' as ${nexial.textDelim}
2019-07-19 14:50:19,938|I|Thread-1|DemoProject-plan.001,DemoProject.20190719_145016.001|Scenario|Activity 1|#  6|base.save(var,value) - executing save(var,value)(myList, 7,4)
2019-07-19 14:50:19,950|I|Thread-1|DemoProject-plan.001,DemoProject.20190719_145016.001|Scenario|Activity 1|#  6|base.save(var,value) - PASS stored '7,4' as ${myList}
2019-07-19 14:50:20,556|I|Thread-1|DemoProject-plan.001,DemoProject.20190719_145016.001|Scenario|Activity 1|#  7|base.verbose(text) - executing verbose(text)([LIST(${myList}) => sum])
2019-07-19 14:50:20,606|I|Thread-1|DemoProject-plan.001,DemoProject.20190719_145016.001|Scenario|Activity 1|#  7|base.verbose(text) - 11
2019-07-19 14:50:20,768|I|Thread-1|DemoProject-plan.001,DemoProject.20190719_145016.001|Scenario|Activity 1|#  7|base.verbose(text) - PASS 
2019-07-19 14:50:20,876|I|Thread-1|[DemoProject-plan.001,DemoProject.20190719_145016.001|Scenario] saving test scenario
2019-07-19 14:50:20,983|I|Thread-1|[20190719_145015] 
/-TEST COMPLETE-----------------------------------------------------------------
| Test Output:    C:\projects\DemoProject\output\20190719_145015\DemoProject-plan.001,DemoProject.20190719_145016.001.xlsx
| Iteration:      1
\-------------------------------------------------------------------------------
» Execution Time: 2256 ms
» Test Steps:     3
» Error(s):       0



2019-07-19 14:50:25,653|I|Thread-1|[20190719_145015] 
/-TEST COMPLETE-----------------------------------------------------------------
| Test Script:    C:\projects\DemoProject\artifact\script\DemoProject.xlsx
\-------------------------------------------------------------------------------
» Execution Time: 9893 ms
» Iterations:     [1] total 1
» Test Steps:     3
» Passed:         3
» Error(s):       0
» Iteration 1 of 1: C:\projects\DemoProject\output\20190719_145015\DemoProject-plan.001,DemoProject.20190719_145016.001.xlsx



2019-07-19 14:50:25,697|I|main|[20190719_145015] [C:\projects\DemoProject\artifact\script\DemoProject.xlsx] now completed
2019-07-19 14:50:25,699|I|main|[20190719_145015] all execution thread(s) have terminated
2019-07-19 14:50:25,701|I|main|[20190719_145015] test run completed in about 10 seconds
2019-07-19 14:50:25,806|I|main|No predefined nexial-setup found
2019-07-19 14:50:25,844|I|main|outputBase not set; output-to-cloud DISABLED!
2019-07-19 14:50:25,845|I|main|accessKey not set; output-to-cloud DISABLED!
2019-07-19 14:50:25,847|I|main|secretKey not set; output-to-cloud DISABLED!
2019-07-19 14:50:25,849|I|main|generating HTML output for this execution to C:\projects\DemoProject\output\20190719_145015\execution-output.html
2019-07-19 14:50:26,492|I|main|generating JUnit XML output for this execution to C:\projects\DemoProject\output\20190719_145015\junit.xml
2019-07-19 14:50:26,546|I|main|generated JUnit report for this execution: C:\projects\DemoProject\output\20190719_145015\junit.xml
2019-07-19 14:50:26,566|I|main|nexial mailer not enabled: nexial.enableEmail=false
2019-07-19 14:50:26,571|I|main|skipped email notification as configured
2019-07-19 14:50:26,573|I|main|exiting Nexial...
2019-07-19 14:50:26,588|I|main|

/-END OF EXECUTION--------------------------------------------------------------
| » Execution Time: 10 sec.
| » Test Steps....: 3
| » Passed........: 3
| » Failed........: 0
| » Success Rate..: 100.00%
\----------------------------------------------------------nexial-core dev_0580-

2019-07-19 14:50:26,591|I|main|ALL PASSED!
2019-07-19 14:50:26,592|I|main|End of Execution:
NEXIAL_OUTPUT:         C:\projects\DemoProject\output\20190719_145015
NEXIAL_EXECUTION_HTML: C:\projects\DemoProject\output\20190719_145015\execution-output.html
NEXIAL_JUNIT_XML:      C:\projects\DemoProject\output\20190719_145015\junit.xml
NEXIAL_SUCCESS_RATE:   100.00%
NEXIAL_EXIT_STATUS:    0
