2019-07-23 18:38:37,240|I|Thread-1|(DELAYED) nexial-core dev_0580 starting up...
2019-07-23 18:38:37,240|I|Thread-1|(DELAYED) data file resolved as C:\Users\SHAGUF~1.NIS\AppData\Local\Temp\ejyIf\WebAutomation.data.xlsx
2019-07-23 18:38:37,240|I|Thread-1|(DELAYED) input files and output directory resolved...
2019-07-23 18:38:37,240|I|Thread-1|(DELAYED) No predefined nexial-setup found
2019-07-23 18:38:37,240|I|Thread-1|(DELAYED) [20190723_183836] [C:\projects\WebAutomation\artifact\script\WebAutomation.xlsx] resolve RUN ID as 20190723_183836
2019-07-23 18:38:37,240|I|Thread-1|(DELAYED) [20190723_183836] [C:\projects\WebAutomation\artifact\script\WebAutomation.xlsx] new thread started
2019-07-23 18:38:37,240|I|Thread-1|No predefined nexial-setup found
2019-07-23 18:38:37,318|I|Thread-1|outputBase not set; output-to-cloud DISABLED!
2019-07-23 18:38:37,318|I|Thread-1|accessKey not set; output-to-cloud DISABLED!
2019-07-23 18:38:37,318|I|Thread-1|secretKey not set; output-to-cloud DISABLED!
2019-07-23 18:38:37,333|I|Thread-1|missing REQUIRED configuration; sms DISABLED!
2019-07-23 18:38:38,144|I|Thread-1|[20190723_183836] executing C:\projects\WebAutomation\artifact\script\WebAutomation.xlsx with 1 iteration(s)
2019-07-23 18:38:38,144|I|Thread-1|[20190723_183836] create directory C:\projects\WebAutomation\output\20190723_183836\captures
2019-07-23 18:38:38,144|I|Thread-1|[20190723_183836] create directory C:\projects\WebAutomation\output\20190723_183836\logs
2019-07-23 18:38:38,894|I|Thread-1|[20190723_183836] merging test data to tmp file C:\projects\WebAutomation\output\20190723_183836\WebAutomation.20190723_183838.001.xlsx
2019-07-23 18:38:38,894|I|Thread-1|refetching data from C:\projects\WebAutomation\artifact\data\WebAutomation.data.xlsx
2019-07-23 18:38:39,206|I|Thread-1|[20190723_183836] test script and test data merged to C:\projects\WebAutomation\output\20190723_183836\WebAutomation.20190723_183838.001.xlsx
2019-07-23 18:38:40,150|I|Thread-1|STARTS
2019-07-23 18:38:40,175|I|Thread-1|WebAutomation.20190723_183838.001 - executing iteration #1 of 1; Iteration Id 1
2019-07-23 18:38:40,184|I|Thread-1|WebAutomation.20190723_183838.001|Scenario - executing test scenario
2019-07-23 18:38:40,184|I|Thread-1|WebAutomation.20190723_183838.001|Scenario|Activity 1 - executing activity
2019-07-23 18:38:40,793|I|Thread-1|WebAutomation.20190723_183838.001|Scenario|Activity 1|#  5|web.open(url) - executing open(url)(https://www.google.com/)
2019-07-23 18:38:40,793|I|Thread-1|No valid instance of webdriver, initializing...
2019-07-23 18:38:40,793|I|Thread-1|init chrome
2019-07-23 18:38:46,984|I|Thread-1|browser initialization completed for 'chrome'
2019-07-23 18:38:47,031|I|Thread-1|setting browser polling wait time to 800 ms
2019-07-23 18:38:47,062|I|Thread-1|setting browser page load timeout to 10000 ms
2019-07-23 18:38:49,103|I|Thread-1|current browser window handle:CDwindow-81A9870245C4A80265B9D0EE62D9E67C
2019-07-23 18:38:49,148|I|Thread-1|WebAutomation.20190723_183838.001|Scenario|Activity 1|#  5|web.open(url) - PASS opened URL https://www.google.com/
2019-07-23 18:38:49,755|I|Thread-1|WebAutomation.20190723_183838.001|Scenario|Activity 1|#  6|web.assertTitle(text) - executing assertTitle(text)(Google)
2019-07-23 18:38:49,771|I|Thread-1|WebAutomation.20190723_183838.001|Scenario|Activity 1|#  6|web.assertTitle(text) - PASS 
2019-07-23 18:38:50,372|I|Thread-1|WebAutomation.20190723_183838.001|Scenario|Activity 1|#  7|web.assertElementPresent( - executing assertElementPresent(locator)(//input[@name='q'])
2019-07-23 18:38:50,403|I|Thread-1|WebAutomation.20190723_183838.001|Scenario|Activity 1|#  7|web.assertElementPresent( - PASS EXPECTED element '//input[@name='q']' found
2019-07-23 18:38:51,019|I|Thread-1|WebAutomation.20190723_183838.001|Scenario|Activity 1|#  8|web.type(locator,value) - executing type(locator,value)(//input[@name='q'], Nexial)
2019-07-23 18:38:51,338|I|Thread-1|WebAutomation.20190723_183838.001|Scenario|Activity 1|#  8|web.type(locator,value) - PASS typed text at '//input[@name='q']'
2019-07-23 18:38:51,939|I|Thread-1|WebAutomation.20190723_183838.001|Scenario|Activity 1|#  9|web.click(locator) - executing click(locator)(//input[@value='Google Search'])
2019-07-23 18:38:51,984|I|Thread-1|clicking '//input[@value='Google Search']'...
2019-07-23 18:38:52,013|I|Thread-1|click target via JS, @id=
2019-07-23 18:38:53,450|I|Thread-1|clicked -> true
2019-07-23 18:38:53,451|I|Thread-1|WebAutomation.20190723_183838.001|Scenario|Activity 1|#  9|web.click(locator) - PASS click via JS event
2019-07-23 18:38:53,675|I|Thread-1|[WebAutomation.20190723_183838.001|Scenario] saving test scenario
2019-07-23 18:38:53,795|I|Thread-1|[20190723_183836] 
/-TEST COMPLETE-----------------------------------------------------------------
| Test Output:    C:\projects\WebAutomation\output\20190723_183836\WebAutomation.20190723_183838.001.xlsx
| Iteration:      1
\-------------------------------------------------------------------------------
» Execution Time: 13615 ms
» Test Steps:     5
» Error(s):       0



2019-07-23 18:38:54,950|I|Thread-1|[20190723_183836] 
/-TEST COMPLETE-----------------------------------------------------------------
| Test Script:    C:\projects\WebAutomation\artifact\script\WebAutomation.xlsx
\-------------------------------------------------------------------------------
» Execution Time: 17919 ms
» Iterations:     [1] total 1
» Test Steps:     5
» Passed:         5
» Error(s):       0
» Iteration 1 of 1: C:\projects\WebAutomation\output\20190723_183836\WebAutomation.20190723_183838.001.xlsx



2019-07-23 18:38:55,091|I|main|[20190723_183836] [C:\projects\WebAutomation\artifact\script\WebAutomation.xlsx] now completed
2019-07-23 18:38:55,091|I|main|[20190723_183836] all execution thread(s) have terminated
2019-07-23 18:38:55,091|I|main|[20190723_183836] test run completed in about 18 seconds
2019-07-23 18:38:55,278|I|main|No predefined nexial-setup found
2019-07-23 18:38:55,372|I|main|outputBase not set; output-to-cloud DISABLED!
2019-07-23 18:38:55,372|I|main|accessKey not set; output-to-cloud DISABLED!
2019-07-23 18:38:55,372|I|main|secretKey not set; output-to-cloud DISABLED!
2019-07-23 18:38:55,388|I|main|generating HTML output for this execution to C:\projects\WebAutomation\output\20190723_183836\execution-output.html
2019-07-23 18:38:56,381|I|main|generating JUnit XML output for this execution to C:\projects\WebAutomation\output\20190723_183836\junit.xml
2019-07-23 18:38:56,428|I|main|generated JUnit report for this execution: C:\projects\WebAutomation\output\20190723_183836\junit.xml
2019-07-23 18:38:56,428|I|main|nexial mailer not enabled: nexial.enableEmail=false
2019-07-23 18:38:56,428|I|main|skipped email notification as configured
2019-07-23 18:38:56,428|I|main|exiting Nexial...
2019-07-23 18:38:56,428|I|main|shutdown starts...
2019-07-23 18:38:56,428|I|main|Shutting down 'chrome' webdriver...
2019-07-23 18:39:04,481|I|main|shutdown ends...
2019-07-23 18:39:04,481|I|main|

/-END OF EXECUTION--------------------------------------------------------------
| » Execution Time: 18 sec.
| » Test Steps....: 5
| » Passed........: 5
| » Failed........: 0
| » Success Rate..: 100.00%
\----------------------------------------------------------nexial-core dev_0580-

2019-07-23 18:39:04,481|I|main|ALL PASSED!
2019-07-23 18:39:04,481|I|main|End of Execution:
NEXIAL_OUTPUT:         C:\projects\WebAutomation\output\20190723_183836
NEXIAL_EXECUTION_HTML: C:\projects\WebAutomation\output\20190723_183836\execution-output.html
NEXIAL_JUNIT_XML:      C:\projects\WebAutomation\output\20190723_183836\junit.xml
NEXIAL_SUCCESS_RATE:   100.00%
NEXIAL_EXIT_STATUS:    0
