2019-07-19 14:42:58,178|I|Thread-1|(DELAYED) nexial-core dev_0580 starting up...
2019-07-19 14:42:58,181|I|Thread-1|(DELAYED) data file resolved as C:\Users\SHAGUF~1.NIS\AppData\Local\Temp\MaLoA\DemoProject.data.xlsx
2019-07-19 14:42:58,181|I|Thread-1|(DELAYED) input files and output directory resolved...
2019-07-19 14:42:58,181|I|Thread-1|(DELAYED) No predefined nexial-setup found
2019-07-19 14:42:58,181|I|Thread-1|(DELAYED) [20190719_144257] [C:\projects\DemoProject\artifact\script\DemoProject.xlsx] resolve RUN ID as 20190719_144257
2019-07-19 14:42:58,181|I|Thread-1|(DELAYED) [20190719_144257] [C:\projects\DemoProject\artifact\script\DemoProject.xlsx] new thread started
2019-07-19 14:42:58,182|I|Thread-1|No predefined nexial-setup found
2019-07-19 14:42:58,270|I|Thread-1|outputBase not set; output-to-cloud DISABLED!
2019-07-19 14:42:58,271|I|Thread-1|accessKey not set; output-to-cloud DISABLED!
2019-07-19 14:42:58,272|I|Thread-1|secretKey not set; output-to-cloud DISABLED!
2019-07-19 14:42:58,306|I|Thread-1|missing REQUIRED configuration; sms DISABLED!
2019-07-19 14:42:59,192|I|Thread-1|[20190719_144257] executing C:\projects\DemoProject\artifact\script\DemoProject.xlsx with 1 iteration(s)
2019-07-19 14:42:59,199|I|Thread-1|[20190719_144257] create directory C:\projects\DemoProject\output\20190719_144257\captures
2019-07-19 14:42:59,202|I|Thread-1|[20190719_144257] create directory C:\projects\DemoProject\output\20190719_144257\logs
2019-07-19 14:42:59,878|I|Thread-1|[20190719_144257] merging test data to tmp file C:\projects\DemoProject\output\20190719_144257\DemoProject.20190719_144259.001.xlsx
2019-07-19 14:42:59,879|I|Thread-1|refetching data from C:\projects\DemoProject\artifact\data\DemoProject.data.xlsx
2019-07-19 14:43:00,198|I|Thread-1|[20190719_144257] test script and test data merged to C:\projects\DemoProject\output\20190719_144257\DemoProject.20190719_144259.001.xlsx
2019-07-19 14:43:00,939|I|Thread-1|STARTS
2019-07-19 14:43:00,966|I|Thread-1|DemoProject.20190719_144259.001 - executing iteration #1 of 1; Iteration Id 1
2019-07-19 14:43:00,976|I|Thread-1|DemoProject.20190719_144259.001|Scenario - executing test scenario
2019-07-19 14:43:00,979|I|Thread-1|DemoProject.20190719_144259.001|Scenario|Activity 1 - executing activity
2019-07-19 14:43:01,581|I|Thread-1|DemoProject.20190719_144259.001|Scenario|Activity 1|#  5|base.save(var,value) - executing save(var,value)(nexial.textDelim, ,)
2019-07-19 14:43:01,589|I|Thread-1|DemoProject.20190719_144259.001|Scenario|Activity 1|#  5|base.save(var,value) - PASS stored ',' as ${nexial.textDelim}
2019-07-19 14:43:02,193|I|Thread-1|DemoProject.20190719_144259.001|Scenario|Activity 1|#  6|base.save(var,value) - executing save(var,value)(myList, 7,4)
2019-07-19 14:43:02,198|I|Thread-1|DemoProject.20190719_144259.001|Scenario|Activity 1|#  6|base.save(var,value) - PASS stored '7,4' as ${myList}
2019-07-19 14:43:02,800|I|Thread-1|DemoProject.20190719_144259.001|Scenario|Activity 1|#  7|base.verbose(text) - executing verbose(text)([LIST(${myList}) => ascending text])
2019-07-19 14:43:02,858|I|Thread-1|DemoProject.20190719_144259.001|Scenario|Activity 1|#  7|base.verbose(text) - 4,7
2019-07-19 14:43:03,039|I|Thread-1|DemoProject.20190719_144259.001|Scenario|Activity 1|#  7|base.verbose(text) - PASS 
2019-07-19 14:43:03,164|I|Thread-1|[DemoProject.20190719_144259.001|Scenario] saving test scenario
2019-07-19 14:43:03,273|I|Thread-1|[20190719_144257] 
/-TEST COMPLETE-----------------------------------------------------------------
| Test Output:    C:\projects\DemoProject\output\20190719_144257\DemoProject.20190719_144259.001.xlsx
| Iteration:      1
\-------------------------------------------------------------------------------
» Execution Time: 2295 ms
» Test Steps:     3
» Error(s):       0



2019-07-19 14:43:40,405|I|Thread-1|[20190719_144257] 
/-TEST COMPLETE-----------------------------------------------------------------
| Test Script:    C:\projects\DemoProject\artifact\script\DemoProject.xlsx
\-------------------------------------------------------------------------------
» Execution Time: 42407 ms
» Iterations:     [1] total 1
» Test Steps:     3
» Passed:         3
» Error(s):       0
» Iteration 1 of 1: C:\projects\DemoProject\output\20190719_144257\DemoProject.20190719_144259.001.xlsx



2019-07-19 14:43:40,946|I|main|[20190719_144257] [C:\projects\DemoProject\artifact\script\DemoProject.xlsx] now completed
2019-07-19 14:43:40,949|I|main|[20190719_144257] all execution thread(s) have terminated
2019-07-19 14:43:40,951|I|main|[20190719_144257] test run completed in about 43 seconds
2019-07-19 14:43:41,066|I|main|No predefined nexial-setup found
2019-07-19 14:43:41,111|I|main|outputBase not set; output-to-cloud DISABLED!
2019-07-19 14:43:41,112|I|main|accessKey not set; output-to-cloud DISABLED!
2019-07-19 14:43:41,112|I|main|secretKey not set; output-to-cloud DISABLED!
2019-07-19 14:43:41,114|I|main|generating HTML output for this execution to C:\projects\DemoProject\output\20190719_144257\execution-output.html
2019-07-19 14:43:41,777|I|main|generating JUnit XML output for this execution to C:\projects\DemoProject\output\20190719_144257\junit.xml
2019-07-19 14:43:41,810|I|main|generated JUnit report for this execution: C:\projects\DemoProject\output\20190719_144257\junit.xml
2019-07-19 14:43:41,825|I|main|nexial mailer not enabled: nexial.enableEmail=false
2019-07-19 14:43:41,826|I|main|skipped email notification as configured
2019-07-19 14:43:41,832|I|main|exiting Nexial...
2019-07-19 14:43:41,840|I|main|

/-END OF EXECUTION--------------------------------------------------------------
| » Execution Time: 43 sec.
| » Test Steps....: 3
| » Passed........: 3
| » Failed........: 0
| » Success Rate..: 100.00%
\----------------------------------------------------------nexial-core dev_0580-

2019-07-19 14:43:41,843|I|main|ALL PASSED!
2019-07-19 14:43:41,848|I|main|End of Execution:
NEXIAL_OUTPUT:         C:\projects\DemoProject\output\20190719_144257
NEXIAL_EXECUTION_HTML: C:\projects\DemoProject\output\20190719_144257\execution-output.html
NEXIAL_JUNIT_XML:      C:\projects\DemoProject\output\20190719_144257\junit.xml
NEXIAL_SUCCESS_RATE:   100.00%
NEXIAL_EXIT_STATUS:    0
