2019-07-19 17:37:41,975|I|Thread-1|(DELAYED) nexial-core dev_0580 starting up...
2019-07-19 17:37:41,980|I|Thread-1|(DELAYED) data file resolved as C:\Users\SHAGUF~1.NIS\AppData\Local\Temp\dipdg\DemoProject.data.xlsx
2019-07-19 17:37:41,980|I|Thread-1|(DELAYED) input files and output directory resolved...
2019-07-19 17:37:41,980|I|Thread-1|(DELAYED) No predefined nexial-setup found
2019-07-19 17:37:41,980|I|Thread-1|(DELAYED) [20190719_173741] [C:\projects\DemoProject\artifact\script\DemoProject.xlsx] resolve RUN ID as 20190719_173741
2019-07-19 17:37:41,980|I|Thread-1|(DELAYED) [20190719_173741] [C:\projects\DemoProject\artifact\script\DemoProject.xlsx] new thread started
2019-07-19 17:37:41,980|I|Thread-1|No predefined nexial-setup found
2019-07-19 17:37:42,062|I|Thread-1|outputBase not set; output-to-cloud DISABLED!
2019-07-19 17:37:42,063|I|Thread-1|accessKey not set; output-to-cloud DISABLED!
2019-07-19 17:37:42,063|I|Thread-1|secretKey not set; output-to-cloud DISABLED!
2019-07-19 17:37:42,099|I|Thread-1|missing REQUIRED configuration; sms DISABLED!
2019-07-19 17:37:42,944|I|Thread-1|[20190719_173741] executing C:\projects\DemoProject\artifact\script\DemoProject.xlsx with 1 iteration(s)
2019-07-19 17:37:42,951|I|Thread-1|[20190719_173741] create directory C:\projects\DemoProject\output\20190719_173741\captures
2019-07-19 17:37:42,959|I|Thread-1|[20190719_173741] create directory C:\projects\DemoProject\output\20190719_173741\logs
2019-07-19 17:37:43,692|I|Thread-1|[20190719_173741] merging test data to tmp file C:\projects\DemoProject\output\20190719_173741\DemoProject.20190719_173742.001.xlsx
2019-07-19 17:37:43,693|I|Thread-1|refetching data from C:\projects\DemoProject\artifact\data\DemoProject.data.xlsx
2019-07-19 17:37:44,003|I|Thread-1|[20190719_173741] test script and test data merged to C:\projects\DemoProject\output\20190719_173741\DemoProject.20190719_173742.001.xlsx
2019-07-19 17:37:44,829|I|Thread-1|STARTS
2019-07-19 17:37:44,857|I|Thread-1|DemoProject.20190719_173742.001 - executing iteration #1 of 1; Iteration Id 1
2019-07-19 17:37:44,868|I|Thread-1|DemoProject.20190719_173742.001|Scenario (2) - executing test scenario
2019-07-19 17:37:44,871|I|Thread-1|DemoProject.20190719_173742.001|Scenario (2)|Activity 1 - executing activity
2019-07-19 17:37:45,474|I|Thread-1|DemoProject.20190719_173742.001|Scenario (2)|Activity 1|#  5|base.save(var,value) - executing save(var,value)(a, $(syspath|project|fullpath)/artifact/data/abc.txt)
2019-07-19 17:37:45,543|I|Thread-1|DemoProject.20190719_173742.001|Scenario (2)|Activity 1|#  5|base.save(var,value) - PASS stored 'C:\projects\DemoProject\artifact\data\abc.txt' as ${a}
2019-07-19 17:37:46,144|I|Thread-1|DemoProject.20190719_173742.001|Scenario (2)|Activity 1|#  6|io.makeDirectory(source) - executing makeDirectory(source)(a)
2019-07-19 17:37:46,153|I|Thread-1|DemoProject.20190719_173742.001|Scenario (2)|Activity 1|#  6|io.makeDirectory(source) - PASS make directory complete on 'a'
2019-07-19 17:37:46,761|I|Thread-1|DemoProject.20190719_173742.001|Scenario (2)|Activity 1|#  7|io.readFile(var,file) - executing readFile(var,file)(b, $(syspath|project|fullpath)/artifact/data/abc.txt)
2019-07-19 17:37:46,782|I|Thread-1|DemoProject.20190719_173742.001|Scenario (2)|Activity 1|#  7|io.readFile(var,file) - PASS Content read from 'C:\projects\DemoProject\artifact\data\abc.txt' to ${b}
2019-07-19 17:37:46,794|I|Thread-1|DemoProject.20190719_173742.001|Scenario (2)|Activity 2 - executing activity
2019-07-19 17:37:47,399|I|Thread-1|DemoProject.20190719_173742.001|Scenario (2)|Activity 2|#  8|base.save(var,value) - executing save(var,value)(nexial.textDelim, 	)
2019-07-19 17:37:47,591|I|Thread-1|DemoProject.20190719_173742.001|Scenario (2)|Activity 2|#  8|base.save(var,value) - PASS stored '	' as ${nexial.textDelim}
2019-07-19 17:37:48,193|I|Thread-1|DemoProject.20190719_173742.001|Scenario (2)|Activity 2|#  9|base.save(var,value) - executing save(var,value)(json file , C:\projects\DemoProject\artifact\data\example3.json)
2019-07-19 17:37:48,199|I|Thread-1|DemoProject.20190719_173742.001|Scenario (2)|Activity 2|#  9|base.save(var,value) - PASS stored 'C:\projects\DemoProject\artifact\data\example3.json' as ${json file }
2019-07-19 17:37:48,811|I|Thread-1|DemoProject.20190719_173742.001|Scenario (2)|Activity 2|# 10|base.save(var,value) - executing save(var,value)(jsonpaths , last_name => distinct ascending,email[REGEX:.+\(\.gov|\.us\)] => descending,[gender=Female] => count)
2019-07-19 17:37:48,819|I|Thread-1|DemoProject.20190719_173742.001|Scenario (2)|Activity 2|# 10|base.save(var,value) - PASS stored 'last_name => distinct ascending,email[REGEX:.+\(\.gov|\.us\)] => descending,[gender=Female] => count' as ${jsonpaths }
2019-07-19 17:37:49,428|I|Thread-1|DemoProject.20190719_173742.001|Scenario (2)|Activity 2|# 11|base.save(var,value) - executing save(var,value)(v, [JSON(${json file}) => select(${jsonpaths})])
2019-07-19 17:37:49,445|I|Thread-1|DemoProject.20190719_173742.001|Scenario (2)|Activity 2|# 11|base.save(var,value) - PASS stored '[JSON() => select()]' as ${v}
2019-07-19 17:37:50,050|I|Thread-1|DemoProject.20190719_173742.001|Scenario (2)|Activity 2|# 12|base.verbose(text) - executing verbose(text)([JSON(${json file}) => select(${jsonpaths})])
2019-07-19 17:37:50,054|I|Thread-1|DemoProject.20190719_173742.001|Scenario (2)|Activity 2|# 12|base.verbose(text) - [JSON() => select()]
2019-07-19 17:37:50,066|I|Thread-1|DemoProject.20190719_173742.001|Scenario (2)|Activity 2|# 12|base.verbose(text) - PASS 
2019-07-19 17:37:50,673|I|Thread-1|DemoProject.20190719_173742.001|Scenario (2)|Activity 2|# 13|base.verbose(text) - executing verbose(text)(${json file})
2019-07-19 17:37:50,677|I|Thread-1|DemoProject.20190719_173742.001|Scenario (2)|Activity 2|# 13|base.verbose(text) - 
2019-07-19 17:37:50,686|I|Thread-1|DemoProject.20190719_173742.001|Scenario (2)|Activity 2|# 13|base.verbose(text) - PASS 
2019-07-19 17:37:51,298|I|Thread-1|DemoProject.20190719_173742.001|Scenario (2)|Activity 2|# 14|base.verbose(text) - executing verbose(text)(${jsonpaths})
2019-07-19 17:37:51,302|I|Thread-1|DemoProject.20190719_173742.001|Scenario (2)|Activity 2|# 14|base.verbose(text) - 
2019-07-19 17:37:51,313|I|Thread-1|DemoProject.20190719_173742.001|Scenario (2)|Activity 2|# 14|base.verbose(text) - PASS 
2019-07-19 17:37:51,618|I|Thread-1|[DemoProject.20190719_173742.001|Scenario (2)] saving test scenario
2019-07-19 17:37:51,729|I|Thread-1|[20190719_173741] 
/-TEST COMPLETE-----------------------------------------------------------------
| Test Output:    C:\projects\DemoProject\output\20190719_173741\DemoProject.20190719_173742.001.xlsx
| Iteration:      1
\-------------------------------------------------------------------------------
» Execution Time: 6860 ms
» Test Steps:     10
» Error(s):       0



2019-07-19 17:37:55,657|I|Thread-1|[20190719_173741] 
/-TEST COMPLETE-----------------------------------------------------------------
| Test Script:    C:\projects\DemoProject\artifact\script\DemoProject.xlsx
\-------------------------------------------------------------------------------
» Execution Time: 13883 ms
» Iterations:     [1] total 1
» Test Steps:     10
» Passed:         10
» Error(s):       0
» Iteration 1 of 1: C:\projects\DemoProject\output\20190719_173741\DemoProject.20190719_173742.001.xlsx



2019-07-19 17:37:55,717|I|main|[20190719_173741] [C:\projects\DemoProject\artifact\script\DemoProject.xlsx] now completed
2019-07-19 17:37:55,718|I|main|[20190719_173741] all execution thread(s) have terminated
2019-07-19 17:37:55,718|I|main|[20190719_173741] test run completed in about 14 seconds
2019-07-19 17:37:55,804|I|main|No predefined nexial-setup found
2019-07-19 17:37:55,851|I|main|outputBase not set; output-to-cloud DISABLED!
2019-07-19 17:37:55,852|I|main|accessKey not set; output-to-cloud DISABLED!
2019-07-19 17:37:55,853|I|main|secretKey not set; output-to-cloud DISABLED!
2019-07-19 17:37:55,854|I|main|generating HTML output for this execution to C:\projects\DemoProject\output\20190719_173741\execution-output.html
2019-07-19 17:37:56,486|I|main|generating JUnit XML output for this execution to C:\projects\DemoProject\output\20190719_173741\junit.xml
2019-07-19 17:37:56,527|I|main|generated JUnit report for this execution: C:\projects\DemoProject\output\20190719_173741\junit.xml
2019-07-19 17:37:56,540|I|main|nexial mailer not enabled: nexial.enableEmail=false
2019-07-19 17:37:56,540|I|main|skipped email notification as configured
2019-07-19 17:37:56,549|I|main|exiting Nexial...
2019-07-19 17:37:56,555|I|main|

/-END OF EXECUTION--------------------------------------------------------------
| » Execution Time: 14 sec.
| » Test Steps....: 10
| » Passed........: 10
| » Failed........: 0
| » Success Rate..: 100.00%
\----------------------------------------------------------nexial-core dev_0580-

2019-07-19 17:37:56,557|I|main|ALL PASSED!
2019-07-19 17:37:56,557|I|main|End of Execution:
NEXIAL_OUTPUT:         C:\projects\DemoProject\output\20190719_173741
NEXIAL_EXECUTION_HTML: C:\projects\DemoProject\output\20190719_173741\execution-output.html
NEXIAL_JUNIT_XML:      C:\projects\DemoProject\output\20190719_173741\junit.xml
NEXIAL_SUCCESS_RATE:   100.00%
NEXIAL_EXIT_STATUS:    0
