2019-07-24 16:29:32,164|I|Thread-1|(DELAYED) nexial-core dev_0580 starting up...
2019-07-24 16:29:32,167|I|Thread-1|(DELAYED) data file resolved as C:\Users\SHAGUF~1.NIS\AppData\Local\Temp\dkfbS\WebAutomation.data.xlsx
2019-07-24 16:29:32,167|I|Thread-1|(DELAYED) input files and output directory resolved...
2019-07-24 16:29:32,167|I|Thread-1|(DELAYED) No predefined nexial-setup found
2019-07-24 16:29:32,167|I|Thread-1|(DELAYED) [20190724_162931] [C:\projects\WebAutomation\artifact\script\WebAutomation.xlsx] resolve RUN ID as 20190724_162931
2019-07-24 16:29:32,167|I|Thread-1|(DELAYED) [20190724_162931] [C:\projects\WebAutomation\artifact\script\WebAutomation.xlsx] new thread started
2019-07-24 16:29:32,168|I|Thread-1|No predefined nexial-setup found
2019-07-24 16:29:32,252|I|Thread-1|outputBase not set; output-to-cloud DISABLED!
2019-07-24 16:29:32,253|I|Thread-1|accessKey not set; output-to-cloud DISABLED!
2019-07-24 16:29:32,254|I|Thread-1|secretKey not set; output-to-cloud DISABLED!
2019-07-24 16:29:32,284|I|Thread-1|missing REQUIRED configuration; sms DISABLED!
2019-07-24 16:29:33,127|I|Thread-1|[20190724_162931] executing C:\projects\WebAutomation\artifact\script\WebAutomation.xlsx with 1 iteration(s)
2019-07-24 16:29:33,132|I|Thread-1|[20190724_162931] create directory C:\projects\WebAutomation\output\20190724_162931\captures
2019-07-24 16:29:33,133|I|Thread-1|[20190724_162931] create directory C:\projects\WebAutomation\output\20190724_162931\logs
2019-07-24 16:29:34,551|I|Thread-1|[20190724_162931] merging test data to tmp file C:\projects\WebAutomation\output\20190724_162931\WebAutomation.20190724_162933.001.xlsx
2019-07-24 16:29:34,552|I|Thread-1|refetching data from C:\projects\WebAutomation\artifact\data\WebAutomation.data.xlsx
2019-07-24 16:29:34,879|I|Thread-1|[20190724_162931] test script and test data merged to C:\projects\WebAutomation\output\20190724_162931\WebAutomation.20190724_162933.001.xlsx
2019-07-24 16:29:35,386|I|Thread-1|STARTS
2019-07-24 16:29:35,404|I|Thread-1|WebAutomation.20190724_162933.001 - executing iteration #1 of 1; Iteration Id 1
2019-07-24 16:29:35,410|I|Thread-1|WebAutomation.20190724_162933.001|S2 - executing test scenario
2019-07-24 16:29:35,411|I|Thread-1|WebAutomation.20190724_162933.001|S2|Activity 1 - executing activity
2019-07-24 16:29:36,014|I|Thread-1|WebAutomation.20190724_162933.001|S2|Activity 1|#  5|web.open(url) - executing open(url)(https://www.google.com/)
2019-07-24 16:29:36,024|I|Thread-1|No valid instance of webdriver, initializing...
2019-07-24 16:29:36,029|I|Thread-1|init chrome
2019-07-24 16:29:42,275|I|Thread-1|browser initialization completed for 'chrome'
2019-07-24 16:29:42,298|I|Thread-1|setting browser polling wait time to 800 ms
2019-07-24 16:29:42,318|I|Thread-1|setting browser page load timeout to 10000 ms
2019-07-24 16:29:44,317|I|Thread-1|current browser window handle:CDwindow-5FA68099EF78E3519D8870DA8D46CD98
2019-07-24 16:29:44,358|I|Thread-1|WebAutomation.20190724_162933.001|S2|Activity 1|#  5|web.open(url) - PASS opened URL https://www.google.com/
2019-07-24 16:29:44,960|I|Thread-1|WebAutomation.20190724_162933.001|S2|Activity 1|#  6|web.assertTitle(text) - executing assertTitle(text)(Google)
2019-07-24 16:29:44,987|I|Thread-1|WebAutomation.20190724_162933.001|S2|Activity 1|#  6|web.assertTitle(text) - PASS 
2019-07-24 16:29:45,590|I|Thread-1|WebAutomation.20190724_162933.001|S2|Activity 1|#  7|web.assertElementPresent( - executing assertElementPresent(locator)(//input[@name='q'])
2019-07-24 16:29:45,633|I|Thread-1|WebAutomation.20190724_162933.001|S2|Activity 1|#  7|web.assertElementPresent( - PASS EXPECTED element '//input[@name='q']' found
2019-07-24 16:29:46,236|I|Thread-1|WebAutomation.20190724_162933.001|S2|Activity 1|#  8|web.click(locator) - executing click(locator)(//a[@class='gb_e'])
2019-07-24 16:29:46,274|I|Thread-1|clicking '//a[@class='gb_e']'...
2019-07-24 16:29:46,312|I|Thread-1|click target via JS, @id=
2019-07-24 16:29:48,240|I|Thread-1|clicked -> true
2019-07-24 16:29:48,241|I|Thread-1|WebAutomation.20190724_162933.001|S2|Activity 1|#  8|web.click(locator) - PASS click via JS event
2019-07-24 16:29:48,844|I|Thread-1|WebAutomation.20190724_162933.001|S2|Activity 1|#  9|web.click(locator) - executing click(locator)(//a[@class='h-c-header__nav-li-link'])
2019-07-24 16:29:49,903|E|Thread-1|WebAutomation.20190724_162933.001|S2|Activity 1|#  9|web.click(locator) - FAIL No element via locator '//a[@class='h-c-header__nav-li-link']'
2019-07-24 16:29:50,097|I|Thread-1|[WebAutomation.20190724_162933.001|S2] saving test scenario
2019-07-24 16:29:50,253|I|Thread-1|[20190724_162931] 
/-TEST COMPLETE-----------------------------------------------------------------
| Test Output:    C:\projects\WebAutomation\output\20190724_162931\WebAutomation.20190724_162933.001.xlsx
| Iteration:      1
\-------------------------------------------------------------------------------
» Execution Time: 14841 ms
» Test Steps:     5
» Error(s):       1



2019-07-24 16:29:51,394|I|Thread-1|[20190724_162931] 
/-TEST COMPLETE-----------------------------------------------------------------
| Test Script:    C:\projects\WebAutomation\artifact\script\WebAutomation.xlsx
\-------------------------------------------------------------------------------
» Execution Time: 19399 ms
» Iterations:     [1] total 1
» Test Steps:     5
» Passed:         4
» Error(s):       1
» Iteration 1 of 1: C:\projects\WebAutomation\output\20190724_162931\WebAutomation.20190724_162933.001.xlsx



2019-07-24 16:29:52,037|I|main|[20190724_162931] [C:\projects\WebAutomation\artifact\script\WebAutomation.xlsx] now completed
2019-07-24 16:29:52,038|I|main|[20190724_162931] all execution thread(s) have terminated
2019-07-24 16:29:52,038|I|main|[20190724_162931] test run completed in about 20 seconds
2019-07-24 16:29:52,224|I|main|No predefined nexial-setup found
2019-07-24 16:29:52,296|I|main|outputBase not set; output-to-cloud DISABLED!
2019-07-24 16:29:52,297|I|main|accessKey not set; output-to-cloud DISABLED!
2019-07-24 16:29:52,297|I|main|secretKey not set; output-to-cloud DISABLED!
2019-07-24 16:29:52,299|I|main|generating HTML output for this execution to C:\projects\WebAutomation\output\20190724_162931\execution-output.html
2019-07-24 16:29:53,154|I|main|generating JUnit XML output for this execution to C:\projects\WebAutomation\output\20190724_162931\junit.xml
2019-07-24 16:29:53,213|I|main|generated JUnit report for this execution: C:\projects\WebAutomation\output\20190724_162931\junit.xml
2019-07-24 16:29:53,214|I|main|nexial mailer not enabled: nexial.enableEmail=false
2019-07-24 16:29:53,214|I|main|skipped email notification as configured
2019-07-24 16:29:53,215|I|main|exiting Nexial...
2019-07-24 16:29:53,216|I|main|shutdown starts...
2019-07-24 16:29:53,218|I|main|Shutting down 'chrome' webdriver...
2019-07-24 16:30:01,154|I|main|shutdown ends...
2019-07-24 16:30:01,157|I|main|

/-END OF EXECUTION--------------------------------------------------------------
| » Execution Time: 20 sec.
| » Test Steps....: 5
| » Passed........: 4
| » Failed........: 1
| » Success Rate..: 80.00%
\----------------------------------------------------------nexial-core dev_0580-

2019-07-24 16:30:01,158|E|main|failure found; success rate is 80.00%
2019-07-24 16:30:01,161|I|main|End of Execution:
NEXIAL_OUTPUT:         C:\projects\WebAutomation\output\20190724_162931
NEXIAL_EXECUTION_HTML: C:\projects\WebAutomation\output\20190724_162931\execution-output.html
NEXIAL_JUNIT_XML:      C:\projects\WebAutomation\output\20190724_162931\junit.xml
NEXIAL_SUCCESS_RATE:   80.00%
NEXIAL_EXIT_STATUS:    -13
