2019-07-19 17:48:26,598|I|Thread-1|(DELAYED) nexial-core dev_0580 starting up...
2019-07-19 17:48:26,603|I|Thread-1|(DELAYED) data file resolved as C:\Users\SHAGUF~1.NIS\AppData\Local\Temp\CuNFL\DemoProject.data.xlsx
2019-07-19 17:48:26,604|I|Thread-1|(DELAYED) input files and output directory resolved...
2019-07-19 17:48:26,604|I|Thread-1|(DELAYED) No predefined nexial-setup found
2019-07-19 17:48:26,604|I|Thread-1|(DELAYED) [20190719_174826] [C:\projects\DemoProject\artifact\script\DemoProject.xlsx] resolve RUN ID as 20190719_174826
2019-07-19 17:48:26,604|I|Thread-1|(DELAYED) [20190719_174826] [C:\projects\DemoProject\artifact\script\DemoProject.xlsx] new thread started
2019-07-19 17:48:26,604|I|Thread-1|No predefined nexial-setup found
2019-07-19 17:48:26,677|I|Thread-1|outputBase not set; output-to-cloud DISABLED!
2019-07-19 17:48:26,678|I|Thread-1|accessKey not set; output-to-cloud DISABLED!
2019-07-19 17:48:26,678|I|Thread-1|secretKey not set; output-to-cloud DISABLED!
2019-07-19 17:48:26,706|I|Thread-1|missing REQUIRED configuration; sms DISABLED!
2019-07-19 17:48:27,483|I|Thread-1|[20190719_174826] executing C:\projects\DemoProject\artifact\script\DemoProject.xlsx with 1 iteration(s)
2019-07-19 17:48:27,487|I|Thread-1|[20190719_174826] create directory C:\projects\DemoProject\output\20190719_174826\captures
2019-07-19 17:48:27,489|I|Thread-1|[20190719_174826] create directory C:\projects\DemoProject\output\20190719_174826\logs
2019-07-19 17:48:28,207|I|Thread-1|[20190719_174826] merging test data to tmp file C:\projects\DemoProject\output\20190719_174826\DemoProject.20190719_174827.001.xlsx
2019-07-19 17:48:28,208|I|Thread-1|refetching data from C:\projects\DemoProject\artifact\data\DemoProject.data.xlsx
2019-07-19 17:48:28,514|I|Thread-1|[20190719_174826] test script and test data merged to C:\projects\DemoProject\output\20190719_174826\DemoProject.20190719_174827.001.xlsx
2019-07-19 17:48:29,271|I|Thread-1|STARTS
2019-07-19 17:48:29,299|I|Thread-1|DemoProject.20190719_174827.001 - executing iteration #1 of 1; Iteration Id 1
2019-07-19 17:48:29,307|I|Thread-1|DemoProject.20190719_174827.001|Scenario (2) - executing test scenario
2019-07-19 17:48:29,309|I|Thread-1|DemoProject.20190719_174827.001|Scenario (2)|Activity 1 - executing activity
2019-07-19 17:48:29,915|I|Thread-1|DemoProject.20190719_174827.001|Scenario (2)|Activity 1|#  5|base.save(var,value) - executing save(var,value)(a, $(syspath|project|fullpath)/artifact/data/abc.txt)
2019-07-19 17:48:29,982|I|Thread-1|DemoProject.20190719_174827.001|Scenario (2)|Activity 1|#  5|base.save(var,value) - PASS stored 'C:\projects\DemoProject\artifact\data\abc.txt' as ${a}
2019-07-19 17:48:30,583|I|Thread-1|DemoProject.20190719_174827.001|Scenario (2)|Activity 1|#  6|io.makeDirectory(source) - executing makeDirectory(source)(a)
2019-07-19 17:48:30,591|I|Thread-1|DemoProject.20190719_174827.001|Scenario (2)|Activity 1|#  6|io.makeDirectory(source) - PASS make directory complete on 'a'
2019-07-19 17:48:31,202|I|Thread-1|DemoProject.20190719_174827.001|Scenario (2)|Activity 1|#  7|io.readFile(var,file) - executing readFile(var,file)(b, $(syspath|project|fullpath)/artifact/data/abc.txt)
2019-07-19 17:48:31,221|I|Thread-1|DemoProject.20190719_174827.001|Scenario (2)|Activity 1|#  7|io.readFile(var,file) - PASS Content read from 'C:\projects\DemoProject\artifact\data\abc.txt' to ${b}
2019-07-19 17:48:31,227|I|Thread-1|DemoProject.20190719_174827.001|Scenario (2)|Activity 2 - executing activity
2019-07-19 17:48:31,837|I|Thread-1|DemoProject.20190719_174827.001|Scenario (2)|Activity 2|#  8|base.save(var,value) - executing save(var,value)(nexial.textDelim, 	)
2019-07-19 17:48:32,045|I|Thread-1|DemoProject.20190719_174827.001|Scenario (2)|Activity 2|#  8|base.save(var,value) - PASS stored '	' as ${nexial.textDelim}
2019-07-19 17:48:32,647|I|Thread-1|DemoProject.20190719_174827.001|Scenario (2)|Activity 2|#  9|base.save(var,value) - executing save(var,value)(json file , C:\projects\DemoProject\artifact\data\example3.json)
2019-07-19 17:48:32,655|I|Thread-1|DemoProject.20190719_174827.001|Scenario (2)|Activity 2|#  9|base.save(var,value) - PASS stored 'C:\projects\DemoProject\artifact\data\example3.json' as ${json file }
2019-07-19 17:48:33,265|I|Thread-1|DemoProject.20190719_174827.001|Scenario (2)|Activity 2|# 10|base.save(var,value) - executing save(var,value)(jsonpaths , last_name => ascending)
2019-07-19 17:48:33,272|I|Thread-1|DemoProject.20190719_174827.001|Scenario (2)|Activity 2|# 10|base.save(var,value) - PASS stored 'last_name => ascending' as ${jsonpaths }
2019-07-19 17:48:33,881|I|Thread-1|DemoProject.20190719_174827.001|Scenario (2)|Activity 2|# 11|json.storeValues(json,jso - executing storeValues(json,jsonpath,var)(${json file}, ${jsonpaths}, r)
2019-07-19 17:48:33,894|E|Thread-1|DemoProject.20190719_174827.001|Scenario (2)|Activity 2|# 11|json.storeValues(json,jso - FAIL invalid jsonpath: {}
2019-07-19 17:48:34,173|I|Thread-1|[DemoProject.20190719_174827.001|Scenario (2)] saving test scenario
2019-07-19 17:48:34,290|I|Thread-1|[20190719_174826] 
/-TEST COMPLETE-----------------------------------------------------------------
| Test Output:    C:\projects\DemoProject\output\20190719_174826\DemoProject.20190719_174827.001.xlsx
| Iteration:      1
\-------------------------------------------------------------------------------
» Execution Time: 4980 ms
» Test Steps:     7
» Error(s):       1



2019-07-19 17:48:37,555|I|Thread-1|[20190719_174826] 
/-TEST COMPLETE-----------------------------------------------------------------
| Test Script:    C:\projects\DemoProject\artifact\script\DemoProject.xlsx
\-------------------------------------------------------------------------------
» Execution Time: 11140 ms
» Iterations:     [1] total 1
» Test Steps:     7
» Passed:         6
» Error(s):       1
» Iteration 1 of 1: C:\projects\DemoProject\output\20190719_174826\DemoProject.20190719_174827.001.xlsx



2019-07-19 17:48:38,363|I|main|[20190719_174826] [C:\projects\DemoProject\artifact\script\DemoProject.xlsx] now completed
2019-07-19 17:48:38,366|I|main|[20190719_174826] all execution thread(s) have terminated
2019-07-19 17:48:38,369|I|main|[20190719_174826] test run completed in about 12 seconds
2019-07-19 17:48:38,476|I|main|No predefined nexial-setup found
2019-07-19 17:48:38,536|I|main|outputBase not set; output-to-cloud DISABLED!
2019-07-19 17:48:38,536|I|main|accessKey not set; output-to-cloud DISABLED!
2019-07-19 17:48:38,537|I|main|secretKey not set; output-to-cloud DISABLED!
2019-07-19 17:48:38,538|I|main|generating HTML output for this execution to C:\projects\DemoProject\output\20190719_174826\execution-output.html
2019-07-19 17:48:39,178|I|main|generating JUnit XML output for this execution to C:\projects\DemoProject\output\20190719_174826\junit.xml
2019-07-19 17:48:39,229|I|main|generated JUnit report for this execution: C:\projects\DemoProject\output\20190719_174826\junit.xml
2019-07-19 17:48:39,244|I|main|nexial mailer not enabled: nexial.enableEmail=false
2019-07-19 17:48:39,245|I|main|skipped email notification as configured
2019-07-19 17:48:39,254|I|main|exiting Nexial...
2019-07-19 17:48:39,259|I|main|

/-END OF EXECUTION--------------------------------------------------------------
| » Execution Time: 12 sec.
| » Test Steps....: 7
| » Passed........: 6
| » Failed........: 1
| » Success Rate..: 85.71%
\----------------------------------------------------------nexial-core dev_0580-

2019-07-19 17:48:39,260|E|main|failure found; success rate is 85.71%
2019-07-19 17:48:39,261|I|main|End of Execution:
NEXIAL_OUTPUT:         C:\projects\DemoProject\output\20190719_174826
NEXIAL_EXECUTION_HTML: C:\projects\DemoProject\output\20190719_174826\execution-output.html
NEXIAL_JUNIT_XML:      C:\projects\DemoProject\output\20190719_174826\junit.xml
NEXIAL_SUCCESS_RATE:   85.71%
NEXIAL_EXIT_STATUS:    -13
