2019-07-24 16:49:42,768|I|Thread-1|(DELAYED) nexial-core dev_0580 starting up...
2019-07-24 16:49:42,768|I|Thread-1|(DELAYED) data file resolved as C:\Users\SHAGUF~1.NIS\AppData\Local\Temp\mCdsx\WebAutomation.data.xlsx
2019-07-24 16:49:42,768|I|Thread-1|(DELAYED) input files and output directory resolved...
2019-07-24 16:49:42,768|I|Thread-1|(DELAYED) No predefined nexial-setup found
2019-07-24 16:49:42,768|I|Thread-1|(DELAYED) [20190724_164942] [C:\projects\WebAutomation\artifact\script\WebAutomation.xlsx] resolve RUN ID as 20190724_164942
2019-07-24 16:49:42,768|I|Thread-1|(DELAYED) [20190724_164942] [C:\projects\WebAutomation\artifact\script\WebAutomation.xlsx] new thread started
2019-07-24 16:49:42,768|I|Thread-1|No predefined nexial-setup found
2019-07-24 16:49:42,877|I|Thread-1|outputBase not set; output-to-cloud DISABLED!
2019-07-24 16:49:42,877|I|Thread-1|accessKey not set; output-to-cloud DISABLED!
2019-07-24 16:49:42,877|I|Thread-1|secretKey not set; output-to-cloud DISABLED!
2019-07-24 16:49:42,909|I|Thread-1|missing REQUIRED configuration; sms DISABLED!
2019-07-24 16:49:44,002|I|Thread-1|[20190724_164942] executing C:\projects\WebAutomation\artifact\script\WebAutomation.xlsx with 1 iteration(s)
2019-07-24 16:49:44,002|I|Thread-1|[20190724_164942] create directory C:\projects\WebAutomation\output\20190724_164942\captures
2019-07-24 16:49:44,002|I|Thread-1|[20190724_164942] create directory C:\projects\WebAutomation\output\20190724_164942\logs
2019-07-24 16:49:45,555|I|Thread-1|[20190724_164942] merging test data to tmp file C:\projects\WebAutomation\output\20190724_164942\WebAutomation.20190724_164944.001.xlsx
2019-07-24 16:49:45,556|I|Thread-1|refetching data from C:\projects\WebAutomation\artifact\data\WebAutomation.data.xlsx
2019-07-24 16:49:45,875|I|Thread-1|[20190724_164942] test script and test data merged to C:\projects\WebAutomation\output\20190724_164942\WebAutomation.20190724_164944.001.xlsx
2019-07-24 16:49:46,511|I|Thread-1|STARTS
2019-07-24 16:49:46,534|I|Thread-1|WebAutomation.20190724_164944.001 - executing iteration #1 of 1; Iteration Id 1
2019-07-24 16:49:46,542|I|Thread-1|WebAutomation.20190724_164944.001|S2 - executing test scenario
2019-07-24 16:49:46,543|I|Thread-1|WebAutomation.20190724_164944.001|S2|Activity 1 - executing activity
2019-07-24 16:49:47,146|I|Thread-1|WebAutomation.20190724_164944.001|S2|Activity 1|#  5|web.open(url) - executing open(url)(https://www.google.com/)
2019-07-24 16:49:47,155|I|Thread-1|No valid instance of webdriver, initializing...
2019-07-24 16:49:47,176|I|Thread-1|init chrome
2019-07-24 16:49:53,190|I|Thread-1|browser initialization completed for 'chrome'
2019-07-24 16:49:53,220|I|Thread-1|setting browser polling wait time to 800 ms
2019-07-24 16:49:53,241|I|Thread-1|setting browser page load timeout to 10000 ms
2019-07-24 16:49:55,262|I|Thread-1|current browser window handle:CDwindow-F03E6C061D58DE996A5AA96791E07A1F
2019-07-24 16:49:55,308|I|Thread-1|WebAutomation.20190724_164944.001|S2|Activity 1|#  5|web.open(url) - PASS opened URL https://www.google.com/
2019-07-24 16:49:55,914|I|Thread-1|WebAutomation.20190724_164944.001|S2|Activity 1|#  6|web.assertTitle(text) - executing assertTitle(text)(Google)
2019-07-24 16:49:55,934|I|Thread-1|WebAutomation.20190724_164944.001|S2|Activity 1|#  6|web.assertTitle(text) - PASS 
2019-07-24 16:49:56,538|I|Thread-1|WebAutomation.20190724_164944.001|S2|Activity 1|#  7|web.assertElementPresent( - executing assertElementPresent(locator)(//input[@name='q'])
2019-07-24 16:49:56,576|I|Thread-1|WebAutomation.20190724_164944.001|S2|Activity 1|#  7|web.assertElementPresent( - PASS EXPECTED element '//input[@name='q']' found
2019-07-24 16:49:57,178|I|Thread-1|WebAutomation.20190724_164944.001|S2|Activity 1|#  8|web.click(locator) - executing click(locator)(//a[@class='gb_e'])
2019-07-24 16:49:57,220|I|Thread-1|clicking '//a[@class='gb_e']'...
2019-07-24 16:49:57,261|I|Thread-1|click target via JS, @id=
2019-07-24 16:49:59,113|I|Thread-1|clicked -> true
2019-07-24 16:49:59,114|I|Thread-1|WebAutomation.20190724_164944.001|S2|Activity 1|#  8|web.click(locator) - PASS click via JS event
2019-07-24 16:49:59,716|I|Thread-1|WebAutomation.20190724_164944.001|S2|Activity 1|#  9|web.click(locator) - executing click(locator)(//a[@ga-event-action='sign in'])
2019-07-24 16:49:59,756|I|Thread-1|clicking '//a[@ga-event-action='sign in']'...
2019-07-24 16:49:59,786|I|Thread-1|click target via JS, @id=
2019-07-24 16:49:59,863|I|Thread-1|clicked -> true
2019-07-24 16:49:59,864|I|Thread-1|WebAutomation.20190724_164944.001|S2|Activity 1|#  9|web.click(locator) - PASS click via JS event
2019-07-24 16:50:00,466|I|Thread-1|WebAutomation.20190724_164944.001|S2|Activity 1|# 10|web.type(locator,value) - executing type(locator,value)(//input[@id='identifierId'], shagufta.nisar@atmecs.com)
2019-07-24 16:50:01,579|E|Thread-1|WebAutomation.20190724_164944.001|S2|Activity 1|# 10|web.type(locator,value) - FAIL EXECUTING COMMAND: web.type(locator,value)('//input[@id='identifierId']', 'shagufta.nisar@atmecs.com')
Specified element not found: no such element: Unable to locate element: {"method":"xpath","selector":"//input[@id='identifierId']"}   (Session info: chrome=75.0.3770.142)...
2019-07-24 16:50:02,184|I|Thread-1|WebAutomation.20190724_164944.001|S2|Activity 1|# 11|web.click(locator) - executing click(locator)(//span[@class='RveJvd snByac'])
2019-07-24 16:50:03,060|E|Thread-1|WebAutomation.20190724_164944.001|S2|Activity 1|# 11|web.click(locator) - FAIL No element via locator '//span[@class='RveJvd snByac']'
2019-07-24 16:50:03,283|I|Thread-1|[WebAutomation.20190724_164944.001|S2] saving test scenario
2019-07-24 16:50:03,559|I|Thread-1|[20190724_164942] 
/-TEST COMPLETE-----------------------------------------------------------------
| Test Output:    C:\projects\WebAutomation\output\20190724_164942\WebAutomation.20190724_164944.001.xlsx
| Iteration:      1
\-------------------------------------------------------------------------------
» Execution Time: 16987 ms
» Test Steps:     7
» Error(s):       2



2019-07-24 16:50:04,592|I|Thread-1|[20190724_164942] 
/-TEST COMPLETE-----------------------------------------------------------------
| Test Script:    C:\projects\WebAutomation\artifact\script\WebAutomation.xlsx
\-------------------------------------------------------------------------------
» Execution Time: 22046 ms
» Iterations:     [1] total 1
» Test Steps:     7
» Passed:         5
» Error(s):       2
» Iteration 1 of 1: C:\projects\WebAutomation\output\20190724_164942\WebAutomation.20190724_164944.001.xlsx



2019-07-24 16:50:05,585|I|main|[20190724_164942] [C:\projects\WebAutomation\artifact\script\WebAutomation.xlsx] now completed
2019-07-24 16:50:05,586|I|main|[20190724_164942] all execution thread(s) have terminated
2019-07-24 16:50:05,586|I|main|[20190724_164942] test run completed in about 23 seconds
2019-07-24 16:50:05,723|I|main|No predefined nexial-setup found
2019-07-24 16:50:05,786|I|main|outputBase not set; output-to-cloud DISABLED!
2019-07-24 16:50:05,787|I|main|accessKey not set; output-to-cloud DISABLED!
2019-07-24 16:50:05,788|I|main|secretKey not set; output-to-cloud DISABLED!
2019-07-24 16:50:05,790|I|main|generating HTML output for this execution to C:\projects\WebAutomation\output\20190724_164942\execution-output.html
2019-07-24 16:50:06,706|I|main|generating JUnit XML output for this execution to C:\projects\WebAutomation\output\20190724_164942\junit.xml
2019-07-24 16:50:06,757|I|main|generated JUnit report for this execution: C:\projects\WebAutomation\output\20190724_164942\junit.xml
2019-07-24 16:50:06,758|I|main|nexial mailer not enabled: nexial.enableEmail=false
2019-07-24 16:50:06,759|I|main|skipped email notification as configured
2019-07-24 16:50:06,761|I|main|exiting Nexial...
2019-07-24 16:50:06,763|I|main|shutdown starts...
2019-07-24 16:50:06,765|I|main|Shutting down 'chrome' webdriver...
2019-07-24 16:50:10,557|I|main|shutdown ends...
2019-07-24 16:50:10,563|I|main|

/-END OF EXECUTION--------------------------------------------------------------
| » Execution Time: 23 sec.
| » Test Steps....: 7
| » Passed........: 5
| » Failed........: 2
| » Success Rate..: 71.43%
\----------------------------------------------------------nexial-core dev_0580-

2019-07-24 16:50:10,569|E|main|failure found; success rate is 71.43%
2019-07-24 16:50:10,572|I|main|End of Execution:
NEXIAL_OUTPUT:         C:\projects\WebAutomation\output\20190724_164942
NEXIAL_EXECUTION_HTML: C:\projects\WebAutomation\output\20190724_164942\execution-output.html
NEXIAL_JUNIT_XML:      C:\projects\WebAutomation\output\20190724_164942\junit.xml
NEXIAL_SUCCESS_RATE:   71.43%
NEXIAL_EXIT_STATUS:    -13
