2019-07-26 14:53:54,188|I|Thread-1|(DELAYED) nexial-core dev_0580 starting up...
2019-07-26 14:53:54,204|I|Thread-1|(DELAYED) data file resolved as C:\Users\SHAGUF~1.NIS\AppData\Local\Temp\OllpM\DatabaseAutomation.data.xlsx
2019-07-26 14:53:54,204|I|Thread-1|(DELAYED) input files and output directory resolved...
2019-07-26 14:53:54,204|I|Thread-1|(DELAYED) No predefined nexial-setup found
2019-07-26 14:53:54,204|I|Thread-1|(DELAYED) [20190726_145353] [C:\projects\DatabaseAutomation\artifact\script\DatabaseAutomation.xlsx] resolve RUN ID as 20190726_145353
2019-07-26 14:53:54,204|I|Thread-1|(DELAYED) [20190726_145353] [C:\projects\DatabaseAutomation\artifact\script\DatabaseAutomation.xlsx] new thread started
2019-07-26 14:53:54,204|I|Thread-1|No predefined nexial-setup found
2019-07-26 14:53:54,266|I|Thread-1|outputBase not set; output-to-cloud DISABLED!
2019-07-26 14:53:54,266|I|Thread-1|accessKey not set; output-to-cloud DISABLED!
2019-07-26 14:53:54,266|I|Thread-1|secretKey not set; output-to-cloud DISABLED!
2019-07-26 14:53:54,298|I|Thread-1|missing REQUIRED configuration; sms DISABLED!
2019-07-26 14:53:55,126|I|Thread-1|[20190726_145353] executing C:\projects\DatabaseAutomation\artifact\script\DatabaseAutomation.xlsx with 1 iteration(s)
2019-07-26 14:53:55,141|I|Thread-1|[20190726_145353] create directory C:\projects\DatabaseAutomation\output\20190726_145353\captures
2019-07-26 14:53:55,141|I|Thread-1|[20190726_145353] create directory C:\projects\DatabaseAutomation\output\20190726_145353\logs
2019-07-26 14:53:55,735|I|Thread-1|[20190726_145353] merging test data to tmp file C:\projects\DatabaseAutomation\output\20190726_145353\DatabaseAutomation.20190726_145355.001.xlsx
2019-07-26 14:53:55,735|I|Thread-1|refetching data from C:\projects\DatabaseAutomation\artifact\data\DatabaseAutomation.data.xlsx
2019-07-26 14:53:56,047|I|Thread-1|[20190726_145353] test script and test data merged to C:\projects\DatabaseAutomation\output\20190726_145353\DatabaseAutomation.20190726_145355.001.xlsx
2019-07-26 14:53:56,688|I|Thread-1|STARTS
2019-07-26 14:53:56,719|I|Thread-1|DatabaseAutomation.20190726_145355.001 - executing iteration #1 of 1; Iteration Id 1
2019-07-26 14:53:56,719|I|Thread-1|DatabaseAutomation.20190726_145355.001|Scenario - executing test scenario
2019-07-26 14:53:56,719|I|Thread-1|DatabaseAutomation.20190726_145355.001|Scenario|Activity 1 - executing activity
2019-07-26 14:53:57,329|I|Thread-1|DatabaseAutomation.20190726_145355.001|Scenario|Activity 1|#  5|rdbms.runSQL(var,db,sql) - executing runSQL(var,db,sql)(result, db1, Select datetime(current_timestamp,'localtime') AS RIGHT_NOW)
2019-07-26 14:53:57,422|I|Thread-1|DatabaseAutomation.20190726_145355.001|Scenario|Activity 1|#  5|rdbms.runSQL(var,db,sql) - new connection established for 'db1'
2019-07-26 14:53:58,454|E|Thread-1|DatabaseAutomation.20190726_145355.001|Scenario|Activity 1|#  5|rdbms.runSQL(var,db,sql) - FAIL Failed to obtain JDBC Connection; nested exception is java.sql.SQLException: Cannot create PoolableConnectionFactory (Access denied for user 'root'@'localhost' (using password: NO))
2019-07-26 14:53:59,078|I|Thread-1|DatabaseAutomation.20190726_145355.001|Scenario|Activity 1|#  6|base.verbose(text) - executing verbose(text)(${result})
2019-07-26 14:53:59,078|I|Thread-1|DatabaseAutomation.20190726_145355.001|Scenario|Activity 1|#  6|base.verbose(text) - 
2019-07-26 14:53:59,078|I|Thread-1|DatabaseAutomation.20190726_145355.001|Scenario|Activity 1|#  6|base.verbose(text) - PASS 
2019-07-26 14:53:59,203|I|Thread-1|[DatabaseAutomation.20190726_145355.001|Scenario] saving test scenario
2019-07-26 14:53:59,328|I|Thread-1|[20190726_145353] 
/-TEST COMPLETE-----------------------------------------------------------------
| Test Output:    C:\projects\DatabaseAutomation\output\20190726_145353\DatabaseAutomation.20190726_145355.001.xlsx
| Iteration:      1
\-------------------------------------------------------------------------------
» Execution Time: 2594 ms
» Test Steps:     2
» Error(s):       1



2019-07-26 14:54:00,492|I|Thread-1|[20190726_145353] 
/-TEST COMPLETE-----------------------------------------------------------------
| Test Script:    C:\projects\DatabaseAutomation\artifact\script\DatabaseAutomation.xlsx
\-------------------------------------------------------------------------------
» Execution Time: 6492 ms
» Iterations:     [1] total 1
» Test Steps:     2
» Passed:         1
» Error(s):       1
» Iteration 1 of 1: C:\projects\DatabaseAutomation\output\20190726_145353\DatabaseAutomation.20190726_145355.001.xlsx



2019-07-26 14:54:01,039|I|main|[20190726_145353] [C:\projects\DatabaseAutomation\artifact\script\DatabaseAutomation.xlsx] now completed
2019-07-26 14:54:01,039|I|main|[20190726_145353] all execution thread(s) have terminated
2019-07-26 14:54:01,039|I|main|[20190726_145353] test run completed in about 7 seconds
2019-07-26 14:54:01,148|I|main|No predefined nexial-setup found
2019-07-26 14:54:01,195|I|main|outputBase not set; output-to-cloud DISABLED!
2019-07-26 14:54:01,195|I|main|accessKey not set; output-to-cloud DISABLED!
2019-07-26 14:54:01,195|I|main|secretKey not set; output-to-cloud DISABLED!
2019-07-26 14:54:01,195|I|main|generating HTML output for this execution to C:\projects\DatabaseAutomation\output\20190726_145353\execution-output.html
2019-07-26 14:54:01,791|I|main|generating JUnit XML output for this execution to C:\projects\DatabaseAutomation\output\20190726_145353\junit.xml
2019-07-26 14:54:01,819|I|main|generated JUnit report for this execution: C:\projects\DatabaseAutomation\output\20190726_145353\junit.xml
2019-07-26 14:54:01,819|I|main|nexial mailer not enabled: nexial.enableEmail=false
2019-07-26 14:54:01,819|I|main|skipped email notification as configured
2019-07-26 14:54:01,819|I|main|exiting Nexial...
2019-07-26 14:54:01,819|I|main|

/-END OF EXECUTION--------------------------------------------------------------
| » Execution Time: 7 sec.
| » Test Steps....: 2
| » Passed........: 1
| » Failed........: 1
| » Success Rate..: 50.00%
\----------------------------------------------------------nexial-core dev_0580-

2019-07-26 14:54:01,819|E|main|failure found; success rate is 50.00%
2019-07-26 14:54:01,834|I|main|End of Execution:
NEXIAL_OUTPUT:         C:\projects\DatabaseAutomation\output\20190726_145353
NEXIAL_EXECUTION_HTML: C:\projects\DatabaseAutomation\output\20190726_145353\execution-output.html
NEXIAL_JUNIT_XML:      C:\projects\DatabaseAutomation\output\20190726_145353\junit.xml
NEXIAL_SUCCESS_RATE:   50.00%
NEXIAL_EXIT_STATUS:    -13
