2019-07-24 17:02:09,200|I|Thread-1|(DELAYED) nexial-core dev_0580 starting up...
2019-07-24 17:02:09,200|I|Thread-1|(DELAYED) data file resolved as C:\Users\SHAGUF~1.NIS\AppData\Local\Temp\pTdpP\WebAutomation.data.xlsx
2019-07-24 17:02:09,200|I|Thread-1|(DELAYED) input files and output directory resolved...
2019-07-24 17:02:09,200|I|Thread-1|(DELAYED) No predefined nexial-setup found
2019-07-24 17:02:09,200|I|Thread-1|(DELAYED) [20190724_170208] [C:\projects\WebAutomation\artifact\script\WebAutomation.xlsx] resolve RUN ID as 20190724_170208
2019-07-24 17:02:09,200|I|Thread-1|(DELAYED) [20190724_170208] [C:\projects\WebAutomation\artifact\script\WebAutomation.xlsx] new thread started
2019-07-24 17:02:09,200|I|Thread-1|No predefined nexial-setup found
2019-07-24 17:02:09,293|I|Thread-1|outputBase not set; output-to-cloud DISABLED!
2019-07-24 17:02:09,309|I|Thread-1|accessKey not set; output-to-cloud DISABLED!
2019-07-24 17:02:09,309|I|Thread-1|secretKey not set; output-to-cloud DISABLED!
2019-07-24 17:02:09,349|I|Thread-1|missing REQUIRED configuration; sms DISABLED!
2019-07-24 17:02:10,121|I|Thread-1|[20190724_170208] executing C:\projects\WebAutomation\artifact\script\WebAutomation.xlsx with 1 iteration(s)
2019-07-24 17:02:10,137|I|Thread-1|[20190724_170208] create directory C:\projects\WebAutomation\output\20190724_170208\captures
2019-07-24 17:02:10,137|I|Thread-1|[20190724_170208] create directory C:\projects\WebAutomation\output\20190724_170208\logs
2019-07-24 17:02:11,544|I|Thread-1|[20190724_170208] merging test data to tmp file C:\projects\WebAutomation\output\20190724_170208\WebAutomation.20190724_170210.001.xlsx
2019-07-24 17:02:11,544|I|Thread-1|refetching data from C:\projects\WebAutomation\artifact\data\WebAutomation.data.xlsx
2019-07-24 17:02:11,856|I|Thread-1|[20190724_170208] test script and test data merged to C:\projects\WebAutomation\output\20190724_170208\WebAutomation.20190724_170210.001.xlsx
2019-07-24 17:02:12,528|I|Thread-1|STARTS
2019-07-24 17:02:12,544|I|Thread-1|WebAutomation.20190724_170210.001 - executing iteration #1 of 1; Iteration Id 1
2019-07-24 17:02:12,559|I|Thread-1|WebAutomation.20190724_170210.001|S2 - executing test scenario
2019-07-24 17:02:12,559|I|Thread-1|WebAutomation.20190724_170210.001|S2|Activity 1 - executing activity
2019-07-24 17:02:13,169|I|Thread-1|WebAutomation.20190724_170210.001|S2|Activity 1|#  5|web.open(url) - executing open(url)(https://www.google.com/)
2019-07-24 17:02:13,169|I|Thread-1|No valid instance of webdriver, initializing...
2019-07-24 17:02:13,169|I|Thread-1|init chrome
2019-07-24 17:02:19,432|I|Thread-1|browser initialization completed for 'chrome'
2019-07-24 17:02:19,479|I|Thread-1|setting browser polling wait time to 800 ms
2019-07-24 17:02:19,494|I|Thread-1|setting browser page load timeout to 10000 ms
2019-07-24 17:02:21,554|I|Thread-1|current browser window handle:CDwindow-BAC9ECCDE76B512E1F8FB8DCF91223A0
2019-07-24 17:02:21,617|I|Thread-1|WebAutomation.20190724_170210.001|S2|Activity 1|#  5|web.open(url) - PASS opened URL https://www.google.com/
2019-07-24 17:02:22,230|I|Thread-1|WebAutomation.20190724_170210.001|S2|Activity 1|#  6|web.assertTitle(text) - executing assertTitle(text)(Google)
2019-07-24 17:02:22,245|I|Thread-1|WebAutomation.20190724_170210.001|S2|Activity 1|#  6|web.assertTitle(text) - PASS 
2019-07-24 17:02:22,856|I|Thread-1|WebAutomation.20190724_170210.001|S2|Activity 1|#  7|web.assertElementPresent( - executing assertElementPresent(locator)(//input[@name='q'])
2019-07-24 17:02:22,903|I|Thread-1|WebAutomation.20190724_170210.001|S2|Activity 1|#  7|web.assertElementPresent( - PASS EXPECTED element '//input[@name='q']' found
2019-07-24 17:02:23,503|I|Thread-1|WebAutomation.20190724_170210.001|S2|Activity 1|#  8|web.click(locator) - executing click(locator)(//a[@class='gb_e'])
2019-07-24 17:02:23,548|I|Thread-1|clicking '//a[@class='gb_e']'...
2019-07-24 17:02:23,594|I|Thread-1|click target via JS, @id=
2019-07-24 17:02:25,498|I|Thread-1|clicked -> true
2019-07-24 17:02:25,499|I|Thread-1|WebAutomation.20190724_170210.001|S2|Activity 1|#  8|web.click(locator) - PASS click via JS event
2019-07-24 17:02:26,108|I|Thread-1|WebAutomation.20190724_170210.001|S2|Activity 1|#  9|web.click(locator) - executing click(locator)(//a[@ga-event-action='sign in'])
2019-07-24 17:02:26,139|I|Thread-1|clicking '//a[@ga-event-action='sign in']'...
2019-07-24 17:02:26,186|I|Thread-1|click target via JS, @id=
2019-07-24 17:02:26,297|I|Thread-1|clicked -> true
2019-07-24 17:02:26,298|I|Thread-1|WebAutomation.20190724_170210.001|S2|Activity 1|#  9|web.click(locator) - PASS click via JS event
2019-07-24 17:02:26,900|I|Thread-1|WebAutomation.20190724_170210.001|S2|Activity 1|# 10|web.type(locator,value) - executing type(locator,value)(/div[@class='Xb9hP']/input[@class='whsOndzHQkBf'], shagufta.nisar@atmecs.com)
2019-07-24 17:02:28,148|E|Thread-1|WebAutomation.20190724_170210.001|S2|Activity 1|# 10|web.type(locator,value) - FAIL EXECUTING COMMAND: web.type(locator,value)('/div[@class='Xb9hP']/input[@class='whsOndzHQkBf']', 'shagufta.nisar@atmecs.com')
Specified element not found: no such element: Unable to locate element: {"method":"xpath","selector":"/div[@class='Xb9hP']/input[@class='whsOndzHQkBf']"}   (Session info: chrome=75.0.3770.142)...
2019-07-24 17:02:28,837|I|Thread-1|WebAutomation.20190724_170210.001|S2|Activity 1|# 11|web.click(locator) - executing click(locator)(//span[@class='RveJvd snByac'])
2019-07-24 17:02:29,726|E|Thread-1|WebAutomation.20190724_170210.001|S2|Activity 1|# 11|web.click(locator) - FAIL No element via locator '//span[@class='RveJvd snByac']'
2019-07-24 17:02:30,113|I|Thread-1|[WebAutomation.20190724_170210.001|S2] saving test scenario
2019-07-24 17:02:30,301|I|Thread-1|[20190724_170208] 
/-TEST COMPLETE-----------------------------------------------------------------
| Test Output:    C:\projects\WebAutomation\output\20190724_170208\WebAutomation.20190724_170210.001.xlsx
| Iteration:      1
\-------------------------------------------------------------------------------
» Execution Time: 17741 ms
» Test Steps:     7
» Error(s):       2



2019-07-24 17:02:31,618|I|Thread-1|[20190724_170208] 
/-TEST COMPLETE-----------------------------------------------------------------
| Test Script:    C:\projects\WebAutomation\artifact\script\WebAutomation.xlsx
\-------------------------------------------------------------------------------
» Execution Time: 22610 ms
» Iterations:     [1] total 1
» Test Steps:     7
» Passed:         5
» Error(s):       2
» Iteration 1 of 1: C:\projects\WebAutomation\output\20190724_170208\WebAutomation.20190724_170210.001.xlsx



2019-07-24 17:02:32,148|I|main|[20190724_170208] [C:\projects\WebAutomation\artifact\script\WebAutomation.xlsx] now completed
2019-07-24 17:02:32,148|I|main|[20190724_170208] all execution thread(s) have terminated
2019-07-24 17:02:32,148|I|main|[20190724_170208] test run completed in about 23 seconds
2019-07-24 17:02:32,226|I|main|No predefined nexial-setup found
2019-07-24 17:02:32,273|I|main|outputBase not set; output-to-cloud DISABLED!
2019-07-24 17:02:32,273|I|main|accessKey not set; output-to-cloud DISABLED!
2019-07-24 17:02:32,273|I|main|secretKey not set; output-to-cloud DISABLED!
2019-07-24 17:02:32,273|I|main|generating HTML output for this execution to C:\projects\WebAutomation\output\20190724_170208\execution-output.html
2019-07-24 17:02:33,041|I|main|generating JUnit XML output for this execution to C:\projects\WebAutomation\output\20190724_170208\junit.xml
2019-07-24 17:02:33,088|I|main|generated JUnit report for this execution: C:\projects\WebAutomation\output\20190724_170208\junit.xml
2019-07-24 17:02:33,088|I|main|nexial mailer not enabled: nexial.enableEmail=false
2019-07-24 17:02:33,088|I|main|skipped email notification as configured
2019-07-24 17:02:33,088|I|main|exiting Nexial...
2019-07-24 17:02:33,088|I|main|shutdown starts...
2019-07-24 17:02:33,088|I|main|Shutting down 'chrome' webdriver...
2019-07-24 17:02:36,867|I|main|shutdown ends...
2019-07-24 17:02:36,867|I|main|

/-END OF EXECUTION--------------------------------------------------------------
| » Execution Time: 23 sec.
| » Test Steps....: 7
| » Passed........: 5
| » Failed........: 2
| » Success Rate..: 71.43%
\----------------------------------------------------------nexial-core dev_0580-

2019-07-24 17:02:36,867|E|main|failure found; success rate is 71.43%
2019-07-24 17:02:36,867|I|main|End of Execution:
NEXIAL_OUTPUT:         C:\projects\WebAutomation\output\20190724_170208
NEXIAL_EXECUTION_HTML: C:\projects\WebAutomation\output\20190724_170208\execution-output.html
NEXIAL_JUNIT_XML:      C:\projects\WebAutomation\output\20190724_170208\junit.xml
NEXIAL_SUCCESS_RATE:   71.43%
NEXIAL_EXIT_STATUS:    -13
