2019-07-19 17:27:51,878|I|Thread-1|(DELAYED) nexial-core dev_0580 starting up...
2019-07-19 17:27:51,881|I|Thread-1|(DELAYED) data file resolved as C:\Users\SHAGUF~1.NIS\AppData\Local\Temp\PwAQq\DemoProject.data.xlsx
2019-07-19 17:27:51,882|I|Thread-1|(DELAYED) input files and output directory resolved...
2019-07-19 17:27:51,882|I|Thread-1|(DELAYED) No predefined nexial-setup found
2019-07-19 17:27:51,882|I|Thread-1|(DELAYED) [20190719_172751] [C:\projects\DemoProject\artifact\script\DemoProject.xlsx] resolve RUN ID as 20190719_172751
2019-07-19 17:27:51,882|I|Thread-1|(DELAYED) [20190719_172751] [C:\projects\DemoProject\artifact\script\DemoProject.xlsx] new thread started
2019-07-19 17:27:51,883|I|Thread-1|No predefined nexial-setup found
2019-07-19 17:27:51,965|I|Thread-1|outputBase not set; output-to-cloud DISABLED!
2019-07-19 17:27:51,965|I|Thread-1|accessKey not set; output-to-cloud DISABLED!
2019-07-19 17:27:51,966|I|Thread-1|secretKey not set; output-to-cloud DISABLED!
2019-07-19 17:27:51,995|I|Thread-1|missing REQUIRED configuration; sms DISABLED!
2019-07-19 17:27:52,832|I|Thread-1|[20190719_172751] executing C:\projects\DemoProject\artifact\script\DemoProject.xlsx with 1 iteration(s)
2019-07-19 17:27:52,840|I|Thread-1|[20190719_172751] create directory C:\projects\DemoProject\output\20190719_172751\captures
2019-07-19 17:27:52,844|I|Thread-1|[20190719_172751] create directory C:\projects\DemoProject\output\20190719_172751\logs
2019-07-19 17:27:53,612|I|Thread-1|[20190719_172751] merging test data to tmp file C:\projects\DemoProject\output\20190719_172751\DemoProject.20190719_172752.001.xlsx
2019-07-19 17:27:53,613|I|Thread-1|refetching data from C:\projects\DemoProject\artifact\data\DemoProject.data.xlsx
2019-07-19 17:27:53,924|I|Thread-1|[20190719_172751] test script and test data merged to C:\projects\DemoProject\output\20190719_172751\DemoProject.20190719_172752.001.xlsx
2019-07-19 17:27:54,700|I|Thread-1|STARTS
2019-07-19 17:27:54,728|I|Thread-1|DemoProject.20190719_172752.001 - executing iteration #1 of 1; Iteration Id 1
2019-07-19 17:27:54,738|I|Thread-1|DemoProject.20190719_172752.001|Scenario (2) - executing test scenario
2019-07-19 17:27:54,741|I|Thread-1|DemoProject.20190719_172752.001|Scenario (2)|Activity 1 - executing activity
2019-07-19 17:27:55,344|I|Thread-1|DemoProject.20190719_172752.001|Scenario (2)|Activity 1|#  5|base.save(var,value) - executing save(var,value)(a, $(syspath|project|fullpath)/artifact/data/abc.txt)
2019-07-19 17:27:55,408|I|Thread-1|DemoProject.20190719_172752.001|Scenario (2)|Activity 1|#  5|base.save(var,value) - PASS stored 'C:\projects\DemoProject\artifact\data\abc.txt' as ${a}
2019-07-19 17:27:56,009|I|Thread-1|DemoProject.20190719_172752.001|Scenario (2)|Activity 1|#  6|io.makeDirectory(source) - executing makeDirectory(source)(a)
2019-07-19 17:27:56,016|I|Thread-1|DemoProject.20190719_172752.001|Scenario (2)|Activity 1|#  6|io.makeDirectory(source) - PASS make directory complete on 'a'
2019-07-19 17:27:56,627|I|Thread-1|DemoProject.20190719_172752.001|Scenario (2)|Activity 1|#  7|io.readFile(var,file) - executing readFile(var,file)(b, $(syspath|project|fullpath)/artifact/data/abc.txt)
2019-07-19 17:27:56,654|I|Thread-1|DemoProject.20190719_172752.001|Scenario (2)|Activity 1|#  7|io.readFile(var,file) - PASS Content read from 'C:\projects\DemoProject\artifact\data\abc.txt' to ${b}
2019-07-19 17:27:56,660|I|Thread-1|DemoProject.20190719_172752.001|Scenario (2)|Activity 2 - executing activity
2019-07-19 17:27:57,262|I|Thread-1|DemoProject.20190719_172752.001|Scenario (2)|Activity 2|#  8|base.save(var,value) - executing save(var,value)(nexial.textDelim, 	)
2019-07-19 17:27:57,451|I|Thread-1|DemoProject.20190719_172752.001|Scenario (2)|Activity 2|#  8|base.save(var,value) - PASS stored '	' as ${nexial.textDelim}
2019-07-19 17:27:58,053|I|Thread-1|DemoProject.20190719_172752.001|Scenario (2)|Activity 2|#  9|base.save(var,value) - executing save(var,value)(json file , $(syspath|data|fullpath)/example3.json)
2019-07-19 17:27:58,067|I|Thread-1|DemoProject.20190719_172752.001|Scenario (2)|Activity 2|#  9|base.save(var,value) - PASS stored 'C:\projects\DemoProject\artifact\data\example3.json' as ${json file }
2019-07-19 17:27:58,678|I|Thread-1|DemoProject.20190719_172752.001|Scenario (2)|Activity 2|# 10|base.save(var,value) - executing save(var,value)(jsonpaths , last_name => distinct ascending,email[REGEX:.+\(\.gov|\.us\)] => descending,[gender=Female] => count)
2019-07-19 17:27:58,685|I|Thread-1|DemoProject.20190719_172752.001|Scenario (2)|Activity 2|# 10|base.save(var,value) - PASS stored 'last_name => distinct ascending,email[REGEX:.+\(\.gov|\.us\)] => descending,[gender=Female] => count' as ${jsonpaths }
2019-07-19 17:27:59,290|I|Thread-1|DemoProject.20190719_172752.001|Scenario (2)|Activity 2|# 11|base.save(var,value) - executing save(var,value)(v, [JSON(${json file}) => select(${jsonpaths})])
2019-07-19 17:27:59,304|I|Thread-1|DemoProject.20190719_172752.001|Scenario (2)|Activity 2|# 11|base.save(var,value) - PASS stored '[JSON() => select()]' as ${v}
2019-07-19 17:27:59,920|I|Thread-1|DemoProject.20190719_172752.001|Scenario (2)|Activity 2|# 12|base.verbose(text) - executing verbose(text)(${v})
2019-07-19 17:27:59,928|I|Thread-1|DemoProject.20190719_172752.001|Scenario (2)|Activity 2|# 12|base.verbose(text) - [JSON() => select()]
2019-07-19 17:27:59,940|I|Thread-1|DemoProject.20190719_172752.001|Scenario (2)|Activity 2|# 12|base.verbose(text) - PASS 
2019-07-19 17:28:00,552|I|Thread-1|DemoProject.20190719_172752.001|Scenario (2)|Activity 2|# 13|base.verbose(text) - executing verbose(text)(${json file})
2019-07-19 17:28:00,556|I|Thread-1|DemoProject.20190719_172752.001|Scenario (2)|Activity 2|# 13|base.verbose(text) - 
2019-07-19 17:28:00,567|I|Thread-1|DemoProject.20190719_172752.001|Scenario (2)|Activity 2|# 13|base.verbose(text) - PASS 
2019-07-19 17:28:01,171|I|Thread-1|DemoProject.20190719_172752.001|Scenario (2)|Activity 2|# 14|base.verbose(text) - executing verbose(text)(${jsonpaths})
2019-07-19 17:28:01,176|I|Thread-1|DemoProject.20190719_172752.001|Scenario (2)|Activity 2|# 14|base.verbose(text) - 
2019-07-19 17:28:01,187|I|Thread-1|DemoProject.20190719_172752.001|Scenario (2)|Activity 2|# 14|base.verbose(text) - PASS 
2019-07-19 17:28:01,509|I|Thread-1|[DemoProject.20190719_172752.001|Scenario (2)] saving test scenario
2019-07-19 17:28:01,618|I|Thread-1|[20190719_172751] 
/-TEST COMPLETE-----------------------------------------------------------------
| Test Output:    C:\projects\DemoProject\output\20190719_172751\DemoProject.20190719_172752.001.xlsx
| Iteration:      1
\-------------------------------------------------------------------------------
» Execution Time: 6883 ms
» Test Steps:     10
» Error(s):       0



2019-07-19 17:28:13,699|I|Thread-1|[20190719_172751] 
/-TEST COMPLETE-----------------------------------------------------------------
| Test Script:    C:\projects\DemoProject\artifact\script\DemoProject.xlsx
\-------------------------------------------------------------------------------
» Execution Time: 22027 ms
» Iterations:     [1] total 1
» Test Steps:     10
» Passed:         10
» Error(s):       0
» Iteration 1 of 1: C:\projects\DemoProject\output\20190719_172751\DemoProject.20190719_172752.001.xlsx



2019-07-19 17:28:14,615|I|main|[20190719_172751] [C:\projects\DemoProject\artifact\script\DemoProject.xlsx] now completed
2019-07-19 17:28:14,618|I|main|[20190719_172751] all execution thread(s) have terminated
2019-07-19 17:28:14,621|I|main|[20190719_172751] test run completed in about 23 seconds
2019-07-19 17:28:14,734|I|main|No predefined nexial-setup found
2019-07-19 17:28:14,774|I|main|outputBase not set; output-to-cloud DISABLED!
2019-07-19 17:28:14,775|I|main|accessKey not set; output-to-cloud DISABLED!
2019-07-19 17:28:14,776|I|main|secretKey not set; output-to-cloud DISABLED!
2019-07-19 17:28:14,777|I|main|generating HTML output for this execution to C:\projects\DemoProject\output\20190719_172751\execution-output.html
2019-07-19 17:28:15,409|I|main|generating JUnit XML output for this execution to C:\projects\DemoProject\output\20190719_172751\junit.xml
2019-07-19 17:28:15,457|I|main|generated JUnit report for this execution: C:\projects\DemoProject\output\20190719_172751\junit.xml
2019-07-19 17:28:15,478|I|main|nexial mailer not enabled: nexial.enableEmail=false
2019-07-19 17:28:15,480|I|main|skipped email notification as configured
2019-07-19 17:28:15,489|I|main|exiting Nexial...
2019-07-19 17:28:15,495|I|main|

/-END OF EXECUTION--------------------------------------------------------------
| » Execution Time: 23 sec.
| » Test Steps....: 10
| » Passed........: 10
| » Failed........: 0
| » Success Rate..: 100.00%
\----------------------------------------------------------nexial-core dev_0580-

2019-07-19 17:28:15,496|I|main|ALL PASSED!
2019-07-19 17:28:15,498|I|main|End of Execution:
NEXIAL_OUTPUT:         C:\projects\DemoProject\output\20190719_172751
NEXIAL_EXECUTION_HTML: C:\projects\DemoProject\output\20190719_172751\execution-output.html
NEXIAL_JUNIT_XML:      C:\projects\DemoProject\output\20190719_172751\junit.xml
NEXIAL_SUCCESS_RATE:   100.00%
NEXIAL_EXIT_STATUS:    0
