2019-07-24 18:39:45,894|I|Thread-1|(DELAYED) nexial-core dev_0580 starting up...
2019-07-24 18:39:45,894|I|Thread-1|(DELAYED) data file resolved as C:\Users\SHAGUF~1.NIS\AppData\Local\Temp\Wjmud\WebAutomation.data.xlsx
2019-07-24 18:39:45,894|I|Thread-1|(DELAYED) input files and output directory resolved...
2019-07-24 18:39:45,894|I|Thread-1|(DELAYED) No predefined nexial-setup found
2019-07-24 18:39:45,894|I|Thread-1|(DELAYED) [20190724_183945] [C:\projects\WebAutomation\artifact\script\WebAutomation.xlsx] resolve RUN ID as 20190724_183945
2019-07-24 18:39:45,894|I|Thread-1|(DELAYED) [20190724_183945] [C:\projects\WebAutomation\artifact\script\WebAutomation.xlsx] new thread started
2019-07-24 18:39:45,894|I|Thread-1|No predefined nexial-setup found
2019-07-24 18:39:46,003|I|Thread-1|outputBase not set; output-to-cloud DISABLED!
2019-07-24 18:39:46,003|I|Thread-1|accessKey not set; output-to-cloud DISABLED!
2019-07-24 18:39:46,003|I|Thread-1|secretKey not set; output-to-cloud DISABLED!
2019-07-24 18:39:46,034|I|Thread-1|missing REQUIRED configuration; sms DISABLED!
2019-07-24 18:39:46,832|I|Thread-1|[20190724_183945] executing C:\projects\WebAutomation\artifact\script\WebAutomation.xlsx with 1 iteration(s)
2019-07-24 18:39:46,847|I|Thread-1|[20190724_183945] create directory C:\projects\WebAutomation\output\20190724_183945\captures
2019-07-24 18:39:46,847|I|Thread-1|[20190724_183945] create directory C:\projects\WebAutomation\output\20190724_183945\logs
2019-07-24 18:39:48,145|I|Thread-1|[20190724_183945] merging test data to tmp file C:\projects\WebAutomation\output\20190724_183945\WebAutomation.20190724_183946.001.xlsx
2019-07-24 18:39:48,145|I|Thread-1|refetching data from C:\projects\WebAutomation\artifact\data\WebAutomation.data.xlsx
2019-07-24 18:39:48,426|I|Thread-1|[20190724_183945] test script and test data merged to C:\projects\WebAutomation\output\20190724_183945\WebAutomation.20190724_183946.001.xlsx
2019-07-24 18:39:49,067|I|Thread-1|STARTS
2019-07-24 18:39:49,098|I|Thread-1|WebAutomation.20190724_183946.001 - executing iteration #1 of 1; Iteration Id 1
2019-07-24 18:39:49,098|I|Thread-1|WebAutomation.20190724_183946.001|S2 - executing test scenario
2019-07-24 18:39:49,098|I|Thread-1|WebAutomation.20190724_183946.001|S2|Activity 1 - executing activity
2019-07-24 18:39:49,708|I|Thread-1|WebAutomation.20190724_183946.001|S2|Activity 1|#  5|web.open(url) - executing open(url)(https://www.google.com/)
2019-07-24 18:39:49,708|I|Thread-1|No valid instance of webdriver, initializing...
2019-07-24 18:39:49,708|I|Thread-1|init chrome
2019-07-24 18:39:55,778|I|Thread-1|browser initialization completed for 'chrome'
2019-07-24 18:39:55,825|I|Thread-1|setting browser polling wait time to 800 ms
2019-07-24 18:39:55,840|I|Thread-1|setting browser page load timeout to 10000 ms
2019-07-24 18:39:58,117|I|Thread-1|current browser window handle:CDwindow-152A5B6829445848EBF58197BFA5FB18
2019-07-24 18:39:58,195|I|Thread-1|WebAutomation.20190724_183946.001|S2|Activity 1|#  5|web.open(url) - PASS opened URL https://www.google.com/
2019-07-24 18:39:58,808|I|Thread-1|WebAutomation.20190724_183946.001|S2|Activity 1|#  6|web.assertTitle(text) - executing assertTitle(text)(Google)
2019-07-24 18:39:58,824|I|Thread-1|WebAutomation.20190724_183946.001|S2|Activity 1|#  6|web.assertTitle(text) - PASS 
2019-07-24 18:39:59,425|I|Thread-1|WebAutomation.20190724_183946.001|S2|Activity 1|#  7|web.assertElementPresent( - executing assertElementPresent(locator)(//input[@name='q'])
2019-07-24 18:39:59,467|I|Thread-1|WebAutomation.20190724_183946.001|S2|Activity 1|#  7|web.assertElementPresent( - PASS EXPECTED element '//input[@name='q']' found
2019-07-24 18:40:00,080|I|Thread-1|WebAutomation.20190724_183946.001|S2|Activity 1|#  8|web.click(locator) - executing click(locator)(//a[@class='gb_e'])
2019-07-24 18:40:00,112|I|Thread-1|clicking '//a[@class='gb_e']'...
2019-07-24 18:40:00,159|I|Thread-1|click target via JS, @id=
2019-07-24 18:40:01,959|I|Thread-1|clicked -> true
2019-07-24 18:40:01,961|I|Thread-1|WebAutomation.20190724_183946.001|S2|Activity 1|#  8|web.click(locator) - PASS click via JS event
2019-07-24 18:40:02,562|I|Thread-1|WebAutomation.20190724_183946.001|S2|Activity 1|#  9|web.click(locator) - executing click(locator)(//a[@ga-event-action='sign in'])
2019-07-24 18:40:02,601|I|Thread-1|clicking '//a[@ga-event-action='sign in']'...
2019-07-24 18:40:02,626|I|Thread-1|click target via JS, @id=
2019-07-24 18:40:02,703|I|Thread-1|clicked -> true
2019-07-24 18:40:02,704|I|Thread-1|WebAutomation.20190724_183946.001|S2|Activity 1|#  9|web.click(locator) - PASS click via JS event
2019-07-24 18:40:03,307|I|Thread-1|WebAutomation.20190724_183946.001|S2|Activity 1|# 10|web.type(locator,value) - executing type(locator,value)(//input[@name='identifier']/input[@id='identifierId'], shagufta.nisar@atmecs.com)
2019-07-24 18:40:04,425|E|Thread-1|WebAutomation.20190724_183946.001|S2|Activity 1|# 10|web.type(locator,value) - FAIL EXECUTING COMMAND: web.type(locator,value)('//input[@name='identifier']/input[@id='identifierId']', 'shagufta.nisar@atmecs.com')
Specified element not found: no such element: Unable to locate element: {"method":"xpath","selector":"//input[@name='identifier']/input[@id='identifierId']"}   (Session info: chrome=75.0.3770.142)...
2019-07-24 18:40:05,032|I|Thread-1|WebAutomation.20190724_183946.001|S2|Activity 1|# 11|web.click(locator) - executing click(locator)(//span[@class='RveJvd snByac'])
2019-07-24 18:40:05,857|E|Thread-1|WebAutomation.20190724_183946.001|S2|Activity 1|# 11|web.click(locator) - FAIL No element via locator '//span[@class='RveJvd snByac']'
2019-07-24 18:40:06,222|I|Thread-1|[WebAutomation.20190724_183946.001|S2] saving test scenario
2019-07-24 18:40:06,394|I|Thread-1|[20190724_183945] 
/-TEST COMPLETE-----------------------------------------------------------------
| Test Output:    C:\projects\WebAutomation\output\20190724_183945\WebAutomation.20190724_183946.001.xlsx
| Iteration:      1
\-------------------------------------------------------------------------------
» Execution Time: 17296 ms
» Test Steps:     7
» Error(s):       2



2019-07-24 18:40:07,539|I|Thread-1|[20190724_183945] 
/-TEST COMPLETE-----------------------------------------------------------------
| Test Script:    C:\projects\WebAutomation\artifact\script\WebAutomation.xlsx
\-------------------------------------------------------------------------------
» Execution Time: 21824 ms
» Iterations:     [1] total 1
» Test Steps:     7
» Passed:         5
» Error(s):       2
» Iteration 1 of 1: C:\projects\WebAutomation\output\20190724_183945\WebAutomation.20190724_183946.001.xlsx



2019-07-24 18:40:07,861|I|main|[20190724_183945] [C:\projects\WebAutomation\artifact\script\WebAutomation.xlsx] now completed
2019-07-24 18:40:07,861|I|main|[20190724_183945] all execution thread(s) have terminated
2019-07-24 18:40:07,861|I|main|[20190724_183945] test run completed in about 22 seconds
2019-07-24 18:40:07,955|I|main|No predefined nexial-setup found
2019-07-24 18:40:08,001|I|main|outputBase not set; output-to-cloud DISABLED!
2019-07-24 18:40:08,001|I|main|accessKey not set; output-to-cloud DISABLED!
2019-07-24 18:40:08,001|I|main|secretKey not set; output-to-cloud DISABLED!
2019-07-24 18:40:08,001|I|main|generating HTML output for this execution to C:\projects\WebAutomation\output\20190724_183945\execution-output.html
2019-07-24 18:40:08,917|I|main|generating JUnit XML output for this execution to C:\projects\WebAutomation\output\20190724_183945\junit.xml
2019-07-24 18:40:08,970|I|main|generated JUnit report for this execution: C:\projects\WebAutomation\output\20190724_183945\junit.xml
2019-07-24 18:40:08,972|I|main|nexial mailer not enabled: nexial.enableEmail=false
2019-07-24 18:40:08,972|I|main|skipped email notification as configured
2019-07-24 18:40:08,976|I|main|exiting Nexial...
2019-07-24 18:40:08,978|I|main|shutdown starts...
2019-07-24 18:40:08,982|I|main|Shutting down 'chrome' webdriver...
2019-07-24 18:40:12,771|I|main|shutdown ends...
2019-07-24 18:40:12,771|I|main|

/-END OF EXECUTION--------------------------------------------------------------
| » Execution Time: 22 sec.
| » Test Steps....: 7
| » Passed........: 5
| » Failed........: 2
| » Success Rate..: 71.43%
\----------------------------------------------------------nexial-core dev_0580-

2019-07-24 18:40:12,771|E|main|failure found; success rate is 71.43%
2019-07-24 18:40:12,771|I|main|End of Execution:
NEXIAL_OUTPUT:         C:\projects\WebAutomation\output\20190724_183945
NEXIAL_EXECUTION_HTML: C:\projects\WebAutomation\output\20190724_183945\execution-output.html
NEXIAL_JUNIT_XML:      C:\projects\WebAutomation\output\20190724_183945\junit.xml
NEXIAL_SUCCESS_RATE:   71.43%
NEXIAL_EXIT_STATUS:    -13
