2019-07-24 16:22:15,460|I|Thread-1|(DELAYED) nexial-core dev_0580 starting up...
2019-07-24 16:22:15,463|I|Thread-1|(DELAYED) data file resolved as C:\Users\SHAGUF~1.NIS\AppData\Local\Temp\MzXKu\WebAutomation.data.xlsx
2019-07-24 16:22:15,463|I|Thread-1|(DELAYED) input files and output directory resolved...
2019-07-24 16:22:15,464|I|Thread-1|(DELAYED) No predefined nexial-setup found
2019-07-24 16:22:15,464|I|Thread-1|(DELAYED) [20190724_162215] [C:\projects\WebAutomation\artifact\script\WebAutomation.xlsx] resolve RUN ID as 20190724_162215
2019-07-24 16:22:15,464|I|Thread-1|(DELAYED) [20190724_162215] [C:\projects\WebAutomation\artifact\script\WebAutomation.xlsx] new thread started
2019-07-24 16:22:15,464|I|Thread-1|No predefined nexial-setup found
2019-07-24 16:22:15,548|I|Thread-1|outputBase not set; output-to-cloud DISABLED!
2019-07-24 16:22:15,549|I|Thread-1|accessKey not set; output-to-cloud DISABLED!
2019-07-24 16:22:15,550|I|Thread-1|secretKey not set; output-to-cloud DISABLED!
2019-07-24 16:22:15,580|I|Thread-1|missing REQUIRED configuration; sms DISABLED!
2019-07-24 16:22:16,361|I|Thread-1|[20190724_162215] executing C:\projects\WebAutomation\artifact\script\WebAutomation.xlsx with 1 iteration(s)
2019-07-24 16:22:16,371|I|Thread-1|[20190724_162215] create directory C:\projects\WebAutomation\output\20190724_162215\captures
2019-07-24 16:22:16,372|I|Thread-1|[20190724_162215] create directory C:\projects\WebAutomation\output\20190724_162215\logs
2019-07-24 16:22:17,842|I|Thread-1|[20190724_162215] merging test data to tmp file C:\projects\WebAutomation\output\20190724_162215\WebAutomation.20190724_162216.001.xlsx
2019-07-24 16:22:17,844|I|Thread-1|refetching data from C:\projects\WebAutomation\artifact\data\WebAutomation.data.xlsx
2019-07-24 16:22:18,097|I|Thread-1|[20190724_162215] test script and test data merged to C:\projects\WebAutomation\output\20190724_162215\WebAutomation.20190724_162216.001.xlsx
2019-07-24 16:22:18,687|I|Thread-1|STARTS
2019-07-24 16:22:18,704|I|Thread-1|WebAutomation.20190724_162216.001 - executing iteration #1 of 1; Iteration Id 1
2019-07-24 16:22:18,711|I|Thread-1|WebAutomation.20190724_162216.001|S2 - executing test scenario
2019-07-24 16:22:18,713|I|Thread-1|WebAutomation.20190724_162216.001|S2|Activity 1 - executing activity
2019-07-24 16:22:19,316|I|Thread-1|WebAutomation.20190724_162216.001|S2|Activity 1|#  5|web.open(url) - executing open(url)(https://www.google.com/)
2019-07-24 16:22:19,319|I|Thread-1|No valid instance of webdriver, initializing...
2019-07-24 16:22:19,322|I|Thread-1|init chrome
2019-07-24 16:22:25,243|I|Thread-1|browser initialization completed for 'chrome'
2019-07-24 16:22:25,268|I|Thread-1|setting browser polling wait time to 800 ms
2019-07-24 16:22:25,283|I|Thread-1|setting browser page load timeout to 10000 ms
2019-07-24 16:22:27,197|I|Thread-1|current browser window handle:CDwindow-40AF4838661FD5745CA4B79F9234CEF2
2019-07-24 16:22:27,237|I|Thread-1|WebAutomation.20190724_162216.001|S2|Activity 1|#  5|web.open(url) - PASS opened URL https://www.google.com/
2019-07-24 16:22:27,840|I|Thread-1|WebAutomation.20190724_162216.001|S2|Activity 1|#  6|web.assertTitle(text) - executing assertTitle(text)(Google)
2019-07-24 16:22:27,867|I|Thread-1|WebAutomation.20190724_162216.001|S2|Activity 1|#  6|web.assertTitle(text) - PASS 
2019-07-24 16:22:28,470|I|Thread-1|WebAutomation.20190724_162216.001|S2|Activity 1|#  7|web.assertElementPresent( - executing assertElementPresent(locator)(//input[@name='q'])
2019-07-24 16:22:28,511|I|Thread-1|WebAutomation.20190724_162216.001|S2|Activity 1|#  7|web.assertElementPresent( - PASS EXPECTED element '//input[@name='q']' found
2019-07-24 16:22:29,113|I|Thread-1|WebAutomation.20190724_162216.001|S2|Activity 1|#  8|web.click(locator) - executing click(locator)(//a[@class='gb_e'])
2019-07-24 16:22:29,153|I|Thread-1|clicking '//a[@class='gb_e']'...
2019-07-24 16:22:29,191|I|Thread-1|click target via JS, @id=
2019-07-24 16:22:31,022|I|Thread-1|clicked -> true
2019-07-24 16:22:31,023|I|Thread-1|WebAutomation.20190724_162216.001|S2|Activity 1|#  8|web.click(locator) - PASS click via JS event
2019-07-24 16:22:31,627|I|Thread-1|WebAutomation.20190724_162216.001|S2|Activity 1|#  9|web.click(locator) - executing click(locator)(//input[@value='Google Search'])
2019-07-24 16:22:32,786|E|Thread-1|WebAutomation.20190724_162216.001|S2|Activity 1|#  9|web.click(locator) - FAIL No element via locator '//input[@value='Google Search']'
2019-07-24 16:22:33,016|I|Thread-1|[WebAutomation.20190724_162216.001|S2] saving test scenario
2019-07-24 16:22:33,165|I|Thread-1|[20190724_162215] 
/-TEST COMPLETE-----------------------------------------------------------------
| Test Output:    C:\projects\WebAutomation\output\20190724_162215\WebAutomation.20190724_162216.001.xlsx
| Iteration:      1
\-------------------------------------------------------------------------------
» Execution Time: 14453 ms
» Test Steps:     5
» Error(s):       1



2019-07-24 16:22:34,372|I|Thread-1|[20190724_162215] 
/-TEST COMPLETE-----------------------------------------------------------------
| Test Script:    C:\projects\WebAutomation\artifact\script\WebAutomation.xlsx
\-------------------------------------------------------------------------------
» Execution Time: 19100 ms
» Iterations:     [1] total 1
» Test Steps:     5
» Passed:         4
» Error(s):       1
» Iteration 1 of 1: C:\projects\WebAutomation\output\20190724_162215\WebAutomation.20190724_162216.001.xlsx



2019-07-24 16:22:35,247|I|main|[20190724_162215] [C:\projects\WebAutomation\artifact\script\WebAutomation.xlsx] now completed
2019-07-24 16:22:35,247|I|main|[20190724_162215] all execution thread(s) have terminated
2019-07-24 16:22:35,247|I|main|[20190724_162215] test run completed in about 20 seconds
2019-07-24 16:22:35,340|I|main|No predefined nexial-setup found
2019-07-24 16:22:35,372|I|main|outputBase not set; output-to-cloud DISABLED!
2019-07-24 16:22:35,372|I|main|accessKey not set; output-to-cloud DISABLED!
2019-07-24 16:22:35,372|I|main|secretKey not set; output-to-cloud DISABLED!
2019-07-24 16:22:35,372|I|main|generating HTML output for this execution to C:\projects\WebAutomation\output\20190724_162215\execution-output.html
2019-07-24 16:22:36,227|I|main|generating JUnit XML output for this execution to C:\projects\WebAutomation\output\20190724_162215\junit.xml
2019-07-24 16:22:36,274|I|main|generated JUnit report for this execution: C:\projects\WebAutomation\output\20190724_162215\junit.xml
2019-07-24 16:22:36,274|I|main|nexial mailer not enabled: nexial.enableEmail=false
2019-07-24 16:22:36,274|I|main|skipped email notification as configured
2019-07-24 16:22:36,274|I|main|exiting Nexial...
2019-07-24 16:22:36,274|I|main|shutdown starts...
2019-07-24 16:22:36,290|I|main|Shutting down 'chrome' webdriver...
2019-07-24 16:22:44,260|I|main|shutdown ends...
2019-07-24 16:22:44,265|I|main|

/-END OF EXECUTION--------------------------------------------------------------
| » Execution Time: 20 sec.
| » Test Steps....: 5
| » Passed........: 4
| » Failed........: 1
| » Success Rate..: 80.00%
\----------------------------------------------------------nexial-core dev_0580-

2019-07-24 16:22:44,267|E|main|failure found; success rate is 80.00%
2019-07-24 16:22:44,276|I|main|End of Execution:
NEXIAL_OUTPUT:         C:\projects\WebAutomation\output\20190724_162215
NEXIAL_EXECUTION_HTML: C:\projects\WebAutomation\output\20190724_162215\execution-output.html
NEXIAL_JUNIT_XML:      C:\projects\WebAutomation\output\20190724_162215\junit.xml
NEXIAL_SUCCESS_RATE:   80.00%
NEXIAL_EXIT_STATUS:    -13
