2019-07-19 14:35:42,556|I|Thread-1|(DELAYED) nexial-core dev_0580 starting up...
2019-07-19 14:35:42,561|I|Thread-1|(DELAYED) data file resolved as C:\Users\SHAGUF~1.NIS\AppData\Local\Temp\mKPFz\DemoProject.data.xlsx
2019-07-19 14:35:42,561|I|Thread-1|(DELAYED) input files and output directory resolved...
2019-07-19 14:35:42,561|I|Thread-1|(DELAYED) No predefined nexial-setup found
2019-07-19 14:35:42,561|I|Thread-1|(DELAYED) [20190719_143542] [C:\projects\DemoProject\artifact\script\DemoProject.xlsx] resolve RUN ID as 20190719_143542
2019-07-19 14:35:42,561|I|Thread-1|(DELAYED) [20190719_143542] [C:\projects\DemoProject\artifact\script\DemoProject.xlsx] new thread started
2019-07-19 14:35:42,562|I|Thread-1|No predefined nexial-setup found
2019-07-19 14:35:42,647|I|Thread-1|outputBase not set; output-to-cloud DISABLED!
2019-07-19 14:35:42,647|I|Thread-1|accessKey not set; output-to-cloud DISABLED!
2019-07-19 14:35:42,648|I|Thread-1|secretKey not set; output-to-cloud DISABLED!
2019-07-19 14:35:42,673|I|Thread-1|missing REQUIRED configuration; sms DISABLED!
2019-07-19 14:35:43,468|I|Thread-1|[20190719_143542] executing C:\projects\DemoProject\artifact\script\DemoProject.xlsx with 1 iteration(s)
2019-07-19 14:35:43,474|I|Thread-1|[20190719_143542] create directory C:\projects\DemoProject\output\20190719_143542\captures
2019-07-19 14:35:43,476|I|Thread-1|[20190719_143542] create directory C:\projects\DemoProject\output\20190719_143542\logs
2019-07-19 14:35:56,656|I|Thread-1|[20190719_143542] merging test data to tmp file C:\projects\DemoProject\output\20190719_143542\DemoProject.20190719_143543.001.xlsx
2019-07-19 14:35:56,656|I|Thread-1|refetching data from C:\projects\DemoProject\artifact\data\DemoProject.data.xlsx
2019-07-19 14:35:57,613|I|Thread-1|[20190719_143542] test script and test data merged to C:\projects\DemoProject\output\20190719_143542\DemoProject.20190719_143543.001.xlsx
2019-07-19 14:36:09,019|I|Thread-1|STARTS
2019-07-19 14:36:09,034|I|Thread-1|DemoProject.20190719_143543.001 - executing iteration #1 of 1; Iteration Id 1
2019-07-19 14:36:09,040|I|Thread-1|DemoProject.20190719_143543.001|Scenario - executing test scenario
2019-07-19 14:36:09,041|I|Thread-1|DemoProject.20190719_143543.001|Scenario|Activity 1 - executing activity
2019-07-19 14:36:09,643|I|Thread-1|DemoProject.20190719_143543.001|Scenario|Activity 1|#  5|base.verbose(text) - executing verbose(text)(Hello World! It's now $(sysdate|now|yyyy-MM-dd HH:mm:ss.S))
2019-07-19 14:36:09,745|I|Thread-1|DemoProject.20190719_143543.001|Scenario|Activity 1|#  5|base.verbose(text) - Hello World! It's now 2019-07-19 14:36:09.659
2019-07-19 14:36:09,917|I|Thread-1|DemoProject.20190719_143543.001|Scenario|Activity 1|#  5|base.verbose(text) - PASS 
2019-07-19 14:36:10,010|I|Thread-1|[DemoProject.20190719_143543.001|Scenario] saving test scenario
2019-07-19 14:36:10,313|I|Thread-1|[20190719_143542] 
/-TEST COMPLETE-----------------------------------------------------------------
| Test Output:    C:\projects\DemoProject\output\20190719_143542\DemoProject.20190719_143543.001.xlsx
| Iteration:      1
\-------------------------------------------------------------------------------
» Execution Time: 1237 ms
» Test Steps:     1
» Error(s):       0



2019-07-19 14:40:28,219|I|Thread-1|[20190719_143542] 
/-TEST COMPLETE-----------------------------------------------------------------
| Test Script:    C:\projects\DemoProject\artifact\script\DemoProject.xlsx
\-------------------------------------------------------------------------------
» Execution Time: 285879 ms
» Iterations:     [1] total 1
» Test Steps:     1
» Passed:         1
» Error(s):       0
» Iteration 1 of 1: C:\projects\DemoProject\output\20190719_143542\DemoProject.20190719_143543.001.xlsx



2019-07-19 14:40:28,393|I|main|[20190719_143542] [C:\projects\DemoProject\artifact\script\DemoProject.xlsx] now completed
2019-07-19 14:40:28,395|I|main|[20190719_143542] all execution thread(s) have terminated
2019-07-19 14:40:28,396|I|main|[20190719_143542] test run completed in about 286 seconds
2019-07-19 14:40:28,532|I|main|No predefined nexial-setup found
2019-07-19 14:40:28,566|I|main|outputBase not set; output-to-cloud DISABLED!
2019-07-19 14:40:28,566|I|main|accessKey not set; output-to-cloud DISABLED!
2019-07-19 14:40:28,567|I|main|secretKey not set; output-to-cloud DISABLED!
2019-07-19 14:40:28,567|I|main|generating HTML output for this execution to C:\projects\DemoProject\output\20190719_143542\execution-output.html
2019-07-19 14:40:29,315|I|main|generating JUnit XML output for this execution to C:\projects\DemoProject\output\20190719_143542\junit.xml
2019-07-19 14:40:29,368|I|main|generated JUnit report for this execution: C:\projects\DemoProject\output\20190719_143542\junit.xml
2019-07-19 14:40:29,382|I|main|nexial mailer not enabled: nexial.enableEmail=false
2019-07-19 14:40:29,383|I|main|skipped email notification as configured
2019-07-19 14:40:29,385|I|main|exiting Nexial...
2019-07-19 14:40:29,387|I|main|

/-END OF EXECUTION--------------------------------------------------------------
| » Execution Time: 286 sec.
| » Test Steps....: 1
| » Passed........: 1
| » Failed........: 0
| » Success Rate..: 100.00%
\----------------------------------------------------------nexial-core dev_0580-

2019-07-19 14:40:29,387|I|main|ALL PASSED!
2019-07-19 14:40:29,388|I|main|End of Execution:
NEXIAL_OUTPUT:         C:\projects\DemoProject\output\20190719_143542
NEXIAL_EXECUTION_HTML: C:\projects\DemoProject\output\20190719_143542\execution-output.html
NEXIAL_JUNIT_XML:      C:\projects\DemoProject\output\20190719_143542\junit.xml
NEXIAL_SUCCESS_RATE:   100.00%
NEXIAL_EXIT_STATUS:    0
